<?xml version="1.0" ?>
<coverage version="7.13.4" timestamp="1772430096687" lines-valid="6372" lines-covered="155" line-rate="0.02433" branches-valid="1492" branches-covered="31" branch-rate="0.02078" complexity="0">
	<!-- Generated by coverage.py: https://coverage.readthedocs.io/en/7.13.4 -->
	<!-- Based on https://raw.githubusercontent.com/cobertura/web/master/htdocs/xml/coverage-04.dtd -->
	<sources>
		<source>/home/runner/work/Antigravitys/Antigravitys/backend</source>
		<source>/home/runner/work/Antigravitys/Antigravitys/src</source>
	</sources>
	<packages>
		<package name="." line-rate="0.04222" branch-rate="0.03964" complexity="0">
			<classes>
				<class name="agent.py" filename="agent.py" complexity="0" line-rate="0" branch-rate="0">
					<methods/>
					<lines>
						<line number="1" hits="0"/>
						<line number="2" hits="0"/>
						<line number="3" hits="0"/>
						<line number="4" hits="0"/>
						<line number="5" hits="0"/>
						<line number="6" hits="0"/>
						<line number="7" hits="0"/>
						<line number="9" hits="0"/>
						<line number="10" hits="0"/>
						<line number="12" hits="0"/>
						<line number="13" hits="0"/>
						<line number="14" hits="0"/>
						<line number="15" hits="0"/>
						<line number="16" hits="0"/>
						<line number="19" hits="0"/>
						<line number="32" hits="0"/>
						<line number="33" hits="0"/>
						<line number="34" hits="0"/>
						<line number="35" hits="0"/>
						<line number="36" hits="0"/>
						<line number="37" hits="0"/>
						<line number="42" hits="0" branch="true" condition-coverage="0% (0/2)" missing-branches="43,46"/>
						<line number="43" hits="0"/>
						<line number="44" hits="0"/>
						<line number="46" hits="0"/>
						<line number="47" hits="0"/>
						<line number="50" hits="0"/>
						<line number="53" hits="0"/>
						<line number="56" hits="0" branch="true" condition-coverage="0% (0/2)" missing-branches="57,59"/>
						<line number="57" hits="0"/>
						<line number="59" hits="0"/>
						<line number="61" hits="0"/>
						<line number="63" hits="0"/>
						<line number="65" hits="0" branch="true" condition-coverage="0% (0/2)" missing-branches="66,69"/>
						<line number="66" hits="0"/>
						<line number="67" hits="0"/>
						<line number="69" hits="0"/>
						<line number="71" hits="0" branch="true" condition-coverage="0% (0/2)" missing-branches="72,82"/>
						<line number="72" hits="0"/>
						<line number="73" hits="0"/>
						<line number="74" hits="0"/>
						<line number="75" hits="0"/>
						<line number="79" hits="0"/>
						<line number="80" hits="0"/>
						<line number="82" hits="0"/>
						<line number="84" hits="0"/>
						<line number="86" hits="0"/>
						<line number="88" hits="0" branch="true" condition-coverage="0% (0/2)" missing-branches="89,93"/>
						<line number="89" hits="0"/>
						<line number="90" hits="0"/>
						<line number="93" hits="0"/>
						<line number="95" hits="0" branch="true" condition-coverage="0% (0/2)" missing-branches="96,115"/>
						<line number="96" hits="0" branch="true" condition-coverage="0% (0/2)" missing-branches="97,99"/>
						<line number="97" hits="0"/>
						<line number="99" hits="0"/>
						<line number="101" hits="0"/>
						<line number="102" hits="0"/>
						<line number="105" hits="0" branch="true" condition-coverage="0% (0/2)" missing-branches="95,106"/>
						<line number="106" hits="0" branch="true" condition-coverage="0% (0/2)" missing-branches="105,110"/>
						<line number="110" hits="0"/>
						<line number="112" hits="0"/>
						<line number="113" hits="0"/>
						<line number="115" hits="0"/>
						<line number="117" hits="0"/>
						<line number="119" hits="0"/>
						<line number="120" hits="0"/>
						<line number="122" hits="0"/>
						<line number="124" hits="0" branch="true" condition-coverage="0% (0/2)" missing-branches="125,128"/>
						<line number="125" hits="0"/>
						<line number="126" hits="0"/>
						<line number="128" hits="0"/>
						<line number="130" hits="0"/>
						<line number="131" hits="0"/>
						<line number="133" hits="0"/>
						<line number="135" hits="0"/>
						<line number="138" hits="0" branch="true" condition-coverage="0% (0/2)" missing-branches="139,146"/>
						<line number="139" hits="0"/>
						<line number="140" hits="0" branch="true" condition-coverage="0% (0/2)" missing-branches="141,146"/>
						<line number="141" hits="0"/>
						<line number="142" hits="0"/>
						<line number="143" hits="0"/>
						<line number="146" hits="0" branch="true" condition-coverage="0% (0/2)" missing-branches="147,158"/>
						<line number="147" hits="0"/>
						<line number="149" hits="0" branch="true" condition-coverage="0% (0/2)" missing-branches="150,153"/>
						<line number="150" hits="0"/>
						<line number="151" hits="0"/>
						<line number="153" hits="0" branch="true" condition-coverage="0% (0/2)" missing-branches="154,158"/>
						<line number="154" hits="0"/>
						<line number="155" hits="0"/>
						<line number="158" hits="0"/>
						<line number="159" hits="0"/>
						<line number="160" hits="0"/>
						<line number="161" hits="0"/>
						<line number="162" hits="0"/>
						<line number="163" hits="0"/>
						<line number="165" hits="0"/>
						<line number="167" hits="0"/>
						<line number="174" hits="0"/>
						<line number="176" hits="0" branch="true" condition-coverage="0% (0/2)" missing-branches="177,180"/>
						<line number="177" hits="0"/>
						<line number="180" hits="0"/>
						<line number="183" hits="0"/>
						<line number="184" hits="0" branch="true" condition-coverage="0% (0/2)" missing-branches="185,189"/>
						<line number="185" hits="0"/>
						<line number="186" hits="0"/>
						<line number="189" hits="0"/>
						<line number="192" hits="0"/>
						<line number="193" hits="0"/>
						<line number="195" hits="0"/>
						<line number="221" hits="0"/>
						<line number="223" hits="0"/>
						<line number="235" hits="0"/>
						<line number="236" hits="0" branch="true" condition-coverage="0% (0/2)" missing-branches="237,244"/>
						<line number="237" hits="0"/>
						<line number="238" hits="0"/>
						<line number="239" hits="0"/>
						<line number="240" hits="0"/>
						<line number="244" hits="0"/>
						<line number="245" hits="0" branch="true" condition-coverage="0% (0/2)" missing-branches="246,260"/>
						<line number="246" hits="0"/>
						<line number="247" hits="0"/>
						<line number="250" hits="0"/>
						<line number="251" hits="0" branch="true" condition-coverage="0% (0/2)" missing-branches="253,258"/>
						<line number="253" hits="0" branch="true" condition-coverage="0% (0/2)" missing-branches="254,258"/>
						<line number="254" hits="0" branch="true" condition-coverage="0% (0/2)" missing-branches="253,255"/>
						<line number="255" hits="0"/>
						<line number="256" hits="0"/>
						<line number="258" hits="0"/>
						<line number="260" hits="0"/>
						<line number="262" hits="0"/>
						<line number="272" hits="0"/>
						<line number="273" hits="0"/>
						<line number="276" hits="0"/>
						<line number="278" hits="0" branch="true" condition-coverage="0% (0/2)" missing-branches="279,281"/>
						<line number="279" hits="0"/>
						<line number="281" hits="0"/>
						<line number="283" hits="0" branch="true" condition-coverage="0% (0/2)" missing-branches="284,286"/>
						<line number="284" hits="0"/>
						<line number="286" hits="0"/>
						<line number="288" hits="0"/>
						<line number="290" hits="0"/>
						<line number="291" hits="0"/>
						<line number="293" hits="0"/>
						<line number="297" hits="0"/>
						<line number="298" hits="0"/>
						<line number="299" hits="0"/>
						<line number="301" hits="0"/>
						<line number="319" hits="0"/>
						<line number="322" hits="0"/>
						<line number="325" hits="0"/>
						<line number="328" hits="0"/>
						<line number="335" hits="0" branch="true" condition-coverage="0% (0/2)" missing-branches="337,340"/>
						<line number="337" hits="0"/>
						<line number="340" hits="0"/>
						<line number="352" hits="0"/>
						<line number="355" hits="0"/>
						<line number="357" hits="0" branch="true" condition-coverage="0% (0/2)" missing-branches="358,366"/>
						<line number="358" hits="0"/>
						<line number="359" hits="0"/>
						<line number="363" hits="0"/>
						<line number="366" hits="0"/>
						<line number="368" hits="0"/>
						<line number="370" hits="0"/>
						<line number="376" hits="0"/>
						<line number="379" hits="0" branch="true" condition-coverage="0% (0/2)" missing-branches="380,387"/>
						<line number="380" hits="0"/>
						<line number="387" hits="0"/>
						<line number="389" hits="0"/>
						<line number="395" hits="0"/>
						<line number="396" hits="0"/>
						<line number="397" hits="0"/>
						<line number="399" hits="0"/>
						<line number="401" hits="0"/>
						<line number="402" hits="0"/>
						<line number="404" hits="0"/>
						<line number="405" hits="0"/>
						<line number="409" hits="0"/>
						<line number="411" hits="0"/>
						<line number="412" hits="0"/>
						<line number="413" hits="0"/>
						<line number="415" hits="0"/>
						<line number="418" hits="0"/>
						<line number="419" hits="0"/>
					</lines>
				</class>
				<class name="artifact_manager.py" filename="artifact_manager.py" complexity="0" line-rate="0" branch-rate="0">
					<methods/>
					<lines>
						<line number="7" hits="0"/>
						<line number="8" hits="0"/>
						<line number="9" hits="0"/>
						<line number="10" hits="0"/>
						<line number="11" hits="0"/>
						<line number="12" hits="0"/>
						<line number="13" hits="0"/>
						<line number="14" hits="0"/>
						<line number="16" hits="0"/>
						<line number="19" hits="0"/>
						<line number="23" hits="0"/>
						<line number="33" hits="0"/>
						<line number="34" hits="0"/>
						<line number="36" hits="0"/>
						<line number="43" hits="0"/>
						<line number="44" hits="0"/>
						<line number="45" hits="0"/>
						<line number="46" hits="0"/>
						<line number="48" hits="0"/>
						<line number="50" hits="0"/>
						<line number="52" hits="0"/>
						<line number="55" hits="0" branch="true" condition-coverage="0% (0/2)" missing-branches="56,60"/>
						<line number="56" hits="0"/>
						<line number="57" hits="0"/>
						<line number="60" hits="0" branch="true" condition-coverage="0% (0/2)" missing-branches="61,64"/>
						<line number="61" hits="0"/>
						<line number="62" hits="0"/>
						<line number="64" hits="0"/>
						<line number="66" hits="0"/>
						<line number="67" hits="0"/>
						<line number="68" hits="0"/>
						<line number="70" hits="0"/>
						<line number="72" hits="0"/>
						<line number="73" hits="0" branch="true" condition-coverage="0% (0/2)" missing-branches="74,76"/>
						<line number="74" hits="0"/>
						<line number="75" hits="0"/>
						<line number="76" hits="0"/>
						<line number="77" hits="0"/>
						<line number="78" hits="0"/>
						<line number="79" hits="0"/>
						<line number="81" hits="0"/>
						<line number="83" hits="0"/>
						<line number="84" hits="0"/>
						<line number="85" hits="0"/>
						<line number="86" hits="0"/>
						<line number="87" hits="0"/>
						<line number="88" hits="0"/>
						<line number="90" hits="0"/>
						<line number="101" hits="0"/>
						<line number="102" hits="0" branch="true" condition-coverage="0% (0/2)" missing-branches="103,105"/>
						<line number="103" hits="0"/>
						<line number="105" hits="0"/>
						<line number="107" hits="0" branch="true" condition-coverage="0% (0/2)" missing-branches="108,111"/>
						<line number="108" hits="0" branch="true" condition-coverage="0% (0/2)" missing-branches="107,109"/>
						<line number="109" hits="0"/>
						<line number="111" hits="0"/>
						<line number="113" hits="0"/>
						<line number="125" hits="0"/>
						<line number="126" hits="0"/>
						<line number="127" hits="0"/>
						<line number="129" hits="0"/>
						<line number="157" hits="0"/>
						<line number="158" hits="0" branch="true" condition-coverage="0% (0/2)" missing-branches="159,165"/>
						<line number="159" hits="0"/>
						<line number="165" hits="0"/>
						<line number="166" hits="0" branch="true" condition-coverage="0% (0/2)" missing-branches="167,173"/>
						<line number="167" hits="0"/>
						<line number="173" hits="0" branch="true" condition-coverage="0% (0/2)" missing-branches="174,177"/>
						<line number="174" hits="0"/>
						<line number="177" hits="0"/>
						<line number="178" hits="0"/>
						<line number="180" hits="0"/>
						<line number="182" hits="0"/>
						<line number="185" hits="0"/>
						<line number="186" hits="0"/>
						<line number="189" hits="0"/>
						<line number="192" hits="0"/>
						<line number="206" hits="0"/>
						<line number="207" hits="0"/>
						<line number="208" hits="0"/>
						<line number="210" hits="0"/>
						<line number="215" hits="0"/>
						<line number="217" hits="0"/>
						<line number="218" hits="0"/>
						<line number="220" hits="0" branch="true" condition-coverage="0% (0/2)" missing-branches="221,222"/>
						<line number="221" hits="0"/>
						<line number="222" hits="0"/>
						<line number="224" hits="0"/>
						<line number="234" hits="0"/>
						<line number="235" hits="0"/>
						<line number="237" hits="0" branch="true" condition-coverage="0% (0/2)" missing-branches="238,242"/>
						<line number="238" hits="0"/>
						<line number="239" hits="0"/>
						<line number="242" hits="0"/>
						<line number="243" hits="0" branch="true" condition-coverage="0% (0/2)" missing-branches="244,247"/>
						<line number="244" hits="0"/>
						<line number="245" hits="0"/>
						<line number="247" hits="0"/>
						<line number="249" hits="0"/>
						<line number="259" hits="0"/>
						<line number="260" hits="0" branch="true" condition-coverage="0% (0/2)" missing-branches="261,263"/>
						<line number="261" hits="0"/>
						<line number="263" hits="0"/>
						<line number="264" hits="0"/>
						<line number="265" hits="0"/>
						<line number="266" hits="0"/>
						<line number="267" hits="0"/>
						<line number="268" hits="0"/>
						<line number="269" hits="0"/>
						<line number="271" hits="0"/>
						<line number="290" hits="0"/>
						<line number="291" hits="0"/>
						<line number="294" hits="0" branch="true" condition-coverage="0% (0/2)" missing-branches="295,297"/>
						<line number="295" hits="0"/>
						<line number="297" hits="0" branch="true" condition-coverage="0% (0/2)" missing-branches="298,301"/>
						<line number="298" hits="0"/>
						<line number="301" hits="0"/>
						<line number="304" hits="0"/>
						<line number="305" hits="0"/>
						<line number="307" hits="0"/>
						<line number="308" hits="0"/>
						<line number="310" hits="0"/>
						<line number="320" hits="0"/>
						<line number="321" hits="0" branch="true" condition-coverage="0% (0/2)" missing-branches="322,324"/>
						<line number="322" hits="0"/>
						<line number="324" hits="0"/>
						<line number="326" hits="0"/>
						<line number="327" hits="0" branch="true" condition-coverage="0% (0/2)" missing-branches="328,331"/>
						<line number="328" hits="0"/>
						<line number="331" hits="0"/>
						<line number="332" hits="0"/>
						<line number="333" hits="0"/>
						<line number="335" hits="0"/>
						<line number="336" hits="0"/>
						<line number="338" hits="0"/>
						<line number="339" hits="0"/>
						<line number="340" hits="0"/>
						<line number="342" hits="0"/>
						<line number="352" hits="0"/>
						<line number="353" hits="0"/>
						<line number="355" hits="0"/>
						<line number="358" hits="0"/>
						<line number="365" hits="0"/>
						<line number="367" hits="0"/>
						<line number="368" hits="0"/>
						<line number="370" hits="0"/>
						<line number="377" hits="0"/>
						<line number="378" hits="0"/>
						<line number="380" hits="0"/>
						<line number="387" hits="0"/>
						<line number="388" hits="0"/>
						<line number="391" hits="0"/>
						<line number="392" hits="0"/>
						<line number="395" hits="0"/>
						<line number="396" hits="0" branch="true" condition-coverage="0% (0/2)" missing-branches="397,404"/>
						<line number="397" hits="0"/>
						<line number="398" hits="0" branch="true" condition-coverage="0% (0/2)" missing-branches="399,400"/>
						<line number="399" hits="0"/>
						<line number="400" hits="0"/>
						<line number="401" hits="0"/>
						<line number="404" hits="0"/>
						<line number="405" hits="0" branch="true" condition-coverage="0% (0/2)" missing-branches="406,411"/>
						<line number="406" hits="0"/>
						<line number="407" hits="0" branch="true" condition-coverage="0% (0/2)" missing-branches="408,409"/>
						<line number="408" hits="0"/>
						<line number="409" hits="0"/>
						<line number="411" hits="0"/>
						<line number="420" hits="0"/>
						<line number="430" hits="0"/>
						<line number="431" hits="0"/>
						<line number="432" hits="0"/>
						<line number="433" hits="0"/>
						<line number="435" hits="0"/>
						<line number="436" hits="0"/>
						<line number="442" hits="0"/>
						<line number="443" hits="0" branch="true" condition-coverage="0% (0/2)" missing-branches="444,447"/>
						<line number="444" hits="0" branch="true" condition-coverage="0% (0/2)" missing-branches="443,445"/>
						<line number="445" hits="0"/>
						<line number="447" hits="0"/>
						<line number="448" hits="0"/>
						<line number="450" hits="0"/>
						<line number="451" hits="0"/>
						<line number="452" hits="0"/>
						<line number="454" hits="0"/>
						<line number="465" hits="0"/>
						<line number="466" hits="0" branch="true" condition-coverage="0% (0/2)" missing-branches="467,469"/>
						<line number="467" hits="0"/>
						<line number="469" hits="0"/>
						<line number="471" hits="0"/>
						<line number="472" hits="0"/>
						<line number="473" hits="0" branch="true" condition-coverage="0% (0/2)" missing-branches="474,477"/>
						<line number="474" hits="0"/>
						<line number="477" hits="0" branch="true" condition-coverage="0% (0/2)" missing-branches="478,484"/>
						<line number="478" hits="0"/>
						<line number="479" hits="0"/>
						<line number="481" hits="0"/>
						<line number="484" hits="0" branch="true" condition-coverage="0% (0/2)" missing-branches="485,490"/>
						<line number="485" hits="0"/>
						<line number="486" hits="0"/>
						<line number="490" hits="0"/>
						<line number="492" hits="0"/>
						<line number="493" hits="0"/>
						<line number="494" hits="0"/>
					</lines>
				</class>
				<class name="autopilot.py" filename="autopilot.py" complexity="0" line-rate="0" branch-rate="0">
					<methods/>
					<lines>
						<line number="6" hits="0"/>
						<line number="7" hits="0"/>
						<line number="8" hits="0"/>
						<line number="9" hits="0"/>
						<line number="10" hits="0"/>
						<line number="11" hits="0"/>
						<line number="12" hits="0"/>
						<line number="14" hits="0"/>
						<line number="17" hits="0"/>
						<line number="18" hits="0"/>
						<line number="19" hits="0"/>
						<line number="20" hits="0"/>
						<line number="21" hits="0"/>
						<line number="22" hits="0"/>
						<line number="23" hits="0"/>
						<line number="26" hits="0"/>
						<line number="27" hits="0"/>
						<line number="28" hits="0"/>
						<line number="29" hits="0"/>
						<line number="30" hits="0"/>
						<line number="31" hits="0"/>
						<line number="34" hits="0"/>
						<line number="35" hits="0"/>
						<line number="37" hits="0"/>
						<line number="38" hits="0"/>
						<line number="39" hits="0"/>
						<line number="40" hits="0"/>
						<line number="41" hits="0"/>
						<line number="42" hits="0"/>
						<line number="43" hits="0"/>
						<line number="44" hits="0"/>
						<line number="45" hits="0"/>
						<line number="47" hits="0"/>
						<line number="48" hits="0"/>
						<line number="66" hits="0"/>
						<line number="67" hits="0"/>
						<line number="69" hits="0"/>
						<line number="70" hits="0"/>
						<line number="71" hits="0"/>
						<line number="72" hits="0"/>
						<line number="73" hits="0"/>
						<line number="74" hits="0"/>
						<line number="75" hits="0"/>
						<line number="76" hits="0"/>
						<line number="78" hits="0"/>
						<line number="79" hits="0"/>
						<line number="91" hits="0"/>
						<line number="92" hits="0" branch="true" condition-coverage="0% (0/2)" missing-branches="93,94"/>
						<line number="93" hits="0"/>
						<line number="94" hits="0"/>
						<line number="97" hits="0"/>
						<line number="101" hits="0"/>
						<line number="110" hits="0"/>
						<line number="118" hits="0"/>
						<line number="130" hits="0"/>
						<line number="131" hits="0"/>
						<line number="132" hits="0"/>
						<line number="133" hits="0"/>
						<line number="134" hits="0"/>
						<line number="136" hits="0"/>
						<line number="147" hits="0"/>
						<line number="148" hits="0"/>
						<line number="150" hits="0"/>
						<line number="159" hits="0"/>
						<line number="162" hits="0"/>
						<line number="163" hits="0"/>
						<line number="165" hits="0"/>
						<line number="166" hits="0"/>
						<line number="168" hits="0"/>
						<line number="170" hits="0"/>
						<line number="171" hits="0" branch="true" condition-coverage="0% (0/2)" missing-branches="172,173"/>
						<line number="172" hits="0"/>
						<line number="173" hits="0"/>
						<line number="175" hits="0"/>
						<line number="177" hits="0"/>
						<line number="178" hits="0" branch="true" condition-coverage="0% (0/2)" missing-branches="179,182"/>
						<line number="179" hits="0"/>
						<line number="182" hits="0"/>
						<line number="183" hits="0" branch="true" condition-coverage="0% (0/2)" missing-branches="184,186"/>
						<line number="184" hits="0"/>
						<line number="186" hits="0"/>
						<line number="187" hits="0" branch="true" condition-coverage="0% (0/2)" missing-branches="188,191"/>
						<line number="188" hits="0" branch="true" condition-coverage="0% (0/2)" missing-branches="187,189"/>
						<line number="189" hits="0"/>
						<line number="191" hits="0"/>
						<line number="192" hits="0"/>
						<line number="194" hits="0"/>
						<line number="196" hits="0"/>
						<line number="201" hits="0"/>
						<line number="203" hits="0"/>
						<line number="205" hits="0"/>
						<line number="206" hits="0"/>
						<line number="208" hits="0"/>
						<line number="210" hits="0"/>
						<line number="211" hits="0" branch="true" condition-coverage="0% (0/2)" missing-branches="212,253"/>
						<line number="212" hits="0"/>
						<line number="213" hits="0"/>
						<line number="214" hits="0"/>
						<line number="216" hits="0"/>
						<line number="218" hits="0"/>
						<line number="219" hits="0"/>
						<line number="220" hits="0"/>
						<line number="221" hits="0"/>
						<line number="222" hits="0"/>
						<line number="225" hits="0"/>
						<line number="230" hits="0"/>
						<line number="235" hits="0"/>
						<line number="236" hits="0"/>
						<line number="237" hits="0"/>
						<line number="238" hits="0"/>
						<line number="239" hits="0"/>
						<line number="240" hits="0"/>
						<line number="241" hits="0"/>
						<line number="242" hits="0"/>
						<line number="246" hits="0"/>
						<line number="251" hits="0"/>
						<line number="253" hits="0"/>
						<line number="254" hits="0"/>
						<line number="256" hits="0"/>
						<line number="257" hits="0"/>
						<line number="258" hits="0"/>
						<line number="259" hits="0"/>
						<line number="260" hits="0"/>
						<line number="261" hits="0"/>
						<line number="262" hits="0"/>
						<line number="263" hits="0"/>
						<line number="265" hits="0"/>
						<line number="267" hits="0"/>
						<line number="271" hits="0"/>
						<line number="278" hits="0" branch="true" condition-coverage="0% (0/2)" missing-branches="279,283"/>
						<line number="279" hits="0"/>
						<line number="280" hits="0"/>
						<line number="283" hits="0"/>
						<line number="289" hits="0"/>
						<line number="291" hits="0" branch="true" condition-coverage="0% (0/2)" missing-branches="exit,292"/>
						<line number="292" hits="0"/>
						<line number="293" hits="0"/>
						<line number="297" hits="0"/>
						<line number="298" hits="0"/>
					</lines>
				</class>
				<class name="config.py" filename="config.py" complexity="0" line-rate="0" branch-rate="0">
					<methods/>
					<lines>
						<line number="1" hits="0"/>
						<line number="2" hits="0"/>
						<line number="3" hits="0"/>
						<line number="4" hits="0"/>
						<line number="5" hits="0"/>
						<line number="8" hits="0"/>
						<line number="10" hits="0"/>
						<line number="11" hits="0"/>
						<line number="12" hits="0"/>
						<line number="13" hits="0"/>
						<line number="14" hits="0"/>
						<line number="15" hits="0"/>
						<line number="16" hits="0"/>
						<line number="19" hits="0"/>
						<line number="23" hits="0"/>
						<line number="24" hits="0"/>
						<line number="25" hits="0"/>
						<line number="28" hits="0"/>
						<line number="29" hits="0"/>
						<line number="30" hits="0"/>
						<line number="33" hits="0"/>
						<line number="34" hits="0"/>
						<line number="35" hits="0"/>
						<line number="38" hits="0"/>
						<line number="39" hits="0"/>
						<line number="42" hits="0"/>
						<line number="43" hits="0"/>
						<line number="44" hits="0"/>
						<line number="45" hits="0"/>
						<line number="48" hits="0"/>
						<line number="49" hits="0"/>
						<line number="50" hits="0"/>
						<line number="51" hits="0"/>
						<line number="52" hits="0"/>
						<line number="53" hits="0"/>
						<line number="54" hits="0"/>
						<line number="56" hits="0"/>
						<line number="62" hits="0"/>
						<line number="63" hits="0"/>
						<line number="65" hits="0" branch="true" condition-coverage="0% (0/2)" missing-branches="66,68"/>
						<line number="66" hits="0"/>
						<line number="68" hits="0" branch="true" condition-coverage="0% (0/2)" missing-branches="69,70"/>
						<line number="69" hits="0"/>
						<line number="70" hits="0" branch="true" condition-coverage="0% (0/2)" missing-branches="exit,71"/>
						<line number="71" hits="0"/>
						<line number="73" hits="0"/>
						<line number="75" hits="0"/>
						<line number="77" hits="0"/>
						<line number="78" hits="0"/>
						<line number="80" hits="0"/>
						<line number="82" hits="0"/>
						<line number="83" hits="0"/>
						<line number="85" hits="0"/>
						<line number="87" hits="0"/>
						<line number="88" hits="0"/>
						<line number="90" hits="0"/>
						<line number="94" hits="0"/>
					</lines>
				</class>
				<class name="context_fusion.py" filename="context_fusion.py" complexity="0" line-rate="0" branch-rate="0">
					<methods/>
					<lines>
						<line number="6" hits="0"/>
						<line number="7" hits="0"/>
						<line number="9" hits="0"/>
						<line number="12" hits="0"/>
						<line number="24" hits="0"/>
						<line number="26" hits="0"/>
						<line number="28" hits="0"/>
						<line number="40" hits="0"/>
						<line number="41" hits="0"/>
						<line number="42" hits="0"/>
						<line number="43" hits="0"/>
						<line number="45" hits="0"/>
						<line number="62" hits="0"/>
						<line number="65" hits="0"/>
						<line number="70" hits="0"/>
						<line number="73" hits="0"/>
						<line number="76" hits="0"/>
						<line number="77" hits="0"/>
						<line number="79" hits="0"/>
						<line number="88" hits="0"/>
						<line number="91" hits="0"/>
						<line number="96" hits="0"/>
						<line number="98" hits="0"/>
						<line number="99" hits="0"/>
						<line number="100" hits="0"/>
						<line number="102" hits="0"/>
						<line number="119" hits="0" branch="true" condition-coverage="0% (0/2)" missing-branches="120,122"/>
						<line number="120" hits="0"/>
						<line number="122" hits="0" branch="true" condition-coverage="0% (0/2)" missing-branches="123,128"/>
						<line number="123" hits="0" branch="true" condition-coverage="0% (0/2)" missing-branches="124,125"/>
						<line number="124" hits="0"/>
						<line number="125" hits="0"/>
						<line number="128" hits="0"/>
						<line number="129" hits="0"/>
						<line number="130" hits="0"/>
						<line number="132" hits="0" branch="true" condition-coverage="0% (0/2)" missing-branches="133,145"/>
						<line number="133" hits="0"/>
						<line number="134" hits="0" branch="true" condition-coverage="0% (0/2)" missing-branches="135,140"/>
						<line number="135" hits="0"/>
						<line number="136" hits="0"/>
						<line number="139" hits="0"/>
						<line number="140" hits="0"/>
						<line number="143" hits="0"/>
						<line number="145" hits="0"/>
						<line number="147" hits="0"/>
						<line number="148" hits="0" branch="true" condition-coverage="0% (0/2)" missing-branches="149,150"/>
						<line number="149" hits="0"/>
						<line number="150" hits="0"/>
						<line number="151" hits="0"/>
						<line number="153" hits="0"/>
						<line number="155" hits="0"/>
						<line number="165" hits="0" branch="true" condition-coverage="0% (0/2)" missing-branches="166,169"/>
						<line number="166" hits="0"/>
						<line number="167" hits="0"/>
						<line number="169" hits="0"/>
						<line number="170" hits="0"/>
						<line number="171" hits="0" branch="true" condition-coverage="0% (0/2)" missing-branches="172,175"/>
						<line number="172" hits="0"/>
						<line number="175" hits="0"/>
						<line number="176" hits="0"/>
						<line number="177" hits="0"/>
						<line number="179" hits="0" branch="true" condition-coverage="0% (0/2)" missing-branches="180,195"/>
						<line number="180" hits="0"/>
						<line number="181" hits="0" branch="true" condition-coverage="0% (0/2)" missing-branches="182,184"/>
						<line number="182" hits="0"/>
						<line number="184" hits="0"/>
						<line number="185" hits="0"/>
						<line number="186" hits="0"/>
						<line number="193" hits="0"/>
						<line number="195" hits="0" branch="true" condition-coverage="0% (0/2)" missing-branches="196,209"/>
						<line number="196" hits="0"/>
						<line number="201" hits="0"/>
						<line number="204" hits="0"/>
						<line number="206" hits="0"/>
						<line number="207" hits="0"/>
						<line number="209" hits="0"/>
						<line number="213" hits="0"/>
						<line number="220" hits="0" branch="true" condition-coverage="0% (0/2)" missing-branches="221,223"/>
						<line number="221" hits="0"/>
						<line number="223" hits="0"/>
						<line number="224" hits="0"/>
						<line number="225" hits="0"/>
						<line number="227" hits="0" branch="true" condition-coverage="0% (0/2)" missing-branches="228,254"/>
						<line number="228" hits="0"/>
						<line number="229" hits="0" branch="true" condition-coverage="0% (0/2)" missing-branches="230,233"/>
						<line number="230" hits="0"/>
						<line number="233" hits="0"/>
						<line number="234" hits="0"/>
						<line number="235" hits="0"/>
						<line number="237" hits="0" branch="true" condition-coverage="0% (0/2)" missing-branches="227,239"/>
						<line number="239" hits="0"/>
						<line number="240" hits="0"/>
						<line number="241" hits="0"/>
						<line number="242" hits="0"/>
						<line number="244" hits="0"/>
						<line number="254" hits="0"/>
						<line number="256" hits="0"/>
						<line number="257" hits="0"/>
						<line number="258" hits="0"/>
						<line number="260" hits="0"/>
						<line number="265" hits="0"/>
						<line number="267" hits="0"/>
						<line number="271" hits="0" branch="true" condition-coverage="0% (0/2)" missing-branches="272,274"/>
						<line number="272" hits="0"/>
						<line number="274" hits="0"/>
						<line number="275" hits="0"/>
						<line number="276" hits="0" branch="true" condition-coverage="0% (0/2)" missing-branches="277,279"/>
						<line number="277" hits="0"/>
						<line number="279" hits="0"/>
						<line number="283" hits="0" branch="true" condition-coverage="0% (0/2)" missing-branches="284,286"/>
						<line number="284" hits="0"/>
						<line number="286" hits="0"/>
						<line number="287" hits="0"/>
						<line number="288" hits="0"/>
						<line number="289" hits="0"/>
						<line number="291" hits="0" branch="true" condition-coverage="0% (0/2)" missing-branches="293,305"/>
						<line number="293" hits="0"/>
						<line number="294" hits="0"/>
						<line number="296" hits="0"/>
						<line number="298" hits="0"/>
						<line number="305" hits="0"/>
						<line number="307" hits="0"/>
						<line number="308" hits="0"/>
						<line number="309" hits="0"/>
						<line number="311" hits="0"/>
						<line number="315" hits="0" branch="true" condition-coverage="0% (0/2)" missing-branches="316,318"/>
						<line number="316" hits="0"/>
						<line number="318" hits="0"/>
						<line number="319" hits="0" branch="true" condition-coverage="0% (0/2)" missing-branches="320,337"/>
						<line number="320" hits="0"/>
						<line number="321" hits="0"/>
						<line number="323" hits="0" branch="true" condition-coverage="0% (0/2)" missing-branches="324,334"/>
						<line number="324" hits="0"/>
						<line number="325" hits="0" branch="true" condition-coverage="0% (0/2)" missing-branches="326,327"/>
						<line number="326" hits="0"/>
						<line number="327" hits="0"/>
						<line number="330" hits="0" branch="true" condition-coverage="0% (0/2)" missing-branches="323,331"/>
						<line number="331" hits="0"/>
						<line number="332" hits="0"/>
						<line number="334" hits="0" branch="true" condition-coverage="0% (0/2)" missing-branches="319,335"/>
						<line number="335" hits="0"/>
						<line number="337" hits="0"/>
					</lines>
				</class>
				<class name="conversation_manager.py" filename="conversation_manager.py" complexity="0" line-rate="0" branch-rate="0">
					<methods/>
					<lines>
						<line number="8" hits="0"/>
						<line number="9" hits="0"/>
						<line number="10" hits="0"/>
						<line number="11" hits="0"/>
						<line number="12" hits="0"/>
						<line number="13" hits="0"/>
						<line number="15" hits="0"/>
						<line number="18" hits="0"/>
						<line number="21" hits="0"/>
						<line number="28" hits="0"/>
						<line number="29" hits="0"/>
						<line number="30" hits="0"/>
						<line number="32" hits="0"/>
						<line number="34" hits="0"/>
						<line number="35" hits="0"/>
						<line number="36" hits="0"/>
						<line number="39" hits="0"/>
						<line number="51" hits="0"/>
						<line number="64" hits="0"/>
						<line number="69" hits="0"/>
						<line number="74" hits="0"/>
						<line number="79" hits="0"/>
						<line number="80" hits="0"/>
						<line number="82" hits="0"/>
						<line number="83" hits="0"/>
						<line number="84" hits="0"/>
						<line number="86" hits="0"/>
						<line number="106" hits="0"/>
						<line number="107" hits="0"/>
						<line number="109" hits="0"/>
						<line number="110" hits="0"/>
						<line number="111" hits="0"/>
						<line number="112" hits="0"/>
						<line number="126" hits="0"/>
						<line number="128" hits="0"/>
						<line number="130" hits="0"/>
						<line number="140" hits="0"/>
						<line number="141" hits="0"/>
						<line number="142" hits="0"/>
						<line number="144" hits="0"/>
						<line number="159" hits="0"/>
						<line number="160" hits="0"/>
						<line number="161" hits="0"/>
						<line number="162" hits="0"/>
						<line number="165" hits="0"/>
						<line number="171" hits="0"/>
						<line number="173" hits="0" branch="true" condition-coverage="0% (0/2)" missing-branches="174,177"/>
						<line number="174" hits="0"/>
						<line number="175" hits="0"/>
						<line number="177" hits="0"/>
						<line number="178" hits="0"/>
						<line number="181" hits="0"/>
						<line number="187" hits="0"/>
						<line number="190" hits="0" branch="true" condition-coverage="0% (0/2)" missing-branches="191,206"/>
						<line number="191" hits="0"/>
						<line number="199" hits="0"/>
						<line number="200" hits="0" branch="true" condition-coverage="0% (0/2)" missing-branches="201,204"/>
						<line number="201" hits="0"/>
						<line number="202" hits="0"/>
						<line number="203" hits="0"/>
						<line number="204" hits="0"/>
						<line number="206" hits="0"/>
						<line number="208" hits="0"/>
						<line number="209" hits="0"/>
						<line number="210" hits="0"/>
						<line number="212" hits="0"/>
						<line number="229" hits="0"/>
						<line number="230" hits="0"/>
						<line number="231" hits="0"/>
						<line number="232" hits="0"/>
						<line number="235" hits="0"/>
						<line number="236" hits="0"/>
						<line number="238" hits="0" branch="true" condition-coverage="0% (0/2)" missing-branches="239,243"/>
						<line number="239" hits="0"/>
						<line number="240" hits="0"/>
						<line number="243" hits="0"/>
						<line number="247" hits="0"/>
						<line number="250" hits="0"/>
						<line number="251" hits="0"/>
						<line number="264" hits="0"/>
						<line number="265" hits="0" branch="true" condition-coverage="0% (0/2)" missing-branches="266,270"/>
						<line number="266" hits="0"/>
						<line number="267" hits="0"/>
						<line number="268" hits="0"/>
						<line number="270" hits="0"/>
						<line number="271" hits="0"/>
						<line number="273" hits="0"/>
						<line number="274" hits="0"/>
						<line number="275" hits="0"/>
						<line number="277" hits="0"/>
						<line number="300" hits="0" branch="true" condition-coverage="0% (0/2)" missing-branches="301,303"/>
						<line number="301" hits="0"/>
						<line number="303" hits="0"/>
						<line number="304" hits="0"/>
						<line number="306" hits="0"/>
						<line number="307" hits="0"/>
						<line number="308" hits="0"/>
						<line number="311" hits="0"/>
						<line number="315" hits="0" branch="true" condition-coverage="0% (0/2)" missing-branches="316,319"/>
						<line number="316" hits="0"/>
						<line number="319" hits="0"/>
						<line number="335" hits="0"/>
						<line number="342" hits="0"/>
						<line number="344" hits="0"/>
						<line number="346" hits="0"/>
						<line number="355" hits="0"/>
						<line number="356" hits="0"/>
						<line number="357" hits="0"/>
						<line number="359" hits="0"/>
						<line number="369" hits="0"/>
						<line number="370" hits="0"/>
						<line number="371" hits="0"/>
						<line number="374" hits="0"/>
						<line number="380" hits="0"/>
						<line number="385" hits="0"/>
						<line number="386" hits="0"/>
						<line number="388" hits="0" branch="true" condition-coverage="0% (0/2)" missing-branches="389,391"/>
						<line number="389" hits="0"/>
						<line number="391" hits="0"/>
						<line number="393" hits="0"/>
						<line number="395" hits="0"/>
						<line number="396" hits="0"/>
						<line number="397" hits="0"/>
						<line number="399" hits="0"/>
						<line number="416" hits="0"/>
						<line number="417" hits="0"/>
						<line number="418" hits="0"/>
						<line number="419" hits="0"/>
						<line number="421" hits="0"/>
						<line number="424" hits="0"/>
						<line number="433" hits="0"/>
						<line number="436" hits="0"/>
						<line number="451" hits="0"/>
						<line number="452" hits="0" branch="true" condition-coverage="0% (0/2)" missing-branches="453,457"/>
						<line number="453" hits="0"/>
						<line number="454" hits="0"/>
						<line number="455" hits="0"/>
						<line number="457" hits="0"/>
						<line number="458" hits="0"/>
						<line number="460" hits="0"/>
						<line number="461" hits="0"/>
						<line number="462" hits="0"/>
						<line number="464" hits="0"/>
						<line number="477" hits="0"/>
						<line number="479" hits="0" branch="true" condition-coverage="0% (0/2)" missing-branches="480,483"/>
						<line number="480" hits="0"/>
						<line number="483" hits="0"/>
						<line number="490" hits="0" branch="true" condition-coverage="0% (0/2)" missing-branches="491,493"/>
						<line number="491" hits="0"/>
						<line number="493" hits="0"/>
						<line number="496" hits="0" branch="true" condition-coverage="0% (0/2)" missing-branches="497,508"/>
						<line number="497" hits="0"/>
						<line number="498" hits="0"/>
						<line number="508" hits="0"/>
						<line number="509" hits="0"/>
						<line number="510" hits="0"/>
						<line number="512" hits="0"/>
						<line number="527" hits="0"/>
						<line number="528" hits="0"/>
						<line number="529" hits="0"/>
						<line number="530" hits="0"/>
						<line number="532" hits="0"/>
						<line number="541" hits="0"/>
						<line number="542" hits="0"/>
						<line number="544" hits="0" branch="true" condition-coverage="0% (0/2)" missing-branches="545,547"/>
						<line number="545" hits="0"/>
						<line number="547" hits="0"/>
						<line number="549" hits="0"/>
						<line number="551" hits="0"/>
						<line number="552" hits="0"/>
						<line number="553" hits="0"/>
						<line number="555" hits="0"/>
						<line number="562" hits="0"/>
						<line number="563" hits="0"/>
						<line number="564" hits="0"/>
						<line number="565" hits="0"/>
						<line number="568" hits="0"/>
						<line number="569" hits="0"/>
						<line number="572" hits="0"/>
						<line number="573" hits="0"/>
						<line number="576" hits="0"/>
						<line number="582" hits="0"/>
						<line number="585" hits="0"/>
						<line number="592" hits="0"/>
						<line number="594" hits="0"/>
						<line number="601" hits="0"/>
						<line number="602" hits="0"/>
						<line number="603" hits="0"/>
						<line number="605" hits="0"/>
						<line number="607" hits="0"/>
					</lines>
				</class>
				<class name="main.py" filename="main.py" complexity="0" line-rate="0" branch-rate="0">
					<methods/>
					<lines>
						<line number="1" hits="0"/>
						<line number="2" hits="0"/>
						<line number="3" hits="0"/>
						<line number="4" hits="0"/>
						<line number="5" hits="0"/>
						<line number="6" hits="0"/>
						<line number="7" hits="0"/>
						<line number="8" hits="0"/>
						<line number="9" hits="0"/>
						<line number="10" hits="0"/>
						<line number="11" hits="0"/>
						<line number="12" hits="0"/>
						<line number="13" hits="0"/>
						<line number="14" hits="0"/>
						<line number="15" hits="0"/>
						<line number="16" hits="0"/>
						<line number="17" hits="0"/>
						<line number="18" hits="0"/>
						<line number="19" hits="0"/>
						<line number="20" hits="0"/>
						<line number="21" hits="0"/>
						<line number="22" hits="0"/>
						<line number="23" hits="0"/>
						<line number="24" hits="0"/>
						<line number="25" hits="0"/>
						<line number="31" hits="0"/>
						<line number="32" hits="0"/>
						<line number="33" hits="0"/>
						<line number="34" hits="0"/>
						<line number="37" hits="0"/>
						<line number="40" hits="0"/>
						<line number="44" hits="0"/>
						<line number="47" hits="0"/>
						<line number="50" hits="0"/>
						<line number="53" hits="0"/>
						<line number="54" hits="0" branch="true" condition-coverage="0% (0/2)" missing-branches="55,59"/>
						<line number="55" hits="0"/>
						<line number="56" hits="0"/>
						<line number="59" hits="0"/>
						<line number="60" hits="0"/>
						<line number="61" hits="0"/>
						<line number="62" hits="0"/>
						<line number="63" hits="0"/>
						<line number="64" hits="0"/>
						<line number="65" hits="0"/>
						<line number="68" hits="0"/>
						<line number="71" hits="0"/>
						<line number="72" hits="0"/>
						<line number="74" hits="0"/>
						<line number="76" hits="0"/>
						<line number="78" hits="0"/>
						<line number="81" hits="0"/>
						<line number="82" hits="0"/>
						<line number="84" hits="0"/>
						<line number="85" hits="0"/>
						<line number="90" hits="0"/>
						<line number="91" hits="0"/>
						<line number="97" hits="0"/>
						<line number="98" hits="0"/>
						<line number="100" hits="0"/>
						<line number="101" hits="0"/>
						<line number="102" hits="0"/>
						<line number="103" hits="0"/>
						<line number="104" hits="0"/>
						<line number="105" hits="0"/>
						<line number="106" hits="0"/>
						<line number="107" hits="0"/>
						<line number="108" hits="0"/>
						<line number="112" hits="0"/>
						<line number="114" hits="0"/>
						<line number="115" hits="0"/>
						<line number="116" hits="0"/>
						<line number="117" hits="0"/>
						<line number="121" hits="0"/>
						<line number="122" hits="0"/>
						<line number="123" hits="0" branch="true" condition-coverage="0% (0/2)" missing-branches="124,125"/>
						<line number="124" hits="0"/>
						<line number="125" hits="0"/>
						<line number="126" hits="0"/>
						<line number="127" hits="0"/>
						<line number="128" hits="0"/>
						<line number="129" hits="0"/>
						<line number="133" hits="0"/>
						<line number="134" hits="0" branch="true" condition-coverage="0% (0/2)" missing-branches="135,141"/>
						<line number="135" hits="0"/>
						<line number="136" hits="0" branch="true" condition-coverage="0% (0/2)" missing-branches="137,141"/>
						<line number="137" hits="0"/>
						<line number="141" hits="0"/>
						<line number="146" hits="0"/>
						<line number="148" hits="0"/>
						<line number="151" hits="0"/>
						<line number="152" hits="0"/>
						<line number="153" hits="0"/>
						<line number="154" hits="0"/>
						<line number="155" hits="0"/>
						<line number="156" hits="0"/>
						<line number="157" hits="0"/>
						<line number="159" hits="0"/>
						<line number="161" hits="0"/>
						<line number="164" hits="0"/>
						<line number="165" hits="0" branch="true" condition-coverage="0% (0/2)" missing-branches="166,174"/>
						<line number="166" hits="0"/>
						<line number="168" hits="0"/>
						<line number="169" hits="0"/>
						<line number="170" hits="0"/>
						<line number="171" hits="0"/>
						<line number="174" hits="0"/>
						<line number="176" hits="0"/>
						<line number="177" hits="0"/>
						<line number="178" hits="0"/>
						<line number="179" hits="0"/>
						<line number="182" hits="0" branch="true" condition-coverage="0% (0/2)" missing-branches="183,191"/>
						<line number="183" hits="0"/>
						<line number="185" hits="0"/>
						<line number="186" hits="0"/>
						<line number="187" hits="0"/>
						<line number="188" hits="0"/>
						<line number="191" hits="0"/>
						<line number="192" hits="0"/>
						<line number="194" hits="0"/>
						<line number="195" hits="0"/>
						<line number="196" hits="0"/>
						<line number="197" hits="0"/>
						<line number="201" hits="0"/>
						<line number="203" hits="0"/>
						<line number="211" hits="0"/>
						<line number="212" hits="0"/>
						<line number="215" hits="0"/>
						<line number="216" hits="0"/>
						<line number="218" hits="0"/>
						<line number="227" hits="0"/>
						<line number="230" hits="0"/>
						<line number="231" hits="0" branch="true" condition-coverage="0% (0/2)" missing-branches="232,246"/>
						<line number="232" hits="0"/>
						<line number="235" hits="0"/>
						<line number="236" hits="0" branch="true" condition-coverage="0% (0/2)" missing-branches="237,240"/>
						<line number="237" hits="0"/>
						<line number="240" hits="0"/>
						<line number="241" hits="0" branch="true" condition-coverage="0% (0/2)" missing-branches="242,244"/>
						<line number="242" hits="0"/>
						<line number="244" hits="0"/>
						<line number="246" hits="0"/>
						<line number="248" hits="0"/>
						<line number="249" hits="0"/>
						<line number="256" hits="0"/>
						<line number="258" hits="0" branch="true" condition-coverage="0% (0/2)" missing-branches="260,274"/>
						<line number="260" hits="0"/>
						<line number="261" hits="0" branch="true" condition-coverage="0% (0/2)" missing-branches="262,265"/>
						<line number="262" hits="0"/>
						<line number="265" hits="0"/>
						<line number="266" hits="0"/>
						<line number="274" hits="0"/>
						<line number="280" hits="0"/>
						<line number="281" hits="0"/>
						<line number="282" hits="0"/>
						<line number="284" hits="0"/>
						<line number="290" hits="0"/>
						<line number="291" hits="0"/>
						<line number="296" hits="0"/>
						<line number="298" hits="0"/>
						<line number="299" hits="0"/>
						<line number="304" hits="0"/>
						<line number="309" hits="0"/>
						<line number="312" hits="0"/>
						<line number="313" hits="0"/>
						<line number="314" hits="0"/>
						<line number="318" hits="0" branch="true" condition-coverage="0% (0/2)" missing-branches="319,329"/>
						<line number="319" hits="0"/>
						<line number="320" hits="0"/>
						<line number="321" hits="0"/>
						<line number="322" hits="0"/>
						<line number="326" hits="0"/>
						<line number="329" hits="0"/>
						<line number="330" hits="0"/>
						<line number="331" hits="0"/>
						<line number="334" hits="0" branch="true" condition-coverage="0% (0/2)" missing-branches="336,345"/>
						<line number="336" hits="0"/>
						<line number="337" hits="0"/>
						<line number="338" hits="0"/>
						<line number="342" hits="0" branch="true" condition-coverage="0% (0/2)" missing-branches="343,359"/>
						<line number="343" hits="0"/>
						<line number="345" hits="0"/>
						<line number="349" hits="0"/>
						<line number="350" hits="0"/>
						<line number="351" hits="0"/>
						<line number="352" hits="0"/>
						<line number="356" hits="0"/>
						<line number="359" hits="0"/>
						<line number="360" hits="0" branch="true" condition-coverage="0% (0/2)" missing-branches="361,369"/>
						<line number="361" hits="0"/>
						<line number="362" hits="0"/>
						<line number="363" hits="0"/>
						<line number="369" hits="0"/>
						<line number="374" hits="0"/>
						<line number="375" hits="0"/>
						<line number="376" hits="0"/>
						<line number="377" hits="0"/>
						<line number="384" hits="0"/>
						<line number="385" hits="0"/>
						<line number="386" hits="0"/>
						<line number="387" hits="0"/>
						<line number="388" hits="0"/>
						<line number="389" hits="0"/>
						<line number="391" hits="0"/>
						<line number="392" hits="0"/>
						<line number="398" hits="0" branch="true" condition-coverage="0% (0/2)" missing-branches="399,409"/>
						<line number="399" hits="0"/>
						<line number="400" hits="0"/>
						<line number="401" hits="0"/>
						<line number="402" hits="0"/>
						<line number="409" hits="0"/>
						<line number="410" hits="0"/>
						<line number="412" hits="0"/>
						<line number="413" hits="0"/>
						<line number="417" hits="0"/>
						<line number="418" hits="0"/>
						<line number="425" hits="0"/>
						<line number="428" hits="0" branch="true" condition-coverage="0% (0/2)" missing-branches="429,436"/>
						<line number="429" hits="0"/>
						<line number="430" hits="0"/>
						<line number="436" hits="0"/>
						<line number="438" hits="0"/>
						<line number="439" hits="0"/>
						<line number="440" hits="0"/>
						<line number="445" hits="0"/>
						<line number="446" hits="0"/>
						<line number="448" hits="0"/>
						<line number="449" hits="0"/>
						<line number="450" hits="0"/>
						<line number="454" hits="0"/>
						<line number="456" hits="0"/>
						<line number="457" hits="0"/>
						<line number="513" hits="0"/>
						<line number="514" hits="0"/>
						<line number="515" hits="0"/>
						<line number="519" hits="0" branch="true" condition-coverage="0% (0/2)" missing-branches="520,522"/>
						<line number="520" hits="0"/>
						<line number="522" hits="0"/>
						<line number="523" hits="0"/>
						<line number="525" hits="0"/>
						<line number="526" hits="0"/>
						<line number="527" hits="0"/>
						<line number="529" hits="0" branch="true" condition-coverage="0% (0/2)" missing-branches="530,532"/>
						<line number="530" hits="0"/>
						<line number="532" hits="0"/>
						<line number="533" hits="0"/>
						<line number="534" hits="0"/>
						<line number="535" hits="0"/>
						<line number="540" hits="0"/>
						<line number="541" hits="0"/>
						<line number="543" hits="0" branch="true" condition-coverage="0% (0/2)" missing-branches="544,546"/>
						<line number="544" hits="0"/>
						<line number="546" hits="0"/>
						<line number="548" hits="0"/>
						<line number="549" hits="0"/>
						<line number="550" hits="0"/>
						<line number="551" hits="0"/>
						<line number="553" hits="0"/>
						<line number="554" hits="0"/>
						<line number="555" hits="0"/>
						<line number="556" hits="0"/>
						<line number="558" hits="0"/>
						<line number="570" hits="0"/>
						<line number="571" hits="0"/>
						<line number="572" hits="0"/>
						<line number="574" hits="0" branch="true" condition-coverage="0% (0/2)" missing-branches="575,577"/>
						<line number="575" hits="0"/>
						<line number="577" hits="0"/>
						<line number="578" hits="0"/>
						<line number="588" hits="0"/>
						<line number="590" hits="0"/>
						<line number="591" hits="0"/>
						<line number="592" hits="0"/>
						<line number="593" hits="0"/>
						<line number="595" hits="0"/>
						<line number="600" hits="0"/>
						<line number="605" hits="0"/>
						<line number="609" hits="0"/>
						<line number="614" hits="0"/>
						<line number="615" hits="0"/>
						<line number="616" hits="0"/>
						<line number="626" hits="0"/>
						<line number="627" hits="0"/>
						<line number="628" hits="0"/>
						<line number="632" hits="0"/>
						<line number="633" hits="0"/>
						<line number="634" hits="0"/>
						<line number="639" hits="0"/>
						<line number="640" hits="0"/>
						<line number="641" hits="0"/>
						<line number="651" hits="0"/>
						<line number="652" hits="0"/>
						<line number="654" hits="0" branch="true" condition-coverage="0% (0/2)" missing-branches="655,661"/>
						<line number="655" hits="0"/>
						<line number="661" hits="0"/>
						<line number="665" hits="0"/>
						<line number="666" hits="0"/>
						<line number="667" hits="0"/>
						<line number="668" hits="0"/>
						<line number="669" hits="0"/>
						<line number="674" hits="0"/>
						<line number="675" hits="0"/>
						<line number="676" hits="0"/>
						<line number="683" hits="0"/>
						<line number="684" hits="0"/>
						<line number="685" hits="0"/>
						<line number="690" hits="0"/>
						<line number="691" hits="0"/>
						<line number="692" hits="0"/>
						<line number="697" hits="0"/>
						<line number="698" hits="0"/>
						<line number="699" hits="0"/>
						<line number="710" hits="0"/>
						<line number="711" hits="0"/>
						<line number="713" hits="0" branch="true" condition-coverage="0% (0/2)" missing-branches="714,716"/>
						<line number="714" hits="0"/>
						<line number="716" hits="0"/>
						<line number="720" hits="0"/>
						<line number="721" hits="0"/>
						<line number="722" hits="0"/>
						<line number="723" hits="0"/>
						<line number="724" hits="0"/>
						<line number="729" hits="0"/>
						<line number="730" hits="0"/>
						<line number="731" hits="0"/>
						<line number="733" hits="0"/>
						<line number="735" hits="0"/>
						<line number="736" hits="0"/>
						<line number="738" hits="0"/>
						<line number="739" hits="0"/>
						<line number="740" hits="0"/>
						<line number="747" hits="0"/>
						<line number="748" hits="0"/>
						<line number="749" hits="0"/>
						<line number="751" hits="0"/>
						<line number="756" hits="0"/>
						<line number="757" hits="0"/>
						<line number="758" hits="0"/>
						<line number="763" hits="0"/>
						<line number="764" hits="0"/>
						<line number="765" hits="0"/>
						<line number="775" hits="0"/>
						<line number="776" hits="0"/>
						<line number="778" hits="0" branch="true" condition-coverage="0% (0/2)" missing-branches="779,781"/>
						<line number="779" hits="0"/>
						<line number="781" hits="0"/>
						<line number="785" hits="0"/>
						<line number="786" hits="0"/>
						<line number="787" hits="0"/>
						<line number="788" hits="0"/>
						<line number="789" hits="0"/>
						<line number="794" hits="0"/>
						<line number="795" hits="0"/>
						<line number="796" hits="0"/>
						<line number="806" hits="0"/>
						<line number="808" hits="0"/>
						<line number="813" hits="0" branch="true" condition-coverage="0% (0/2)" missing-branches="814,820"/>
						<line number="814" hits="0"/>
						<line number="820" hits="0"/>
						<line number="822" hits="0"/>
						<line number="827" hits="0"/>
						<line number="828" hits="0"/>
						<line number="829" hits="0"/>
						<line number="834" hits="0"/>
						<line number="835" hits="0"/>
						<line number="836" hits="0"/>
						<line number="846" hits="0"/>
						<line number="847" hits="0"/>
						<line number="849" hits="0" branch="true" condition-coverage="0% (0/2)" missing-branches="850,852"/>
						<line number="850" hits="0"/>
						<line number="852" hits="0"/>
						<line number="856" hits="0"/>
						<line number="857" hits="0"/>
						<line number="858" hits="0"/>
						<line number="859" hits="0"/>
						<line number="860" hits="0"/>
						<line number="865" hits="0"/>
						<line number="866" hits="0"/>
						<line number="867" hits="0"/>
						<line number="877" hits="0"/>
						<line number="878" hits="0"/>
						<line number="880" hits="0"/>
						<line number="885" hits="0"/>
						<line number="886" hits="0"/>
						<line number="887" hits="0"/>
						<line number="892" hits="0"/>
						<line number="893" hits="0"/>
						<line number="894" hits="0"/>
						<line number="904" hits="0"/>
						<line number="905" hits="0"/>
						<line number="907" hits="0" branch="true" condition-coverage="0% (0/2)" missing-branches="908,910"/>
						<line number="908" hits="0"/>
						<line number="910" hits="0"/>
						<line number="914" hits="0"/>
						<line number="915" hits="0"/>
						<line number="916" hits="0"/>
						<line number="917" hits="0"/>
						<line number="918" hits="0"/>
						<line number="923" hits="0"/>
						<line number="924" hits="0"/>
						<line number="925" hits="0"/>
						<line number="932" hits="0"/>
						<line number="933" hits="0"/>
						<line number="934" hits="0"/>
						<line number="938" hits="0"/>
						<line number="939" hits="0"/>
						<line number="940" hits="0"/>
						<line number="945" hits="0"/>
						<line number="946" hits="0"/>
						<line number="947" hits="0"/>
						<line number="949" hits="0"/>
						<line number="951" hits="0"/>
						<line number="954" hits="0"/>
						<line number="956" hits="0"/>
						<line number="962" hits="0"/>
						<line number="963" hits="0"/>
						<line number="964" hits="0"/>
						<line number="966" hits="0"/>
						<line number="967" hits="0"/>
						<line number="968" hits="0"/>
						<line number="978" hits="0"/>
						<line number="979" hits="0"/>
						<line number="980" hits="0"/>
						<line number="981" hits="0"/>
						<line number="982" hits="0"/>
						<line number="983" hits="0"/>
						<line number="996" hits="0"/>
						<line number="999" hits="0"/>
						<line number="1000" hits="0"/>
						<line number="1002" hits="0"/>
						<line number="1006" hits="0"/>
						<line number="1008" hits="0"/>
						<line number="1012" hits="0"/>
						<line number="1013" hits="0"/>
						<line number="1014" hits="0"/>
						<line number="1031" hits="0"/>
						<line number="1033" hits="0" branch="true" condition-coverage="0% (0/2)" missing-branches="1034,1035"/>
						<line number="1034" hits="0"/>
						<line number="1035" hits="0" branch="true" condition-coverage="0% (0/2)" missing-branches="1036,1038"/>
						<line number="1036" hits="0"/>
						<line number="1038" hits="0"/>
						<line number="1044" hits="0"/>
						<line number="1051" hits="0"/>
						<line number="1052" hits="0"/>
						<line number="1053" hits="0"/>
						<line number="1058" hits="0"/>
						<line number="1059" hits="0"/>
						<line number="1060" hits="0"/>
						<line number="1070" hits="0"/>
						<line number="1071" hits="0"/>
						<line number="1076" hits="0"/>
						<line number="1077" hits="0"/>
						<line number="1078" hits="0"/>
						<line number="1079" hits="0"/>
						<line number="1084" hits="0"/>
						<line number="1085" hits="0"/>
						<line number="1086" hits="0"/>
						<line number="1097" hits="0"/>
						<line number="1098" hits="0"/>
						<line number="1103" hits="0" branch="true" condition-coverage="0% (0/2)" missing-branches="1104,1109"/>
						<line number="1104" hits="0"/>
						<line number="1109" hits="0"/>
						<line number="1110" hits="0"/>
						<line number="1111" hits="0"/>
						<line number="1112" hits="0"/>
						<line number="1113" hits="0"/>
						<line number="1114" hits="0"/>
						<line number="1119" hits="0"/>
						<line number="1120" hits="0"/>
						<line number="1121" hits="0"/>
						<line number="1132" hits="0"/>
						<line number="1133" hits="0"/>
						<line number="1138" hits="0" branch="true" condition-coverage="0% (0/2)" missing-branches="1139,1144"/>
						<line number="1139" hits="0"/>
						<line number="1144" hits="0"/>
						<line number="1145" hits="0"/>
						<line number="1146" hits="0"/>
						<line number="1147" hits="0"/>
						<line number="1148" hits="0"/>
						<line number="1149" hits="0"/>
						<line number="1154" hits="0"/>
						<line number="1155" hits="0"/>
						<line number="1156" hits="0"/>
						<line number="1166" hits="0"/>
						<line number="1167" hits="0"/>
						<line number="1169" hits="0" branch="true" condition-coverage="0% (0/2)" missing-branches="1170,1175"/>
						<line number="1170" hits="0"/>
						<line number="1175" hits="0"/>
						<line number="1176" hits="0"/>
						<line number="1177" hits="0"/>
						<line number="1178" hits="0"/>
						<line number="1179" hits="0"/>
						<line number="1180" hits="0"/>
						<line number="1185" hits="0"/>
						<line number="1186" hits="0"/>
						<line number="1187" hits="0"/>
						<line number="1198" hits="0"/>
						<line number="1199" hits="0"/>
						<line number="1205" hits="0"/>
						<line number="1206" hits="0"/>
						<line number="1207" hits="0"/>
						<line number="1208" hits="0"/>
						<line number="1209" hits="0"/>
						<line number="1210" hits="0"/>
						<line number="1215" hits="0"/>
						<line number="1216" hits="0"/>
						<line number="1217" hits="0"/>
						<line number="1227" hits="0"/>
						<line number="1229" hits="0"/>
						<line number="1230" hits="0"/>
						<line number="1231" hits="0"/>
						<line number="1238" hits="0"/>
						<line number="1239" hits="0"/>
						<line number="1240" hits="0"/>
						<line number="1241" hits="0"/>
						<line number="1242" hits="0"/>
						<line number="1247" hits="0"/>
						<line number="1248" hits="0"/>
						<line number="1249" hits="0"/>
						<line number="1261" hits="0"/>
						<line number="1262" hits="0" branch="true" condition-coverage="0% (0/2)" missing-branches="1263,1268"/>
						<line number="1263" hits="0"/>
						<line number="1268" hits="0"/>
						<line number="1274" hits="0"/>
						<line number="1279" hits="0"/>
						<line number="1280" hits="0"/>
						<line number="1281" hits="0"/>
						<line number="1282" hits="0"/>
						<line number="1283" hits="0"/>
						<line number="1288" hits="0"/>
						<line number="1289" hits="0"/>
						<line number="1290" hits="0"/>
						<line number="1297" hits="0"/>
						<line number="1298" hits="0"/>
						<line number="1299" hits="0"/>
						<line number="1300" hits="0"/>
						<line number="1301" hits="0"/>
						<line number="1302" hits="0"/>
						<line number="1315" hits="0"/>
						<line number="1319" hits="0"/>
						<line number="1320" hits="0"/>
						<line number="1321" hits="0"/>
						<line number="1322" hits="0"/>
						<line number="1324" hits="0"/>
						<line number="1325" hits="0"/>
						<line number="1326" hits="0"/>
						<line number="1345" hits="0"/>
						<line number="1346" hits="0"/>
						<line number="1352" hits="0"/>
						<line number="1353" hits="0"/>
						<line number="1354" hits="0"/>
						<line number="1355" hits="0"/>
						<line number="1360" hits="0"/>
						<line number="1361" hits="0"/>
						<line number="1362" hits="0"/>
						<line number="1372" hits="0"/>
						<line number="1374" hits="0"/>
						<line number="1375" hits="0"/>
						<line number="1376" hits="0"/>
						<line number="1377" hits="0"/>
						<line number="1378" hits="0"/>
						<line number="1383" hits="0"/>
						<line number="1391" hits="0"/>
						<line number="1392" hits="0"/>
						<line number="1393" hits="0"/>
						<line number="1394" hits="0"/>
						<line number="1395" hits="0"/>
						<line number="1396" hits="0"/>
						<line number="1397" hits="0"/>
						<line number="1398" hits="0"/>
						<line number="1403" hits="0"/>
						<line number="1404" hits="0"/>
						<line number="1405" hits="0"/>
						<line number="1415" hits="0"/>
						<line number="1416" hits="0" branch="true" condition-coverage="0% (0/2)" missing-branches="1417,1422"/>
						<line number="1417" hits="0"/>
						<line number="1422" hits="0"/>
						<line number="1423" hits="0"/>
						<line number="1424" hits="0"/>
						<line number="1425" hits="0"/>
						<line number="1426" hits="0"/>
						<line number="1427" hits="0"/>
						<line number="1428" hits="0"/>
						<line number="1433" hits="0"/>
						<line number="1434" hits="0"/>
						<line number="1435" hits="0"/>
						<line number="1442" hits="0"/>
						<line number="1443" hits="0"/>
						<line number="1444" hits="0"/>
						<line number="1445" hits="0"/>
						<line number="1446" hits="0"/>
						<line number="1447" hits="0"/>
						<line number="1452" hits="0"/>
						<line number="1453" hits="0"/>
						<line number="1454" hits="0"/>
						<line number="1464" hits="0"/>
						<line number="1465" hits="0"/>
						<line number="1467" hits="0" branch="true" condition-coverage="0% (0/2)" missing-branches="1468,1473"/>
						<line number="1468" hits="0"/>
						<line number="1473" hits="0"/>
						<line number="1474" hits="0"/>
						<line number="1475" hits="0"/>
						<line number="1476" hits="0"/>
						<line number="1477" hits="0"/>
						<line number="1478" hits="0"/>
						<line number="1483" hits="0"/>
						<line number="1484" hits="0"/>
						<line number="1485" hits="0"/>
						<line number="1495" hits="0"/>
						<line number="1497" hits="0"/>
						<line number="1498" hits="0"/>
						<line number="1500" hits="0" branch="true" condition-coverage="0% (0/2)" missing-branches="1501,1506"/>
						<line number="1501" hits="0"/>
						<line number="1506" hits="0"/>
						<line number="1508" hits="0" branch="true" condition-coverage="0% (0/2)" missing-branches="1509,1514"/>
						<line number="1509" hits="0"/>
						<line number="1514" hits="0"/>
						<line number="1521" hits="0"/>
						<line number="1522" hits="0"/>
						<line number="1523" hits="0"/>
						<line number="1524" hits="0"/>
						<line number="1525" hits="0"/>
						<line number="1530" hits="0"/>
						<line number="1531" hits="0"/>
						<line number="1532" hits="0"/>
						<line number="1542" hits="0"/>
						<line number="1543" hits="0"/>
						<line number="1545" hits="0" branch="true" condition-coverage="0% (0/2)" missing-branches="1546,1551"/>
						<line number="1546" hits="0"/>
						<line number="1551" hits="0"/>
						<line number="1552" hits="0"/>
						<line number="1553" hits="0"/>
						<line number="1554" hits="0"/>
						<line number="1555" hits="0"/>
						<line number="1556" hits="0"/>
						<line number="1561" hits="0"/>
						<line number="1562" hits="0"/>
						<line number="1563" hits="0"/>
						<line number="1573" hits="0"/>
						<line number="1574" hits="0"/>
						<line number="1576" hits="0" branch="true" condition-coverage="0% (0/2)" missing-branches="1577,1582"/>
						<line number="1577" hits="0"/>
						<line number="1582" hits="0"/>
						<line number="1583" hits="0"/>
						<line number="1584" hits="0"/>
						<line number="1585" hits="0"/>
						<line number="1586" hits="0"/>
						<line number="1587" hits="0"/>
						<line number="1592" hits="0"/>
						<line number="1593" hits="0"/>
						<line number="1594" hits="0"/>
						<line number="1604" hits="0"/>
						<line number="1605" hits="0" branch="true" condition-coverage="0% (0/2)" missing-branches="1606,1611"/>
						<line number="1606" hits="0"/>
						<line number="1611" hits="0"/>
						<line number="1612" hits="0"/>
						<line number="1616" hits="0"/>
						<line number="1617" hits="0"/>
						<line number="1618" hits="0"/>
						<line number="1619" hits="0"/>
						<line number="1620" hits="0"/>
						<line number="1633" hits="0"/>
						<line number="1634" hits="0"/>
						<line number="1635" hits="0"/>
						<line number="1636" hits="0"/>
						<line number="1638" hits="0"/>
						<line number="1639" hits="0"/>
						<line number="1640" hits="0"/>
						<line number="1641" hits="0"/>
						<line number="1642" hits="0"/>
						<line number="1644" hits="0"/>
						<line number="1645" hits="0"/>
						<line number="1646" hits="0"/>
						<line number="1647" hits="0"/>
						<line number="1649" hits="0"/>
						<line number="1650" hits="0"/>
						<line number="1651" hits="0"/>
						<line number="1652" hits="0"/>
						<line number="1654" hits="0"/>
						<line number="1655" hits="0"/>
						<line number="1656" hits="0"/>
						<line number="1666" hits="0"/>
						<line number="1667" hits="0"/>
						<line number="1668" hits="0"/>
						<line number="1670" hits="0"/>
						<line number="1677" hits="0"/>
						<line number="1684" hits="0"/>
						<line number="1685" hits="0"/>
						<line number="1686" hits="0"/>
						<line number="1691" hits="0"/>
						<line number="1692" hits="0"/>
						<line number="1693" hits="0"/>
						<line number="1700" hits="0"/>
						<line number="1701" hits="0"/>
						<line number="1702" hits="0"/>
						<line number="1714" hits="0"/>
						<line number="1715" hits="0"/>
						<line number="1716" hits="0"/>
						<line number="1721" hits="0"/>
						<line number="1722" hits="0"/>
						<line number="1723" hits="0"/>
						<line number="1733" hits="0"/>
						<line number="1734" hits="0"/>
						<line number="1736" hits="0" branch="true" condition-coverage="0% (0/2)" missing-branches="1737,1742"/>
						<line number="1737" hits="0"/>
						<line number="1742" hits="0"/>
						<line number="1746" hits="0"/>
						<line number="1747" hits="0"/>
						<line number="1748" hits="0"/>
						<line number="1749" hits="0"/>
						<line number="1750" hits="0"/>
						<line number="1755" hits="0"/>
						<line number="1756" hits="0"/>
						<line number="1757" hits="0"/>
						<line number="1767" hits="0"/>
						<line number="1768" hits="0"/>
						<line number="1775" hits="0"/>
						<line number="1782" hits="0"/>
						<line number="1783" hits="0"/>
						<line number="1784" hits="0"/>
						<line number="1789" hits="0"/>
						<line number="1790" hits="0"/>
						<line number="1791" hits="0"/>
						<line number="1802" hits="0"/>
						<line number="1803" hits="0"/>
						<line number="1808" hits="0"/>
						<line number="1820" hits="0"/>
						<line number="1821" hits="0"/>
						<line number="1822" hits="0"/>
						<line number="1827" hits="0"/>
						<line number="1828" hits="0"/>
						<line number="1829" hits="0"/>
						<line number="1839" hits="0"/>
						<line number="1840" hits="0" branch="true" condition-coverage="0% (0/2)" missing-branches="1841,1846"/>
						<line number="1841" hits="0"/>
						<line number="1846" hits="0" branch="true" condition-coverage="0% (0/2)" missing-branches="1847,1852"/>
						<line number="1847" hits="0"/>
						<line number="1852" hits="0"/>
						<line number="1858" hits="0"/>
						<line number="1859" hits="0"/>
						<line number="1860" hits="0"/>
						<line number="1861" hits="0"/>
						<line number="1862" hits="0"/>
						<line number="1863" hits="0"/>
						<line number="1908" hits="0"/>
						<line number="1909" hits="0"/>
						<line number="1910" hits="0"/>
						<line number="1920" hits="0"/>
						<line number="1921" hits="0" branch="true" condition-coverage="0% (0/2)" missing-branches="1922,1927"/>
						<line number="1922" hits="0"/>
						<line number="1927" hits="0"/>
						<line number="1928" hits="0" branch="true" condition-coverage="0% (0/2)" missing-branches="1930,1932"/>
						<line number="1930" hits="0"/>
						<line number="1932" hits="0"/>
						<line number="1938" hits="0"/>
						<line number="1943" hits="0"/>
						<line number="1948" hits="0"/>
						<line number="1949" hits="0"/>
						<line number="1950" hits="0"/>
						<line number="1951" hits="0"/>
						<line number="1952" hits="0"/>
						<line number="1957" hits="0"/>
						<line number="1958" hits="0"/>
						<line number="1959" hits="0"/>
						<line number="1966" hits="0"/>
						<line number="1967" hits="0"/>
						<line number="1968" hits="0"/>
						<line number="1969" hits="0"/>
						<line number="1970" hits="0"/>
						<line number="1971" hits="0"/>
						<line number="1976" hits="0"/>
						<line number="1977" hits="0"/>
						<line number="1978" hits="0"/>
						<line number="1989" hits="0"/>
						<line number="1990" hits="0"/>
						<line number="1991" hits="0"/>
						<line number="1995" hits="0"/>
						<line number="1996" hits="0"/>
						<line number="1997" hits="0"/>
						<line number="2002" hits="0"/>
						<line number="2003" hits="0"/>
						<line number="2004" hits="0"/>
						<line number="2014" hits="0"/>
						<line number="2015" hits="0"/>
						<line number="2017" hits="0" branch="true" condition-coverage="0% (0/2)" missing-branches="2018,2023"/>
						<line number="2018" hits="0"/>
						<line number="2023" hits="0"/>
						<line number="2027" hits="0"/>
						<line number="2028" hits="0"/>
						<line number="2029" hits="0"/>
						<line number="2030" hits="0"/>
						<line number="2031" hits="0"/>
						<line number="2044" hits="0"/>
						<line number="2046" hits="0"/>
						<line number="2049" hits="0" branch="true" condition-coverage="0% (0/2)" missing-branches="2050,2056"/>
						<line number="2050" hits="0"/>
						<line number="2051" hits="0"/>
						<line number="2056" hits="0"/>
						<line number="2143" hits="0"/>
						<line number="2145" hits="0"/>
						<line number="2148" hits="0" branch="true" condition-coverage="0% (0/2)" missing-branches="2149,2154"/>
						<line number="2149" hits="0"/>
						<line number="2150" hits="0"/>
						<line number="2154" hits="0"/>
						<line number="2156" hits="0"/>
						<line number="2159" hits="0"/>
						<line number="2160" hits="0"/>
						<line number="2161" hits="0"/>
						<line number="2171" hits="0"/>
						<line number="2172" hits="0"/>
						<line number="2173" hits="0"/>
						<line number="2174" hits="0"/>
						<line number="2176" hits="0"/>
						<line number="2181" hits="0"/>
						<line number="2182" hits="0"/>
						<line number="2183" hits="0"/>
						<line number="2188" hits="0"/>
						<line number="2189" hits="0"/>
						<line number="2190" hits="0"/>
						<line number="2200" hits="0"/>
						<line number="2201" hits="0"/>
						<line number="2202" hits="0"/>
						<line number="2204" hits="0" branch="true" condition-coverage="0% (0/2)" missing-branches="2205,2210"/>
						<line number="2205" hits="0"/>
						<line number="2210" hits="0"/>
						<line number="2211" hits="0"/>
						<line number="2212" hits="0"/>
						<line number="2213" hits="0"/>
						<line number="2214" hits="0"/>
						<line number="2215" hits="0"/>
						<line number="2220" hits="0"/>
						<line number="2221" hits="0"/>
						<line number="2222" hits="0"/>
						<line number="2232" hits="0"/>
						<line number="2233" hits="0"/>
						<line number="2234" hits="0"/>
						<line number="2236" hits="0" branch="true" condition-coverage="0% (0/2)" missing-branches="2237,2242"/>
						<line number="2237" hits="0"/>
						<line number="2242" hits="0"/>
						<line number="2246" hits="0"/>
						<line number="2247" hits="0"/>
						<line number="2248" hits="0"/>
						<line number="2249" hits="0"/>
						<line number="2250" hits="0"/>
						<line number="2255" hits="0"/>
						<line number="2256" hits="0"/>
						<line number="2257" hits="0"/>
						<line number="2264" hits="0"/>
						<line number="2265" hits="0"/>
						<line number="2266" hits="0"/>
						<line number="2268" hits="0"/>
						<line number="2272" hits="0"/>
						<line number="2273" hits="0"/>
						<line number="2274" hits="0"/>
						<line number="2287" hits="0"/>
						<line number="2288" hits="0"/>
						<line number="2289" hits="0"/>
						<line number="2299" hits="0"/>
						<line number="2301" hits="0"/>
						<line number="2304" hits="0"/>
						<line number="2305" hits="0" branch="true" condition-coverage="0% (0/2)" missing-branches="2306,2312"/>
						<line number="2306" hits="0"/>
						<line number="2307" hits="0"/>
						<line number="2308" hits="0"/>
						<line number="2312" hits="0"/>
						<line number="2314" hits="0"/>
						<line number="2323" hits="0"/>
						<line number="2330" hits="0"/>
						<line number="2331" hits="0"/>
						<line number="2332" hits="0"/>
						<line number="2341" hits="0"/>
						<line number="2342" hits="0"/>
						<line number="2344" hits="0"/>
						<line number="2347" hits="0"/>
						<line number="2348" hits="0" branch="true" condition-coverage="0% (0/2)" missing-branches="2349,2355"/>
						<line number="2349" hits="0"/>
						<line number="2350" hits="0"/>
						<line number="2351" hits="0"/>
						<line number="2355" hits="0"/>
						<line number="2364" hits="0" branch="true" condition-coverage="0% (0/2)" missing-branches="2365,2371"/>
						<line number="2365" hits="0"/>
						<line number="2371" hits="0"/>
						<line number="2377" hits="0"/>
						<line number="2378" hits="0"/>
						<line number="2379" hits="0"/>
						<line number="2381" hits="0"/>
						<line number="2383" hits="0"/>
						<line number="2384" hits="0"/>
						<line number="2386" hits="0"/>
						<line number="2391" hits="0"/>
						<line number="2392" hits="0"/>
						<line number="2393" hits="0"/>
						<line number="2395" hits="0"/>
						<line number="2397" hits="0"/>
						<line number="2398" hits="0"/>
						<line number="2400" hits="0"/>
						<line number="2405" hits="0"/>
						<line number="2406" hits="0"/>
						<line number="2407" hits="0"/>
						<line number="2409" hits="0"/>
						<line number="2411" hits="0"/>
						<line number="2413" hits="0"/>
						<line number="2414" hits="0"/>
						<line number="2415" hits="0"/>
						<line number="2416" hits="0"/>
						<line number="2417" hits="0"/>
						<line number="2427" hits="0"/>
						<line number="2430" hits="0"/>
						<line number="2432" hits="0"/>
						<line number="2433" hits="0"/>
						<line number="2434" hits="0"/>
						<line number="2444" hits="0"/>
						<line number="2446" hits="0"/>
						<line number="2447" hits="0"/>
						<line number="2448" hits="0"/>
						<line number="2451" hits="0"/>
						<line number="2454" hits="0"/>
						<line number="2459" hits="0"/>
						<line number="2467" hits="0"/>
						<line number="2468" hits="0"/>
						<line number="2469" hits="0"/>
						<line number="2473" hits="0"/>
						<line number="2474" hits="0"/>
						<line number="2475" hits="0"/>
						<line number="2480" hits="0"/>
						<line number="2481" hits="0"/>
						<line number="2482" hits="0"/>
						<line number="2489" hits="0"/>
						<line number="2490" hits="0"/>
						<line number="2491" hits="0"/>
						<line number="2492" hits="0"/>
						<line number="2494" hits="0"/>
						<line number="2495" hits="0"/>
						<line number="2497" hits="0"/>
						<line number="2501" hits="0"/>
						<line number="2502" hits="0"/>
						<line number="2503" hits="0"/>
						<line number="2507" hits="0"/>
						<line number="2508" hits="0"/>
						<line number="2509" hits="0"/>
						<line number="2522" hits="0"/>
						<line number="2525" hits="0"/>
						<line number="2526" hits="0"/>
						<line number="2528" hits="0"/>
[...]
						<line number="284" hits="0"/>
						<line number="285" hits="0"/>
						<line number="287" hits="0" branch="true" condition-coverage="0% (0/2)" missing-branches="290,309"/>
						<line number="290" hits="0"/>
						<line number="291" hits="0"/>
						<line number="292" hits="0"/>
						<line number="293" hits="0"/>
						<line number="295" hits="0"/>
						<line number="296" hits="0"/>
						<line number="298" hits="0"/>
						<line number="309" hits="0"/>
						<line number="313" hits="0"/>
						<line number="316" hits="0"/>
						<line number="319" hits="0" branch="true" condition-coverage="0% (0/2)" missing-branches="320,321"/>
						<line number="320" hits="0"/>
						<line number="321" hits="0"/>
						<line number="325" hits="0"/>
						<line number="328" hits="0"/>
						<line number="334" hits="0"/>
						<line number="341" hits="0"/>
						<line number="342" hits="0"/>
						<line number="343" hits="0"/>
						<line number="344" hits="0"/>
						<line number="345" hits="0"/>
						<line number="347" hits="0"/>
						<line number="355" hits="0"/>
						<line number="358" hits="0"/>
						<line number="359" hits="0"/>
						<line number="360" hits="0"/>
						<line number="363" hits="0"/>
						<line number="364" hits="0"/>
						<line number="367" hits="0"/>
						<line number="368" hits="0"/>
						<line number="374" hits="0"/>
						<line number="376" hits="0"/>
						<line number="386" hits="0"/>
						<line number="387" hits="0"/>
						<line number="389" hits="0"/>
						<line number="396" hits="0" branch="true" condition-coverage="0% (0/2)" missing-branches="397,399"/>
						<line number="397" hits="0"/>
						<line number="399" hits="0"/>
						<line number="402" hits="0"/>
						<line number="403" hits="0"/>
						<line number="405" hits="0" branch="true" condition-coverage="0% (0/2)" missing-branches="406,409"/>
						<line number="406" hits="0"/>
						<line number="407" hits="0"/>
						<line number="409" hits="0" branch="true" condition-coverage="0% (0/2)" missing-branches="410,413"/>
						<line number="410" hits="0"/>
						<line number="411" hits="0"/>
						<line number="413" hits="0" branch="true" condition-coverage="0% (0/2)" missing-branches="414,417"/>
						<line number="414" hits="0"/>
						<line number="415" hits="0"/>
						<line number="417" hits="0"/>
						<line number="418" hits="0" branch="true" condition-coverage="0% (0/2)" missing-branches="419,420"/>
						<line number="419" hits="0"/>
						<line number="420" hits="0" branch="true" condition-coverage="0% (0/2)" missing-branches="421,423"/>
						<line number="421" hits="0"/>
						<line number="423" hits="0"/>
						<line number="431" hits="0"/>
						<line number="438" hits="0" branch="true" condition-coverage="0% (0/2)" missing-branches="439,441"/>
						<line number="439" hits="0"/>
						<line number="441" hits="0"/>
						<line number="442" hits="0"/>
						<line number="443" hits="0"/>
						<line number="445" hits="0"/>
						<line number="462" hits="0"/>
						<line number="472" hits="0"/>
						<line number="473" hits="0"/>
						<line number="475" hits="0"/>
						<line number="476" hits="0" branch="true" condition-coverage="0% (0/2)" missing-branches="477,485"/>
						<line number="477" hits="0"/>
						<line number="478" hits="0"/>
						<line number="479" hits="0" branch="true" condition-coverage="0% (0/2)" missing-branches="476,480"/>
						<line number="480" hits="0"/>
						<line number="481" hits="0"/>
						<line number="483" hits="0"/>
						<line number="485" hits="0"/>
						<line number="487" hits="0"/>
						<line number="489" hits="0"/>
						<line number="490" hits="0"/>
						<line number="491" hits="0"/>
						<line number="496" hits="0"/>
						<line number="497" hits="0"/>
						<line number="499" hits="0"/>
						<line number="500" hits="0"/>
						<line number="501" hits="0"/>
						<line number="503" hits="0"/>
						<line number="505" hits="0"/>
						<line number="506" hits="0" branch="true" condition-coverage="0% (0/2)" missing-branches="exit,507"/>
						<line number="507" hits="0"/>
						<line number="508" hits="0"/>
						<line number="510" hits="0"/>
						<line number="514" hits="0"/>
						<line number="515" hits="0"/>
						<line number="516" hits="0"/>
						<line number="519" hits="0"/>
						<line number="524" hits="0"/>
						<line number="525" hits="0"/>
						<line number="535" hits="0"/>
						<line number="536" hits="0"/>
						<line number="538" hits="0"/>
						<line number="539" hits="0"/>
						<line number="542" hits="0" branch="true" condition-coverage="0% (0/2)" missing-branches="543,557"/>
						<line number="543" hits="0"/>
						<line number="554" hits="0"/>
						<line number="557" hits="0" branch="true" condition-coverage="0% (0/2)" missing-branches="558,573"/>
						<line number="558" hits="0"/>
						<line number="570" hits="0"/>
						<line number="573" hits="0"/>
						<line number="574" hits="0" branch="true" condition-coverage="0% (0/2)" missing-branches="575,589"/>
						<line number="575" hits="0"/>
						<line number="586" hits="0"/>
						<line number="589" hits="0" branch="true" condition-coverage="0% (0/2)" missing-branches="590,602"/>
						<line number="590" hits="0"/>
						<line number="602" hits="0"/>
						<line number="611" hits="0"/>
						<line number="621" hits="0"/>
						<line number="622" hits="0"/>
						<line number="623" hits="0"/>
						<line number="624" hits="0"/>
						<line number="625" hits="0"/>
						<line number="628" hits="0"/>
						<line number="629" hits="0"/>
						<line number="630" hits="0"/>
						<line number="631" hits="0"/>
						<line number="632" hits="0"/>
						<line number="635" hits="0"/>
						<line number="636" hits="0"/>
						<line number="637" hits="0"/>
						<line number="638" hits="0"/>
						<line number="639" hits="0"/>
						<line number="640" hits="0"/>
						<line number="643" hits="0" branch="true" condition-coverage="0% (0/2)" missing-branches="644,650"/>
						<line number="644" hits="0"/>
						<line number="645" hits="0" branch="true" condition-coverage="0% (0/2)" missing-branches="646,647"/>
						<line number="646" hits="0"/>
						<line number="647" hits="0"/>
						<line number="650" hits="0" branch="true" condition-coverage="0% (0/2)" missing-branches="651,657"/>
						<line number="651" hits="0"/>
						<line number="652" hits="0" branch="true" condition-coverage="0% (0/2)" missing-branches="653,654"/>
						<line number="653" hits="0"/>
						<line number="654" hits="0"/>
						<line number="657" hits="0"/>
						<line number="658" hits="0" branch="true" condition-coverage="0% (0/2)" missing-branches="659,663"/>
						<line number="659" hits="0"/>
						<line number="660" hits="0" branch="true" condition-coverage="0% (0/2)" missing-branches="658,661"/>
						<line number="661" hits="0"/>
						<line number="663" hits="0"/>
						<line number="664" hits="0"/>
						<line number="666" hits="0"/>
						<line number="670" hits="0"/>
						<line number="677" hits="0"/>
						<line number="679" hits="0"/>
						<line number="680" hits="0"/>
						<line number="681" hits="0"/>
						<line number="683" hits="0"/>
						<line number="684" hits="0"/>
						<line number="686" hits="0"/>
						<line number="688" hits="0"/>
						<line number="689" hits="0"/>
						<line number="691" hits="0"/>
						<line number="694" hits="0"/>
						<line number="702" hits="0"/>
						<line number="703" hits="0"/>
						<line number="710" hits="0"/>
						<line number="715" hits="0"/>
						<line number="716" hits="0"/>
						<line number="718" hits="0"/>
						<line number="720" hits="0"/>
						<line number="721" hits="0"/>
						<line number="723" hits="0"/>
						<line number="724" hits="0"/>
						<line number="726" hits="0"/>
						<line number="727" hits="0"/>
						<line number="729" hits="0"/>
						<line number="730" hits="0"/>
						<line number="731" hits="0"/>
						<line number="733" hits="0"/>
						<line number="734" hits="0"/>
						<line number="736" hits="0"/>
						<line number="738" hits="0"/>
						<line number="739" hits="0"/>
						<line number="741" hits="0"/>
						<line number="743" hits="0"/>
						<line number="744" hits="0"/>
						<line number="746" hits="0"/>
						<line number="748" hits="0"/>
						<line number="749" hits="0"/>
						<line number="751" hits="0"/>
						<line number="753" hits="0"/>
						<line number="754" hits="0"/>
						<line number="757" hits="0"/>
						<line number="758" hits="0"/>
						<line number="760" hits="0"/>
						<line number="764" hits="0"/>
						<line number="765" hits="0"/>
						<line number="766" hits="0"/>
						<line number="767" hits="0"/>
						<line number="768" hits="0"/>
						<line number="769" hits="0"/>
						<line number="770" hits="0"/>
						<line number="772" hits="0"/>
						<line number="773" hits="0"/>
						<line number="774" hits="0"/>
						<line number="775" hits="0"/>
						<line number="777" hits="0"/>
						<line number="778" hits="0"/>
						<line number="779" hits="0"/>
						<line number="782" hits="0"/>
						<line number="785" hits="0"/>
						<line number="787" hits="0"/>
						<line number="789" hits="0"/>
						<line number="792" hits="0"/>
						<line number="795" hits="0"/>
						<line number="797" hits="0"/>
						<line number="798" hits="0"/>
						<line number="801" hits="0"/>
						<line number="802" hits="0"/>
						<line number="803" hits="0"/>
						<line number="804" hits="0"/>
						<line number="805" hits="0"/>
						<line number="806" hits="0"/>
						<line number="807" hits="0" branch="true" condition-coverage="0% (0/2)" missing-branches="808,811"/>
						<line number="808" hits="0"/>
						<line number="811" hits="0"/>
						<line number="812" hits="0"/>
						<line number="813" hits="0"/>
						<line number="814" hits="0"/>
						<line number="817" hits="0"/>
						<line number="818" hits="0"/>
					</lines>
				</class>
				<class name="platform_detect.py" filename="utils/platform_detect.py" complexity="0" line-rate="0" branch-rate="0">
					<methods/>
					<lines>
						<line number="12" hits="0"/>
						<line number="13" hits="0"/>
						<line number="14" hits="0"/>
						<line number="15" hits="0"/>
						<line number="16" hits="0"/>
						<line number="17" hits="0"/>
						<line number="19" hits="0"/>
						<line number="21" hits="0"/>
						<line number="22" hits="0"/>
						<line number="25" hits="0"/>
						<line number="32" hits="0"/>
						<line number="33" hits="0" branch="true" condition-coverage="0% (0/2)" missing-branches="34,35"/>
						<line number="34" hits="0"/>
						<line number="35" hits="0" branch="true" condition-coverage="0% (0/2)" missing-branches="36,37"/>
						<line number="36" hits="0"/>
						<line number="37" hits="0" branch="true" condition-coverage="0% (0/2)" missing-branches="38,40"/>
						<line number="38" hits="0"/>
						<line number="40" hits="0"/>
						<line number="41" hits="0"/>
						<line number="44" hits="0"/>
						<line number="55" hits="0"/>
						<line number="58" hits="0"/>
						<line number="65" hits="0"/>
						<line number="67" hits="0" branch="true" condition-coverage="0% (0/2)" missing-branches="69,78"/>
						<line number="69" hits="0"/>
						<line number="70" hits="0"/>
						<line number="74" hits="0"/>
						<line number="75" hits="0"/>
						<line number="76" hits="0"/>
						<line number="77" hits="0"/>
						<line number="78" hits="0" branch="true" condition-coverage="0% (0/2)" missing-branches="79,80"/>
						<line number="79" hits="0"/>
						<line number="80" hits="0" branch="true" condition-coverage="0% (0/2)" missing-branches="81,83"/>
						<line number="81" hits="0"/>
						<line number="83" hits="0"/>
						<line number="86" hits="0"/>
						<line number="97" hits="0"/>
						<line number="99" hits="0"/>
						<line number="100" hits="0" branch="true" condition-coverage="0% (0/2)" missing-branches="102,127"/>
						<line number="102" hits="0"/>
						<line number="103" hits="0"/>
						<line number="107" hits="0"/>
						<line number="108" hits="0"/>
						<line number="109" hits="0"/>
						<line number="111" hits="0"/>
						<line number="112" hits="0"/>
						<line number="117" hits="0"/>
						<line number="121" hits="0"/>
						<line number="122" hits="0"/>
						<line number="123" hits="0"/>
						<line number="124" hits="0"/>
						<line number="125" hits="0"/>
						<line number="127" hits="0" branch="true" condition-coverage="0% (0/2)" missing-branches="129,142"/>
						<line number="129" hits="0"/>
						<line number="130" hits="0"/>
						<line number="138" hits="0"/>
						<line number="139" hits="0"/>
						<line number="140" hits="0"/>
						<line number="142" hits="0" branch="true" condition-coverage="0% (0/2)" missing-branches="143,147"/>
						<line number="143" hits="0"/>
						<line number="144" hits="0"/>
						<line number="147" hits="0"/>
						<line number="148" hits="0"/>
						<line number="150" hits="0"/>
						<line number="151" hits="0"/>
						<line number="152" hits="0"/>
						<line number="153" hits="0"/>
						<line number="154" hits="0"/>
						<line number="155" hits="0"/>
						<line number="156" hits="0"/>
						<line number="157" hits="0"/>
						<line number="158" hits="0"/>
						<line number="161" hits="0"/>
						<line number="168" hits="0"/>
						<line number="170" hits="0" branch="true" condition-coverage="0% (0/2)" missing-branches="171,173"/>
						<line number="171" hits="0"/>
						<line number="173" hits="0"/>
						<line number="176" hits="0"/>
						<line number="186" hits="0"/>
						<line number="188" hits="0"/>
						<line number="189" hits="0"/>
						<line number="190" hits="0"/>
						<line number="191" hits="0"/>
						<line number="192" hits="0"/>
						<line number="193" hits="0"/>
						<line number="196" hits="0"/>
						<line number="203" hits="0"/>
						<line number="206" hits="0"/>
						<line number="213" hits="0"/>
						<line number="215" hits="0" branch="true" condition-coverage="0% (0/2)" missing-branches="217,220"/>
						<line number="217" hits="0"/>
						<line number="220" hits="0"/>
						<line number="222" hits="0" branch="true" condition-coverage="0% (0/2)" missing-branches="223,226"/>
						<line number="223" hits="0"/>
						<line number="226" hits="0"/>
						<line number="229" hits="0"/>
						<line number="236" hits="0"/>
					</lines>
				</class>
				<class name="remote_config.py" filename="utils/remote_config.py" complexity="0" line-rate="0" branch-rate="0">
					<methods/>
					<lines>
						<line number="6" hits="0"/>
						<line number="7" hits="0"/>
						<line number="8" hits="0"/>
						<line number="9" hits="0"/>
						<line number="11" hits="0"/>
						<line number="14" hits="0"/>
						<line number="17" hits="0"/>
						<line number="20" hits="0"/>
						<line number="21" hits="0"/>
						<line number="22" hits="0"/>
						<line number="23" hits="0"/>
						<line number="24" hits="0"/>
						<line number="25" hits="0"/>
						<line number="26" hits="0"/>
						<line number="27" hits="0"/>
						<line number="28" hits="0"/>
						<line number="31" hits="0"/>
						<line number="32" hits="0"/>
						<line number="34" hits="0"/>
						<line number="35" hits="0" branch="true" condition-coverage="0% (0/2)" missing-branches="exit,37"/>
						<line number="37" hits="0"/>
						<line number="38" hits="0"/>
						<line number="39" hits="0"/>
						<line number="40" hits="0"/>
						<line number="41" hits="0"/>
						<line number="44" hits="0"/>
						<line number="46" hits="0"/>
						<line number="48" hits="0"/>
						<line number="50" hits="0"/>
						<line number="52" hits="0"/>
						<line number="55" hits="0" branch="true" condition-coverage="0% (0/2)" missing-branches="56,58"/>
						<line number="56" hits="0"/>
						<line number="58" hits="0" branch="true" condition-coverage="0% (0/2)" missing-branches="59,65"/>
						<line number="59" hits="0"/>
						<line number="60" hits="0"/>
						<line number="64" hits="0"/>
						<line number="65" hits="0"/>
						<line number="67" hits="0"/>
						<line number="70" hits="0" branch="true" condition-coverage="0% (0/2)" missing-branches="71,73"/>
						<line number="71" hits="0"/>
						<line number="73" hits="0" branch="true" condition-coverage="0% (0/2)" missing-branches="74,80"/>
						<line number="74" hits="0"/>
						<line number="75" hits="0"/>
						<line number="79" hits="0"/>
						<line number="80" hits="0"/>
						<line number="82" hits="0"/>
						<line number="85" hits="0" branch="true" condition-coverage="0% (0/2)" missing-branches="87,92"/>
						<line number="87" hits="0" branch="true" condition-coverage="0% (0/2)" missing-branches="88,89"/>
						<line number="88" hits="0"/>
						<line number="89" hits="0" branch="true" condition-coverage="0% (0/2)" missing-branches="90,92"/>
						<line number="90" hits="0"/>
						<line number="92" hits="0" branch="true" condition-coverage="0% (0/2)" missing-branches="93,99"/>
						<line number="93" hits="0"/>
						<line number="94" hits="0"/>
						<line number="98" hits="0"/>
						<line number="99" hits="0"/>
						<line number="101" hits="0"/>
						<line number="108" hits="0"/>
						<line number="109" hits="0"/>
						<line number="112" hits="0" branch="true" condition-coverage="0% (0/2)" missing-branches="113,117"/>
						<line number="113" hits="0" branch="true" condition-coverage="0% (0/2)" missing-branches="114,117"/>
						<line number="114" hits="0"/>
						<line number="117" hits="0" branch="true" condition-coverage="0% (0/2)" missing-branches="118,131"/>
						<line number="118" hits="0" branch="true" condition-coverage="0% (0/2)" missing-branches="119,122"/>
						<line number="119" hits="0"/>
						<line number="122" hits="0" branch="true" condition-coverage="0% (0/2)" missing-branches="123,128"/>
						<line number="123" hits="0" branch="true" condition-coverage="0% (0/2)" missing-branches="124,125"/>
						<line number="124" hits="0"/>
						<line number="125" hits="0" branch="true" condition-coverage="0% (0/2)" missing-branches="126,131"/>
						<line number="126" hits="0"/>
						<line number="128" hits="0"/>
						<line number="131" hits="0" branch="true" condition-coverage="0% (0/2)" missing-branches="132,135"/>
						<line number="132" hits="0"/>
						<line number="135" hits="0" branch="true" condition-coverage="0% (0/2)" missing-branches="136,138"/>
						<line number="136" hits="0"/>
						<line number="138" hits="0"/>
						<line number="139" hits="0" branch="true" condition-coverage="0% (0/2)" missing-branches="140,141"/>
						<line number="140" hits="0"/>
						<line number="141" hits="0" branch="true" condition-coverage="0% (0/2)" missing-branches="142,144"/>
						<line number="142" hits="0"/>
						<line number="144" hits="0"/>
						<line number="156" hits="0"/>
						<line number="158" hits="0"/>
						<line number="159" hits="0" branch="true" condition-coverage="0% (0/2)" missing-branches="160,161"/>
						<line number="160" hits="0"/>
						<line number="161" hits="0" branch="true" condition-coverage="0% (0/2)" missing-branches="162,164"/>
						<line number="162" hits="0"/>
						<line number="164" hits="0"/>
						<line number="183" hits="0"/>
						<line number="185" hits="0"/>
						<line number="188" hits="0"/>
						<line number="195" hits="0"/>
						<line number="196" hits="0"/>
						<line number="199" hits="0"/>
						<line number="200" hits="0"/>
						<line number="201" hits="0"/>
						<line number="202" hits="0"/>
						<line number="205" hits="0" branch="true" condition-coverage="0% (0/2)" missing-branches="206,209"/>
						<line number="206" hits="0"/>
						<line number="209" hits="0"/>
						<line number="210" hits="0" branch="true" condition-coverage="0% (0/2)" missing-branches="211,212"/>
						<line number="211" hits="0"/>
						<line number="212" hits="0"/>
					</lines>
				</class>
			</classes>
		</package>
	</packages>
</coverage>
