============================= test session starts =============================
platform win32 -- Python 3.14.0, pytest-9.0.2, pluggy-1.6.0 -- C:\Python314\python.exe
cachedir: .pytest_cache
rootdir: C:\anti\antigravity-workspace-template
configfile: pytest.ini
testpaths: tests
plugins: asyncio-1.3.0, cov-7.0.0, anyio-4.12.1
asyncio: mode=Mode.AUTO, debug=False, asyncio_default_fixture_loop_scope=None, asyncio_default_test_loop_scope=function
collecting ... collected 928 items

tests/config/test_configuration_validation.py::TestEnvironmentConfiguration::test_env_example_exists PASSED [  0%]
tests/config/test_configuration_validation.py::TestEnvironmentConfiguration::test_env_example_format PASSED [  0%]
tests/config/test_configuration_validation.py::TestEnvironmentConfiguration::test_env_required_variables PASSED [  0%]
tests/config/test_configuration_validation.py::TestEnvironmentConfiguration::test_env_no_actual_secrets PASSED [  0%]
tests/config/test_configuration_validation.py::TestEnvironmentConfiguration::test_referenced_env_vars_in_code_exist_in_example PASSED [  0%]
tests/config/test_configuration_validation.py::TestMCPConfiguration::test_mcp_json_exists PASSED [  0%]
tests/config/test_configuration_validation.py::TestMCPConfiguration::test_mcp_json_valid_format PASSED [  0%]
tests/config/test_configuration_validation.py::TestMCPConfiguration::test_mcp_required_fields PASSED [  0%]
tests/config/test_configuration_validation.py::TestMCPConfiguration::test_mcp_server_configurations PASSED [  0%]
tests/config/test_configuration_validation.py::TestMCPConfiguration::test_mcp_environment_variables_match PASSED [  1%]
tests/config/test_configuration_validation.py::TestMCPConfiguration::test_mcp_core_servers_enabled PASSED [  1%]
tests/config/test_configuration_validation.py::TestDockerConfiguration::test_docker_compose_exists PASSED [  1%]
tests/config/test_configuration_validation.py::TestDockerConfiguration::test_docker_compose_valid_yaml PASSED [  1%]
tests/config/test_configuration_validation.py::TestDockerConfiguration::test_docker_compose_version PASSED [  1%]
tests/config/test_configuration_validation.py::TestDockerConfiguration::test_docker_compose_required_services PASSED [  1%]
tests/config/test_configuration_validation.py::TestDockerConfiguration::test_docker_compose_service_configuration PASSED [  1%]
tests/config/test_configuration_validation.py::TestDockerConfiguration::test_docker_compose_environment_variables PASSED [  1%]
tests/config/test_configuration_validation.py::TestDockerConfiguration::test_dockerfile_exists PASSED [  1%]
tests/config/test_configuration_validation.py::TestDockerConfiguration::test_dockerfile_format PASSED [  2%]
tests/config/test_configuration_validation.py::TestShellScripts::test_shell_scripts_exist PASSED [  2%]
tests/config/test_configuration_validation.py::TestShellScripts::test_shell_scripts_executable PASSED [  2%]
tests/config/test_configuration_validation.py::TestShellScripts::test_shell_scripts_shebang PASSED [  2%]
tests/config/test_configuration_validation.py::TestShellScripts::test_shell_scripts_no_syntax_errors SKIPPED [  2%]
tests/config/test_configuration_validation.py::TestShellScripts::test_shell_scripts_error_handling PASSED [  2%]
tests/config/test_configuration_validation.py::TestPythonDependencies::test_requirements_txt_exists PASSED [  2%]
tests/config/test_configuration_validation.py::TestPythonDependencies::test_requirements_txt_format PASSED [  2%]
tests/config/test_configuration_validation.py::TestPythonDependencies::test_requirements_txt_parseable PASSED [  2%]
tests/config/test_configuration_validation.py::TestPythonDependencies::test_no_conflicting_dependencies PASSED [  3%]
tests/config/test_configuration_validation.py::TestPythonDependencies::test_pytest_configured PASSED [  3%]
tests/config/test_configuration_validation.py::TestGitConfiguration::test_gitignore_exists PASSED [  3%]
tests/config/test_configuration_validation.py::TestGitConfiguration::test_gitignore_covers_sensitive_files PASSED [  3%]
tests/config/test_configuration_validation.py::TestGitConfiguration::test_no_env_file_committed PASSED [  3%]
tests/config/test_configuration_validation.py::TestCIConfiguration::test_github_workflows_directory_exists PASSED [  3%]
tests/config/test_configuration_validation.py::TestCIConfiguration::test_test_workflow_exists PASSED [  3%]
tests/config/test_configuration_validation.py::TestCIConfiguration::test_workflow_valid_yaml PASSED [  3%]
tests/config/test_configuration_validation.py::TestCIConfiguration::test_workflow_has_required_fields PASSED [  3%]
tests/config/test_setup_scripts.py::TestInstallScript::test_install_script_exists PASSED [  3%]
tests/config/test_setup_scripts.py::TestInstallScript::test_install_script_executable PASSED [  4%]
tests/config/test_setup_scripts.py::TestInstallScript::test_install_script_has_shebang PASSED [  4%]
tests/config/test_setup_scripts.py::TestInstallScript::test_install_script_error_handling PASSED [  4%]
tests/config/test_setup_scripts.py::TestInstallScript::test_install_script_checks_dependencies PASSED [  4%]
tests/config/test_setup_scripts.py::TestInstallScript::test_install_script_no_hardcoded_paths PASSED [  4%]
tests/config/test_setup_scripts.py::TestInstallScript::test_install_script_installs_dependencies PASSED [  4%]
tests/config/test_setup_scripts.py::TestInstallScript::test_install_script_syntax SKIPPED [  4%]
tests/config/test_setup_scripts.py::TestConfigureScript::test_configure_script_exists PASSED [  4%]
tests/config/test_setup_scripts.py::TestConfigureScript::test_configure_script_executable PASSED [  4%]
tests/config/test_setup_scripts.py::TestConfigureScript::test_configure_script_has_shebang PASSED [  5%]
tests/config/test_setup_scripts.py::TestConfigureScript::test_configure_script_handles_env_file PASSED [  5%]
tests/config/test_setup_scripts.py::TestConfigureScript::test_configure_script_validates_config PASSED [  5%]
tests/config/test_setup_scripts.py::TestConfigureScript::test_configure_script_syntax SKIPPED [  5%]
tests/config/test_setup_scripts.py::TestStartScript::test_start_script_exists PASSED [  5%]
tests/config/test_setup_scripts.py::TestStartScript::test_start_script_executable PASSED [  5%]
tests/config/test_setup_scripts.py::TestStartScript::test_start_script_has_shebang PASSED [  5%]
tests/config/test_setup_scripts.py::TestStartScript::test_start_script_starts_services PASSED [  5%]
tests/config/test_setup_scripts.py::TestStartScript::test_start_script_checks_prerequisites PASSED [  5%]
tests/config/test_setup_scripts.py::TestStartScript::test_start_script_syntax SKIPPED [  6%]
tests/config/test_setup_scripts.py::TestStopScript::test_stop_script_exists PASSED [  6%]
tests/config/test_setup_scripts.py::TestStopScript::test_stop_script_executable PASSED [  6%]
tests/config/test_setup_scripts.py::TestStopScript::test_stop_script_has_shebang PASSED [  6%]
tests/config/test_setup_scripts.py::TestStopScript::test_stop_script_stops_services PASSED [  6%]
tests/config/test_setup_scripts.py::TestStopScript::test_stop_script_graceful_shutdown PASSED [  6%]
tests/config/test_setup_scripts.py::TestStopScript::test_stop_script_syntax SKIPPED [  6%]
tests/config/test_setup_scripts.py::TestValidateScript::test_validate_script_executable PASSED [  6%]
tests/config/test_setup_scripts.py::TestValidateScript::test_validate_script_has_shebang PASSED [  6%]
tests/config/test_setup_scripts.py::TestValidateScript::test_validate_script_checks_configuration PASSED [  7%]
tests/config/test_setup_scripts.py::TestValidateScript::test_validate_script_syntax SKIPPED [  7%]
tests/config/test_setup_scripts.py::TestScriptInteraction::test_scripts_reference_consistent_paths PASSED [  7%]
tests/config/test_setup_scripts.py::TestScriptInteraction::test_scripts_use_consistent_error_codes PASSED [  7%]
tests/config/test_setup_scripts.py::TestScriptIdempotency::test_configure_script_can_run_multiple_times PASSED [  7%]
tests/config/test_setup_scripts.py::TestScriptIdempotency::test_install_script_handles_existing_installation PASSED [  7%]
tests/config/test_setup_scripts.py::TestScriptDocumentation::test_scripts_have_comments PASSED [  7%]
tests/config/test_setup_scripts.py::TestScriptDocumentation::test_scripts_have_usage_info PASSED [  7%]
tests/e2e/test_complete_workflow.py::TestCompleteWorkflow::test_upload_and_query_workflow PASSED [  7%]
tests/e2e/test_complete_workflow.py::TestCompleteWorkflow::test_system_health_monitoring PASSED [  7%]
tests/e2e/test_complete_workflow.py::TestCompleteWorkflow::test_concurrent_user_requests PASSED [  8%]
tests/integration/test_api_endpoints.py::TestAPIEndpoints::test_root_endpoint PASSED [  8%]
tests/integration/test_api_endpoints.py::TestAPIEndpoints::test_health_endpoint PASSED [  8%]
tests/integration/test_api_endpoints.py::TestAPIEndpoints::test_files_endpoint PASSED [  8%]
tests/integration/test_api_endpoints.py::TestAPIEndpoints::test_upload_single_file PASSED [  8%]
tests/integration/test_api_endpoints.py::TestAPIEndpoints::test_upload_multiple_files PASSED [  8%]
tests/integration/test_api_endpoints.py::TestAPIEndpoints::test_ask_agent_endpoint PASSED [  8%]
tests/integration/test_api_endpoints.py::TestAPIEndpoints::test_ask_agent_complex_query PASSED [  8%]
tests/integration/test_api_endpoints.py::TestAPIEndpoints::test_ask_agent_empty_query PASSED [  8%]
tests/integration/test_api_endpoints.py::TestAPIEndpoints::test_cors_headers PASSED [  9%]
tests/integration/test_api_endpoints.py::TestAPIEndpoints::test_api_versioning PASSED [  9%]
tests/integration/test_api_endpoints.py::TestAPIEndpoints::test_concurrent_requests PASSED [  9%]
tests/integration/test_api_endpoints.py::TestAPIEndpoints::test_upload_with_subdirectory PASSED [  9%]
tests/integration/test_api_endpoints.py::TestAPIEndpoints::test_error_handling PASSED [  9%]
tests/integration/test_api_endpoints.py::TestAPIEndpoints::test_all_get_endpoints[/-GET] PASSED [  9%]
tests/integration/test_api_endpoints.py::TestAPIEndpoints::test_all_get_endpoints[/health-GET] PASSED [  9%]
tests/integration/test_api_endpoints.py::TestAPIEndpoints::test_all_get_endpoints[/files-GET] PASSED [  9%]
tests/integration/test_api_endpoints.py::TestAPIEndpoints::test_agent_ask_preserves_formatting PASSED [  9%]
tests/integration/test_api_endpoints.py::TestPerformanceEndpoints::test_performance_health_endpoint PASSED [ 10%]
tests/integration/test_api_endpoints.py::TestPerformanceEndpoints::test_performance_metrics_endpoint PASSED [ 10%]
tests/integration/test_api_endpoints.py::TestPerformanceEndpoints::test_performance_summary_endpoint PASSED [ 10%]
tests/integration/test_api_endpoints.py::TestPerformanceEndpoints::test_performance_analysis_endpoint PASSED [ 10%]
tests/integration/test_api_endpoints.py::TestPerformanceEndpoints::test_performance_report_endpoint PASSED [ 10%]
tests/integration/test_file_watcher.py::TestFileWatcherIntegration::test_watcher_detects_new_folder PASSED [ 10%]
tests/integration/test_file_watcher.py::TestFileWatcherIntegration::test_watcher_debouncing PASSED [ 10%]
tests/integration/test_file_watcher.py::TestFileWatcherIntegration::test_watcher_processes_after_debounce PASSED [ 10%]
tests/integration/test_rag_pipeline.py::TestRAGPipeline::test_complete_rag_workflow PASSED [ 10%]
tests/integration/test_rag_pipeline.py::TestRAGPipeline::test_rag_with_orchestrator FAILED [ 10%]
tests/integration/test_rag_pipeline.py::TestRAGPipeline::test_rag_handles_empty_results PASSED [ 11%]
tests/integration/test_rag_pipeline.py::TestRAGPipeline::test_rag_with_large_documents PASSED [ 11%]
tests/integration/test_rag_pipeline.py::TestRAGPipeline::test_rag_concurrent_ingestion PASSED [ 11%]
tests/integration/test_rag_pipeline.py::TestAgentOrchestration::test_orchestrator_routing_decision PASSED [ 11%]
tests/integration/test_rag_pipeline.py::TestAgentOrchestration::test_orchestrator_fallback_mechanism PASSED [ 11%]
tests/performance/test_api_response_times.py::TestAPIResponseTimes::test_health_check_response_time PASSED [ 11%]
tests/performance/test_api_response_times.py::TestAPIResponseTimes::test_root_endpoint_response_time PASSED [ 11%]
tests/performance/test_api_response_times.py::TestAPIResponseTimes::test_files_endpoint_response_time PASSED [ 11%]
tests/performance/test_api_response_times.py::TestAPIResponseTimes::test_agent_stats_response_time PASSED [ 11%]
tests/performance/test_api_response_times.py::TestAPIResponseTimes::test_performance_metrics_response_time PASSED [ 12%]
tests/performance/test_api_response_times.py::TestAPIResponseTimes::test_cache_warming_improves_response_time FAILED [ 12%]
tests/performance/test_api_response_times.py::TestAPIResponseTimes::test_response_time_consistency PASSED [ 12%]
tests/performance/test_api_response_times.py::TestEndToEndPerformance::test_complete_workflow_performance PASSED [ 12%]
tests/performance/test_cache_efficiency.py::TestCacheEfficiency::test_cache_hit_rate_simple_queries FAILED [ 12%]
tests/performance/test_cache_efficiency.py::TestCacheEfficiency::test_cache_speedup SKIPPED [ 12%]
tests/performance/test_cache_efficiency.py::TestCacheEfficiency::test_cache_size_management FAILED [ 12%]
tests/performance/test_cache_efficiency.py::TestCacheEfficiency::test_cache_ttl SKIPPED [ 12%]
tests/performance/test_cache_efficiency.py::TestCacheEfficiency::test_cache_warming PASSED [ 12%]
tests/performance/test_cache_efficiency.py::TestCacheEfficiency::test_vector_store_cache PASSED [ 13%]
tests/performance/test_cache_efficiency.py::TestCacheEfficiency::test_combined_cache_efficiency PASSED [ 13%]
tests/performance/test_cache_efficiency.py::TestCacheEfficiency::test_cache_clear_functionality PASSED [ 13%]
tests/performance/test_concurrent_requests.py::TestConcurrentRequests::test_low_concurrency_health_check PASSED [ 13%]
tests/performance/test_concurrent_requests.py::TestConcurrentRequests::test_medium_concurrency_health_check PASSED [ 13%]
tests/performance/test_concurrent_requests.py::TestConcurrentRequests::test_high_concurrency_health_check FAILED [ 13%]

================================== FAILURES ===================================
_________________ TestRAGPipeline.test_rag_with_orchestrator __________________
tests\integration\test_rag_pipeline.py:61: in test_rag_with_orchestrator
    mock_local_client.embed.assert_called()
C:\Python314\Lib\unittest\mock.py:954: in assert_called
    raise AssertionError(msg)
E   AssertionError: Expected 'embed' to have been called.
------------------------------ Captured log call ------------------------------
WARNING  backend.agent.vertex_client:vertex_client.py:51 Vertex AI SDK not installed. Install with: pip install google-cloud-aiplatform
_______ TestAPIResponseTimes.test_cache_warming_improves_response_time ________
tests\performance\test_api_response_times.py:178: in test_cache_warming_improves_response_time
    assert warm_time < cold_time / 2, \
E   AssertionError: Cache not providing enough speedup: 1.60x
E   assert 3.5318000000188476 < (5.6616000001668 / 2)
---------------------------- Captured stdout call -----------------------------
\n\U0001f525 Testing Cache Warming Impact...\n  Cold start: 5.66ms\n  Warm (cached): 3.53ms\n  Speedup: 1.60x
___________ TestCacheEfficiency.test_cache_hit_rate_simple_queries ____________
tests\performance\test_cache_efficiency.py:79: in test_cache_hit_rate_simple_queries
    assert hit_rate >= 0.5, \
E   AssertionError: Cache hit rate too low: 0.0%
E   assert 0.0 >= 0.5
---------------------------- Captured stdout call -----------------------------
\n\U0001f3af Testing Cache Hit Rate (Simple Queries)...\n  Cache hits: 0\n  Cache misses: 0\n  Hit rate: 0.0%\n  Target: 80.0%
_______________ TestCacheEfficiency.test_cache_size_management ________________
tests\performance\test_cache_efficiency.py:176: in test_cache_size_management
    assert evictions > 0, \
E   AssertionError: No evictions occurred when cache should be full
E   assert 0 > 0
---------------------------- Captured stdout call -----------------------------
\n\U0001f4e6 Testing Cache Size Management...\n  Max cache size: 100\n  Final cache size: 0\n  Evictions: 0
__________ TestConcurrentRequests.test_high_concurrency_health_check __________
tests\performance\test_concurrent_requests.py:184: in test_high_concurrency_health_check
    assert stats['success_rate'] >= 90, \
E   AssertionError: Too many failures under high load: 9.0% success rate
E   assert 9.0 >= 90
---------------------------- Captured stdout call -----------------------------
\n\U0001f534 Testing High Concurrency (100 concurrent requests)...\n\n  Running 100 concurrent requests to /health...\n  Success rate: 9.0%\n  Total time: 0.55s\n  Requests/sec: 180.6\n  Mean response: 61.11ms\n  P95 response: 89.80ms\n  P99 response: 91.46ms
------------------------------ Captured log call ------------------------------
WARNING  slowapi:extension.py:510 ratelimit 120 per 1 minute (testclient) exceeded at endpoint: /health
WARNING  slowapi:extension.py:510 ratelimit 120 per 1 minute (testclient) exceeded at endpoint: /health
WARNING  slowapi:extension.py:510 ratelimit 120 per 1 minute (testclient) exceeded at endpoint: /health
WARNING  slowapi:extension.py:510 ratelimit 120 per 1 minute (testclient) exceeded at endpoint: /health
WARNING  slowapi:extension.py:510 ratelimit 120 per 1 minute (testclient) exceeded at endpoint: /health
WARNING  slowapi:extension.py:510 ratelimit 120 per 1 minute (testclient) exceeded at endpoint: /health
WARNING  slowapi:extension.py:510 ratelimit 120 per 1 minute (testclient) exceeded at endpoint: /health
WARNING  slowapi:extension.py:510 ratelimit 120 per 1 minute (testclient) exceeded at endpoint: /health
WARNING  slowapi:extension.py:510 ratelimit 120 per 1 minute (testclient) exceeded at endpoint: /health
WARNING  slowapi:extension.py:510 ratelimit 120 per 1 minute (testclient) exceeded at endpoint: /health
WARNING  slowapi:extension.py:510 ratelimit 120 per 1 minute (testclient) exceeded at endpoint: /health
WARNING  slowapi:extension.py:510 ratelimit 120 per 1 minute (testclient) exceeded at endpoint: /health
WARNING  slowapi:extension.py:510 ratelimit 120 per 1 minute (testclient) exceeded at endpoint: /health
WARNING  slowapi:extension.py:510 ratelimit 120 per 1 minute (testclient) exceeded at endpoint: /health
WARNING  slowapi:extension.py:510 ratelimit 120 per 1 minute (testclient) exceeded at endpoint: /health
WARNING  slowapi:extension.py:510 ratelimit 120 per 1 minute (testclient) exceeded at endpoint: /health
WARNING  slowapi:extension.py:510 ratelimit 120 per 1 minute (testclient) exceeded at endpoint: /health
WARNING  slowapi:extension.py:510 ratelimit 120 per 1 minute (testclient) exceeded at endpoint: /health
WARNING  slowapi:extension.py:510 ratelimit 120 per 1 minute (testclient) exceeded at endpoint: /health
WARNING  slowapi:extension.py:510 ratelimit 120 per 1 minute (testclient) exceeded at endpoint: /health
WARNING  slowapi:extension.py:510 ratelimit 120 per 1 minute (testclient) exceeded at endpoint: /health
WARNING  slowapi:extension.py:510 ratelimit 120 per 1 minute (testclient) exceeded at endpoint: /health
WARNING  slowapi:extension.py:510 ratelimit 120 per 1 minute (testclient) exceeded at endpoint: /health
WARNING  slowapi:extension.py:510 ratelimit 120 per 1 minute (testclient) exceeded at endpoint: /health
WARNING  slowapi:extension.py:510 ratelimit 120 per 1 minute (testclient) exceeded at endpoint: /health
WARNING  slowapi:extension.py:510 ratelimit 120 per 1 minute (testclient) exceeded at endpoint: /health
WARNING  slowapi:extension.py:510 ratelimit 120 per 1 minute (testclient) exceeded at endpoint: /health
WARNING  slowapi:extension.py:510 ratelimit 120 per 1 minute (testclient) exceeded at endpoint: /health
WARNING  slowapi:extension.py:510 ratelimit 120 per 1 minute (testclient) exceeded at endpoint: /health
WARNING  slowapi:extension.py:510 ratelimit 120 per 1 minute (testclient) exceeded at endpoint: /health
WARNING  slowapi:extension.py:510 ratelimit 120 per 1 minute (testclient) exceeded at endpoint: /health
WARNING  slowapi:extension.py:510 ratelimit 120 per 1 minute (testclient) exceeded at endpoint: /health
WARNING  slowapi:extension.py:510 ratelimit 120 per 1 minute (testclient) exceeded at endpoint: /health
WARNING  slowapi:extension.py:510 ratelimit 120 per 1 minute (testclient) exceeded at endpoint: /health
WARNING  slowapi:extension.py:510 ratelimit 120 per 1 minute (testclient) exceeded at endpoint: /health
WARNING  slowapi:extension.py:510 ratelimit 120 per 1 minute (testclient) exceeded at endpoint: /health
WARNING  slowapi:extension.py:510 ratelimit 120 per 1 minute (testclient) exceeded at endpoint: /health
WARNING  slowapi:extension.py:510 ratelimit 120 per 1 minute (testclient) exceeded at endpoint: /health
WARNING  slowapi:extension.py:510 ratelimit 120 per 1 minute (testclient) exceeded at endpoint: /health
WARNING  slowapi:extension.py:510 ratelimit 120 per 1 minute (testclient) exceeded at endpoint: /health
WARNING  slowapi:extension.py:510 ratelimit 120 per 1 minute (testclient) exceeded at endpoint: /health
WARNING  slowapi:extension.py:510 ratelimit 120 per 1 minute (testclient) exceeded at endpoint: /health
WARNING  slowapi:extension.py:510 ratelimit 120 per 1 minute (testclient) exceeded at endpoint: /health
WARNING  slowapi:extension.py:510 ratelimit 120 per 1 minute (testclient) exceeded at endpoint: /health
WARNING  slowapi:extension.py:510 ratelimit 120 per 1 minute (testclient) exceeded at endpoint: /health
WARNING  slowapi:extension.py:510 ratelimit 120 per 1 minute (testclient) exceeded at endpoint: /health
WARNING  slowapi:extension.py:510 ratelimit 120 per 1 minute (testclient) exceeded at endpoint: /health
WARNING  slowapi:extension.py:510 ratelimit 120 per 1 minute (testclient) exceeded at endpoint: /health
WARNING  slowapi:extension.py:510 ratelimit 120 per 1 minute (testclient) exceeded at endpoint: /health
WARNING  slowapi:extension.py:510 ratelimit 120 per 1 minute (testclient) exceeded at endpoint: /health
WARNING  slowapi:extension.py:510 ratelimit 120 per 1 minute (testclient) exceeded at endpoint: /health
WARNING  slowapi:extension.py:510 ratelimit 120 per 1 minute (testclient) exceeded at endpoint: /health
WARNING  slowapi:extension.py:510 ratelimit 120 per 1 minute (testclient) exceeded at endpoint: /health
WARNING  slowapi:extension.py:510 ratelimit 120 per 1 minute (testclient) exceeded at endpoint: /health
WARNING  slowapi:extension.py:510 ratelimit 120 per 1 minute (testclient) exceeded at endpoint: /health
WARNING  slowapi:extension.py:510 ratelimit 120 per 1 minute (testclient) exceeded at endpoint: /health
WARNING  slowapi:extension.py:510 ratelimit 120 per 1 minute (testclient) exceeded at endpoint: /health
WARNING  slowapi:extension.py:510 ratelimit 120 per 1 minute (testclient) exceeded at endpoint: /health
WARNING  slowapi:extension.py:510 ratelimit 120 per 1 minute (testclient) exceeded at endpoint: /health
WARNING  slowapi:extension.py:510 ratelimit 120 per 1 minute (testclient) exceeded at endpoint: /health
WARNING  slowapi:extension.py:510 ratelimit 120 per 1 minute (testclient) exceeded at endpoint: /health
WARNING  slowapi:extension.py:510 ratelimit 120 per 1 minute (testclient) exceeded at endpoint: /health
WARNING  slowapi:extension.py:510 ratelimit 120 per 1 minute (testclient) exceeded at endpoint: /health
WARNING  slowapi:extension.py:510 ratelimit 120 per 1 minute (testclient) exceeded at endpoint: /health
WARNING  slowapi:extension.py:510 ratelimit 120 per 1 minute (testclient) exceeded at endpoint: /health
WARNING  slowapi:extension.py:510 ratelimit 120 per 1 minute (testclient) exceeded at endpoint: /health
WARNING  slowapi:extension.py:510 ratelimit 120 per 1 minute (testclient) exceeded at endpoint: /health
WARNING  slowapi:extension.py:510 ratelimit 120 per 1 minute (testclient) exceeded at endpoint: /health
WARNING  slowapi:extension.py:510 ratelimit 120 per 1 minute (testclient) exceeded at endpoint: /health
WARNING  slowapi:extension.py:510 ratelimit 120 per 1 minute (testclient) exceeded at endpoint: /health
WARNING  slowapi:extension.py:510 ratelimit 120 per 1 minute (testclient) exceeded at endpoint: /health
WARNING  slowapi:extension.py:510 ratelimit 120 per 1 minute (testclient) exceeded at endpoint: /health
WARNING  slowapi:extension.py:510 ratelimit 120 per 1 minute (testclient) exceeded at endpoint: /health
WARNING  slowapi:extension.py:510 ratelimit 120 per 1 minute (testclient) exceeded at endpoint: /health
WARNING  slowapi:extension.py:510 ratelimit 120 per 1 minute (testclient) exceeded at endpoint: /health
WARNING  slowapi:extension.py:510 ratelimit 120 per 1 minute (testclient) exceeded at endpoint: /health
WARNING  slowapi:extension.py:510 ratelimit 120 per 1 minute (testclient) exceeded at endpoint: /health
WARNING  slowapi:extension.py:510 ratelimit 120 per 1 minute (testclient) exceeded at endpoint: /health
WARNING  slowapi:extension.py:510 ratelimit 120 per 1 minute (testclient) exceeded at endpoint: /health
WARNING  slowapi:extension.py:510 ratelimit 120 per 1 minute (testclient) exceeded at endpoint: /health
WARNING  slowapi:extension.py:510 ratelimit 120 per 1 minute (testclient) exceeded at endpoint: /health
WARNING  slowapi:extension.py:510 ratelimit 120 per 1 minute (testclient) exceeded at endpoint: /health
WARNING  slowapi:extension.py:510 ratelimit 120 per 1 minute (testclient) exceeded at endpoint: /health
WARNING  slowapi:extension.py:510 ratelimit 120 per 1 minute (testclient) exceeded at endpoint: /health
WARNING  slowapi:extension.py:510 ratelimit 120 per 1 minute (testclient) exceeded at endpoint: /health
WARNING  slowapi:extension.py:510 ratelimit 120 per 1 minute (testclient) exceeded at endpoint: /health
WARNING  slowapi:extension.py:510 ratelimit 120 per 1 minute (testclient) exceeded at endpoint: /health
WARNING  slowapi:extension.py:510 ratelimit 120 per 1 minute (testclient) exceeded at endpoint: /health
WARNING  slowapi:extension.py:510 ratelimit 120 per 1 minute (testclient) exceeded at endpoint: /health
WARNING  slowapi:extension.py:510 ratelimit 120 per 1 minute (testclient) exceeded at endpoint: /health
WARNING  slowapi:extension.py:510 ratelimit 120 per 1 minute (testclient) exceeded at endpoint: /health
============================== warnings summary ===============================
backend\agent\gemini_client.py:1
  C:\anti\antigravity-workspace-template\tests\performance\../../backend\agent\gemini_client.py:1: FutureWarning: 
  
  All support for the `google.generativeai` package has ended. It will no longer be receiving 
  updates or bug fixes. Please switch to the `google.genai` package as soon as possible.
  See README for more details:
  
  https://github.com/google-gemini/deprecated-generative-ai-python/blob/main/README.md
  
    import google.generativeai as genai

..\..\Users\LocalAdminUser\AppData\Roaming\Python\Python314\site-packages\slowapi\extension.py:717: 128 warnings
  C:\Users\LocalAdminUser\AppData\Roaming\Python\Python314\site-packages\slowapi\extension.py:717: DeprecationWarning: 'asyncio.iscoroutinefunction' is deprecated and slated for removal in Python 3.16; use inspect.iscoroutinefunction() instead
    if asyncio.iscoroutinefunction(func):

backend\utils\performance.py:773
backend\utils\performance.py:773
  C:\anti\antigravity-workspace-template\tests\performance\../../backend\utils\performance.py:773: DeprecationWarning: 
          on_event is deprecated, use lifespan event handlers instead.
  
          Read more about it in the
          [FastAPI docs for Lifespan Events](https://fastapi.tiangolo.com/advanced/events/).
          
    @app.on_event("startup")

..\..\Python314\Lib\site-packages\fastapi\applications.py:4576: 4 warnings
tests/e2e/test_complete_workflow.py: 2 warnings
tests/integration/test_api_endpoints.py: 10 warnings
  C:\Python314\Lib\site-packages\fastapi\applications.py:4576: DeprecationWarning: 
          on_event is deprecated, use lifespan event handlers instead.
  
          Read more about it in the
          [FastAPI docs for Lifespan Events](https://fastapi.tiangolo.com/advanced/events/).
          
    return self.router.on_event(event_type)

backend\utils\performance.py:778
backend\utils\performance.py:778
  C:\anti\antigravity-workspace-template\tests\performance\../../backend\utils\performance.py:778: DeprecationWarning: 
          on_event is deprecated, use lifespan event handlers instead.
  
          Read more about it in the
          [FastAPI docs for Lifespan Events](https://fastapi.tiangolo.com/advanced/events/).
          
    @app.on_event("shutdown")

tests/e2e/test_complete_workflow.py::TestCompleteWorkflow::test_system_health_monitoring
tests/integration/test_api_endpoints.py::TestPerformanceEndpoints::test_performance_health_endpoint
tests/integration/test_api_endpoints.py::TestPerformanceEndpoints::test_performance_metrics_endpoint
tests/integration/test_api_endpoints.py::TestPerformanceEndpoints::test_performance_summary_endpoint
tests/integration/test_api_endpoints.py::TestPerformanceEndpoints::test_performance_analysis_endpoint
tests/integration/test_api_endpoints.py::TestPerformanceEndpoints::test_performance_report_endpoint
  C:\anti\antigravity-workspace-template\backend\utils\performance.py:773: DeprecationWarning: 
          on_event is deprecated, use lifespan event handlers instead.
  
          Read more about it in the
          [FastAPI docs for Lifespan Events](https://fastapi.tiangolo.com/advanced/events/).
          
    @app.on_event("startup")

tests/e2e/test_complete_workflow.py::TestCompleteWorkflow::test_system_health_monitoring
tests/integration/test_api_endpoints.py::TestPerformanceEndpoints::test_performance_health_endpoint
tests/integration/test_api_endpoints.py::TestPerformanceEndpoints::test_performance_metrics_endpoint
tests/integration/test_api_endpoints.py::TestPerformanceEndpoints::test_performance_summary_endpoint
tests/integration/test_api_endpoints.py::TestPerformanceEndpoints::test_performance_analysis_endpoint
tests/integration/test_api_endpoints.py::TestPerformanceEndpoints::test_performance_report_endpoint
  C:\anti\antigravity-workspace-template\backend\utils\performance.py:778: DeprecationWarning: 
          on_event is deprecated, use lifespan event handlers instead.
  
          Read more about it in the
          [FastAPI docs for Lifespan Events](https://fastapi.tiangolo.com/advanced/events/).
          
    @app.on_event("shutdown")

tests/e2e/test_complete_workflow.py::TestCompleteWorkflow::test_system_health_monitoring
tests/integration/test_api_endpoints.py::TestPerformanceEndpoints::test_performance_health_endpoint
tests/integration/test_api_endpoints.py::TestPerformanceEndpoints::test_performance_metrics_endpoint
tests/integration/test_api_endpoints.py::TestPerformanceEndpoints::test_performance_analysis_endpoint
tests/integration/test_api_endpoints.py::TestPerformanceEndpoints::test_performance_report_endpoint
  C:\anti\antigravity-workspace-template\backend\utils\performance.py:377: DeprecationWarning: datetime.datetime.utcnow() is deprecated and scheduled for removal in a future version. Use timezone-aware objects to represent datetimes in UTC: datetime.datetime.now(datetime.UTC).
    timestamp=datetime.utcnow().isoformat(),

tests/integration/test_api_endpoints.py::TestPerformanceEndpoints::test_performance_metrics_endpoint
  C:\anti\antigravity-workspace-template\backend\utils\performance.py:223: DeprecationWarning: datetime.datetime.utcnow() is deprecated and scheduled for removal in a future version. Use timezone-aware objects to represent datetimes in UTC: datetime.datetime.now(datetime.UTC).
    one_minute_ago = (datetime.utcnow() - timedelta(minutes=1)).isoformat()

tests/integration/test_api_endpoints.py::TestPerformanceEndpoints::test_performance_analysis_endpoint
tests/integration/test_api_endpoints.py::TestPerformanceEndpoints::test_performance_report_endpoint
  C:\anti\antigravity-workspace-template\backend\utils\performance.py:607: DeprecationWarning: datetime.datetime.utcnow() is deprecated and scheduled for removal in a future version. Use timezone-aware objects to represent datetimes in UTC: datetime.datetime.now(datetime.UTC).
    'timestamp': datetime.utcnow().isoformat()

tests/performance/test_api_response_times.py: 15 warnings
  C:\anti\antigravity-workspace-template\tests\performance\../../backend\utils\performance.py:377: DeprecationWarning: datetime.datetime.utcnow() is deprecated and scheduled for removal in a future version. Use timezone-aware objects to represent datetimes in UTC: datetime.datetime.now(datetime.UTC).
    timestamp=datetime.utcnow().isoformat(),

tests/performance/test_api_response_times.py: 15 warnings
  C:\anti\antigravity-workspace-template\tests\performance\../../backend\utils\performance.py:223: DeprecationWarning: datetime.datetime.utcnow() is deprecated and scheduled for removal in a future version. Use timezone-aware objects to represent datetimes in UTC: datetime.datetime.now(datetime.UTC).
    one_minute_ago = (datetime.utcnow() - timedelta(minutes=1)).isoformat()

-- Docs: https://docs.pytest.org/en/stable/how-to/capture-warnings.html
=========================== short test summary info ===========================
SKIPPED [1] tests\config\test_configuration_validation.py:509: Skipping bash syntax check on Windows
SKIPPED [1] tests\config\test_setup_scripts.py:130: Skipping bash syntax check on Windows
SKIPPED [1] tests\config\test_setup_scripts.py:205: Skipping bash syntax check on Windows
SKIPPED [1] tests\config\test_setup_scripts.py:289: Skipping bash syntax check on Windows
SKIPPED [1] tests\config\test_setup_scripts.py:385: Skipping bash syntax check on Windows
SKIPPED [1] tests\config\test_setup_scripts.py:458: Skipping bash syntax check on Windows
SKIPPED [1] tests\performance\test_cache_efficiency.py:107: LLM not available
SKIPPED [1] tests\performance\test_cache_efficiency.py:204: LLM not available
FAILED tests/integration/test_rag_pipeline.py::TestRAGPipeline::test_rag_with_orchestrator
FAILED tests/performance/test_api_response_times.py::TestAPIResponseTimes::test_cache_warming_improves_response_time
FAILED tests/performance/test_cache_efficiency.py::TestCacheEfficiency::test_cache_hit_rate_simple_queries
FAILED tests/performance/test_cache_efficiency.py::TestCacheEfficiency::test_cache_size_management
FAILED tests/performance/test_concurrent_requests.py::TestConcurrentRequests::test_high_concurrency_health_check
!!!!!!!!!!!!!!!!!!!!!!!!!! stopping after 5 failures !!!!!!!!!!!!!!!!!!!!!!!!!!
=========== 5 failed, 113 passed, 8 skipped, 199 warnings in 45.19s ===========
