============================= test session starts =============================
platform win32 -- Python 3.14.0, pytest-9.0.2, pluggy-1.6.0 -- C:\Python314\python.exe
cachedir: .pytest_cache
rootdir: C:\anti\antigravity-workspace-template
configfile: pytest.ini
plugins: langsmith-0.7.1, asyncio-1.3.0, cov-7.0.0, anyio-4.12.1
asyncio: mode=Mode.AUTO, debug=False, asyncio_default_fixture_loop_scope=None, asyncio_default_test_loop_scope=function
collecting ... collected 7 items

tests/integration/test_rag_pipeline.py::TestRAGPipeline::test_complete_rag_workflow FAILED [ 14%]
tests/integration/test_rag_pipeline.py::TestRAGPipeline::test_rag_with_orchestrator FAILED [ 28%]
tests/integration/test_rag_pipeline.py::TestRAGPipeline::test_rag_handles_empty_results PASSED [ 42%]
tests/integration/test_rag_pipeline.py::TestRAGPipeline::test_rag_with_large_documents FAILED [ 57%]
tests/integration/test_rag_pipeline.py::TestRAGPipeline::test_rag_concurrent_ingestion FAILED [ 71%]
tests/integration/test_rag_pipeline.py::TestAgentOrchestration::test_orchestrator_routing_decision FAILED [ 85%]

================================== FAILURES ===================================
_________________ TestRAGPipeline.test_complete_rag_workflow __________________
tests\integration\test_rag_pipeline.py:19: in test_complete_rag_workflow
    from backend.rag.ingest import IngestionPipeline
backend\rag\ingest.py:8: in <module>
    from agent.local_client import LocalClient
E   ModuleNotFoundError: No module named 'agent.local_client'; 'agent' is not a package
_________________ TestRAGPipeline.test_rag_with_orchestrator __________________
tests\integration\test_rag_pipeline.py:69: in test_rag_with_orchestrator
    mock_local_client.embed.assert_called()
C:\Python314\Lib\unittest\mock.py:954: in assert_called
    raise AssertionError(msg)
E   AssertionError: Expected 'embed' to have been called.
------------------------------ Captured log call ------------------------------
WARNING  rag.store:store.py:21 Failed to import chromadb: unable to infer type for attribute "chroma_server_nofile". Vector capabilities will be disabled.
WARNING  backend.agent.vertex_client:vertex_client.py:51 Vertex AI SDK not installed. Install with: pip install google-cloud-aiplatform
________________ TestRAGPipeline.test_rag_with_large_documents ________________
tests\integration\test_rag_pipeline.py:97: in test_rag_with_large_documents
    from backend.rag.ingest import IngestionPipeline
backend\rag\ingest.py:8: in <module>
    from agent.local_client import LocalClient
E   ModuleNotFoundError: No module named 'agent.local_client'; 'agent' is not a package
________________ TestRAGPipeline.test_rag_concurrent_ingestion ________________
tests\integration\test_rag_pipeline.py:116: in test_rag_concurrent_ingestion
    from backend.rag.ingest import IngestionPipeline
backend\rag\ingest.py:8: in <module>
    from agent.local_client import LocalClient
E   ModuleNotFoundError: No module named 'agent.local_client'; 'agent' is not a package
__________ TestAgentOrchestration.test_orchestrator_routing_decision __________
tests\integration\test_rag_pipeline.py:163: in test_orchestrator_routing_decision
    assert response['source'] == 'Local'
E   AssertionError: assert 'Gemini' == 'Local'
E     
E     - Local
E     + Gemini
------------------------------ Captured log call ------------------------------
WARNING  backend.agent.vertex_client:vertex_client.py:51 Vertex AI SDK not installed. Install with: pip install google-cloud-aiplatform
============================== warnings summary ===============================
tests/integration/test_rag_pipeline.py::TestRAGPipeline::test_complete_rag_workflow
  C:\Users\LocalAdminUser\AppData\Roaming\Python\Python314\site-packages\google\genai\types.py:43: DeprecationWarning: '_UnionGenericAlias' is deprecated and slated for removal in Python 3.17
    VersionedUnionType = Union[builtin_types.UnionType, _UnionGenericAlias]

tests/integration/test_rag_pipeline.py::TestRAGPipeline::test_rag_with_orchestrator
  C:\Users\LocalAdminUser\AppData\Roaming\Python\Python314\site-packages\chromadb\config.py:20: UserWarning: Core Pydantic V1 functionality isn't compatible with Python 3.14 or greater.
    from pydantic.v1 import BaseSettings

-- Docs: https://docs.pytest.org/en/stable/how-to/capture-warnings.html
=========================== short test summary info ===========================
FAILED tests/integration/test_rag_pipeline.py::TestRAGPipeline::test_complete_rag_workflow - ModuleNotFoundError: No module named 'agent.local_client'; 'agent' is not a package
FAILED tests/integration/test_rag_pipeline.py::TestRAGPipeline::test_rag_with_orchestrator - AssertionError: Expected 'embed' to have been called.
FAILED tests/integration/test_rag_pipeline.py::TestRAGPipeline::test_rag_with_large_documents - ModuleNotFoundError: No module named 'agent.local_client'; 'agent' is not a package
FAILED tests/integration/test_rag_pipeline.py::TestRAGPipeline::test_rag_concurrent_ingestion - ModuleNotFoundError: No module named 'agent.local_client'; 'agent' is not a package
FAILED tests/integration/test_rag_pipeline.py::TestAgentOrchestration::test_orchestrator_routing_decision - AssertionError: assert 'Gemini' == 'Local'
  
  - Local
  + Gemini
!!!!!!!!!!!!!!!!!!!!!!!!!! stopping after 5 failures !!!!!!!!!!!!!!!!!!!!!!!!!!
=================== 5 failed, 1 passed, 2 warnings in 2.33s ===================
