============================= test session starts =============================
platform win32 -- Python 3.14.0, pytest-9.0.2, pluggy-1.6.0 -- C:\Python314\python.exe
cachedir: .pytest_cache
rootdir: C:\anti\antigravity-workspace-template
configfile: pytest.ini
testpaths: tests
plugins: asyncio-1.3.0, cov-7.0.0, anyio-4.12.1
asyncio: mode=Mode.AUTO, debug=False, asyncio_default_fixture_loop_scope=None, asyncio_default_test_loop_scope=function
collecting ... collected 928 items

tests/config/test_configuration_validation.py::TestEnvironmentConfiguration::test_env_example_exists PASSED [  0%]
tests/config/test_configuration_validation.py::TestEnvironmentConfiguration::test_env_example_format PASSED [  0%]
tests/config/test_configuration_validation.py::TestEnvironmentConfiguration::test_env_required_variables PASSED [  0%]
tests/config/test_configuration_validation.py::TestEnvironmentConfiguration::test_env_no_actual_secrets PASSED [  0%]
tests/config/test_configuration_validation.py::TestEnvironmentConfiguration::test_referenced_env_vars_in_code_exist_in_example PASSED [  0%]
tests/config/test_configuration_validation.py::TestMCPConfiguration::test_mcp_json_exists PASSED [  0%]
tests/config/test_configuration_validation.py::TestMCPConfiguration::test_mcp_json_valid_format PASSED [  0%]
tests/config/test_configuration_validation.py::TestMCPConfiguration::test_mcp_required_fields PASSED [  0%]
tests/config/test_configuration_validation.py::TestMCPConfiguration::test_mcp_server_configurations PASSED [  0%]
tests/config/test_configuration_validation.py::TestMCPConfiguration::test_mcp_environment_variables_match PASSED [  1%]
tests/config/test_configuration_validation.py::TestMCPConfiguration::test_mcp_core_servers_enabled PASSED [  1%]
tests/config/test_configuration_validation.py::TestDockerConfiguration::test_docker_compose_exists PASSED [  1%]
tests/config/test_configuration_validation.py::TestDockerConfiguration::test_docker_compose_valid_yaml PASSED [  1%]
tests/config/test_configuration_validation.py::TestDockerConfiguration::test_docker_compose_version PASSED [  1%]
tests/config/test_configuration_validation.py::TestDockerConfiguration::test_docker_compose_required_services PASSED [  1%]
tests/config/test_configuration_validation.py::TestDockerConfiguration::test_docker_compose_service_configuration PASSED [  1%]
tests/config/test_configuration_validation.py::TestDockerConfiguration::test_docker_compose_environment_variables PASSED [  1%]
tests/config/test_configuration_validation.py::TestDockerConfiguration::test_dockerfile_exists PASSED [  1%]
tests/config/test_configuration_validation.py::TestDockerConfiguration::test_dockerfile_format PASSED [  2%]
tests/config/test_configuration_validation.py::TestShellScripts::test_shell_scripts_exist PASSED [  2%]
tests/config/test_configuration_validation.py::TestShellScripts::test_shell_scripts_executable PASSED [  2%]
tests/config/test_configuration_validation.py::TestShellScripts::test_shell_scripts_shebang PASSED [  2%]
tests/config/test_configuration_validation.py::TestShellScripts::test_shell_scripts_no_syntax_errors SKIPPED [  2%]
tests/config/test_configuration_validation.py::TestShellScripts::test_shell_scripts_error_handling PASSED [  2%]
tests/config/test_configuration_validation.py::TestPythonDependencies::test_requirements_txt_exists PASSED [  2%]
tests/config/test_configuration_validation.py::TestPythonDependencies::test_requirements_txt_format PASSED [  2%]
tests/config/test_configuration_validation.py::TestPythonDependencies::test_requirements_txt_parseable PASSED [  2%]
tests/config/test_configuration_validation.py::TestPythonDependencies::test_no_conflicting_dependencies PASSED [  3%]
tests/config/test_configuration_validation.py::TestPythonDependencies::test_pytest_configured PASSED [  3%]
tests/config/test_configuration_validation.py::TestGitConfiguration::test_gitignore_exists PASSED [  3%]
tests/config/test_configuration_validation.py::TestGitConfiguration::test_gitignore_covers_sensitive_files PASSED [  3%]
tests/config/test_configuration_validation.py::TestGitConfiguration::test_no_env_file_committed PASSED [  3%]
tests/config/test_configuration_validation.py::TestCIConfiguration::test_github_workflows_directory_exists PASSED [  3%]
tests/config/test_configuration_validation.py::TestCIConfiguration::test_test_workflow_exists PASSED [  3%]
tests/config/test_configuration_validation.py::TestCIConfiguration::test_workflow_valid_yaml PASSED [  3%]
tests/config/test_configuration_validation.py::TestCIConfiguration::test_workflow_has_required_fields PASSED [  3%]
tests/config/test_setup_scripts.py::TestInstallScript::test_install_script_exists PASSED [  3%]
tests/config/test_setup_scripts.py::TestInstallScript::test_install_script_executable PASSED [  4%]
tests/config/test_setup_scripts.py::TestInstallScript::test_install_script_has_shebang PASSED [  4%]
tests/config/test_setup_scripts.py::TestInstallScript::test_install_script_error_handling PASSED [  4%]
tests/config/test_setup_scripts.py::TestInstallScript::test_install_script_checks_dependencies PASSED [  4%]
tests/config/test_setup_scripts.py::TestInstallScript::test_install_script_no_hardcoded_paths PASSED [  4%]
tests/config/test_setup_scripts.py::TestInstallScript::test_install_script_installs_dependencies PASSED [  4%]
tests/config/test_setup_scripts.py::TestInstallScript::test_install_script_syntax SKIPPED [  4%]
tests/config/test_setup_scripts.py::TestConfigureScript::test_configure_script_exists PASSED [  4%]
tests/config/test_setup_scripts.py::TestConfigureScript::test_configure_script_executable PASSED [  4%]
tests/config/test_setup_scripts.py::TestConfigureScript::test_configure_script_has_shebang PASSED [  5%]
tests/config/test_setup_scripts.py::TestConfigureScript::test_configure_script_handles_env_file PASSED [  5%]
tests/config/test_setup_scripts.py::TestConfigureScript::test_configure_script_validates_config PASSED [  5%]
tests/config/test_setup_scripts.py::TestConfigureScript::test_configure_script_syntax SKIPPED [  5%]
tests/config/test_setup_scripts.py::TestStartScript::test_start_script_exists PASSED [  5%]
tests/config/test_setup_scripts.py::TestStartScript::test_start_script_executable PASSED [  5%]
tests/config/test_setup_scripts.py::TestStartScript::test_start_script_has_shebang PASSED [  5%]
tests/config/test_setup_scripts.py::TestStartScript::test_start_script_starts_services PASSED [  5%]
tests/config/test_setup_scripts.py::TestStartScript::test_start_script_checks_prerequisites PASSED [  5%]
tests/config/test_setup_scripts.py::TestStartScript::test_start_script_syntax SKIPPED [  6%]
tests/config/test_setup_scripts.py::TestStopScript::test_stop_script_exists PASSED [  6%]
tests/config/test_setup_scripts.py::TestStopScript::test_stop_script_executable PASSED [  6%]
tests/config/test_setup_scripts.py::TestStopScript::test_stop_script_has_shebang PASSED [  6%]
tests/config/test_setup_scripts.py::TestStopScript::test_stop_script_stops_services PASSED [  6%]
tests/config/test_setup_scripts.py::TestStopScript::test_stop_script_graceful_shutdown PASSED [  6%]
tests/config/test_setup_scripts.py::TestStopScript::test_stop_script_syntax SKIPPED [  6%]
tests/config/test_setup_scripts.py::TestValidateScript::test_validate_script_executable PASSED [  6%]
tests/config/test_setup_scripts.py::TestValidateScript::test_validate_script_has_shebang PASSED [  6%]
tests/config/test_setup_scripts.py::TestValidateScript::test_validate_script_checks_configuration PASSED [  7%]
tests/config/test_setup_scripts.py::TestValidateScript::test_validate_script_syntax SKIPPED [  7%]
tests/config/test_setup_scripts.py::TestScriptInteraction::test_scripts_reference_consistent_paths PASSED [  7%]
tests/config/test_setup_scripts.py::TestScriptInteraction::test_scripts_use_consistent_error_codes PASSED [  7%]
tests/config/test_setup_scripts.py::TestScriptIdempotency::test_configure_script_can_run_multiple_times PASSED [  7%]
tests/config/test_setup_scripts.py::TestScriptIdempotency::test_install_script_handles_existing_installation PASSED [  7%]
tests/config/test_setup_scripts.py::TestScriptDocumentation::test_scripts_have_comments PASSED [  7%]
tests/config/test_setup_scripts.py::TestScriptDocumentation::test_scripts_have_usage_info PASSED [  7%]
tests/e2e/test_complete_workflow.py::TestCompleteWorkflow::test_upload_and_query_workflow PASSED [  7%]
tests/e2e/test_complete_workflow.py::TestCompleteWorkflow::test_system_health_monitoring PASSED [  7%]
tests/e2e/test_complete_workflow.py::TestCompleteWorkflow::test_concurrent_user_requests PASSED [  8%]
tests/integration/test_api_endpoints.py::TestAPIEndpoints::test_root_endpoint PASSED [  8%]
tests/integration/test_api_endpoints.py::TestAPIEndpoints::test_health_endpoint PASSED [  8%]
tests/integration/test_api_endpoints.py::TestAPIEndpoints::test_files_endpoint PASSED [  8%]
tests/integration/test_api_endpoints.py::TestAPIEndpoints::test_upload_single_file PASSED [  8%]
tests/integration/test_api_endpoints.py::TestAPIEndpoints::test_upload_multiple_files PASSED [  8%]
tests/integration/test_api_endpoints.py::TestAPIEndpoints::test_ask_agent_endpoint FAILED [  8%]
tests/integration/test_api_endpoints.py::TestAPIEndpoints::test_ask_agent_complex_query PASSED [  8%]
tests/integration/test_api_endpoints.py::TestAPIEndpoints::test_ask_agent_empty_query PASSED [  8%]
tests/integration/test_api_endpoints.py::TestAPIEndpoints::test_cors_headers PASSED [  9%]
tests/integration/test_api_endpoints.py::TestAPIEndpoints::test_api_versioning PASSED [  9%]
tests/integration/test_api_endpoints.py::TestAPIEndpoints::test_concurrent_requests PASSED [  9%]
tests/integration/test_api_endpoints.py::TestAPIEndpoints::test_upload_with_subdirectory PASSED [  9%]
tests/integration/test_api_endpoints.py::TestAPIEndpoints::test_error_handling PASSED [  9%]
tests/integration/test_api_endpoints.py::TestAPIEndpoints::test_all_get_endpoints[/-GET] PASSED [  9%]
tests/integration/test_api_endpoints.py::TestAPIEndpoints::test_all_get_endpoints[/health-GET] PASSED [  9%]
tests/integration/test_api_endpoints.py::TestAPIEndpoints::test_all_get_endpoints[/files-GET] PASSED [  9%]
tests/integration/test_api_endpoints.py::TestAPIEndpoints::test_agent_ask_preserves_formatting PASSED [  9%]
tests/integration/test_api_endpoints.py::TestPerformanceEndpoints::test_performance_health_endpoint PASSED [ 10%]
tests/integration/test_api_endpoints.py::TestPerformanceEndpoints::test_performance_metrics_endpoint FAILED [ 10%]
tests/integration/test_api_endpoints.py::TestPerformanceEndpoints::test_performance_summary_endpoint PASSED [ 10%]
tests/integration/test_api_endpoints.py::TestPerformanceEndpoints::test_performance_analysis_endpoint PASSED [ 10%]
tests/integration/test_api_endpoints.py::TestPerformanceEndpoints::test_performance_report_endpoint PASSED [ 10%]
tests/integration/test_file_watcher.py::TestFileWatcherIntegration::test_watcher_detects_new_folder PASSED [ 10%]
tests/integration/test_file_watcher.py::TestFileWatcherIntegration::test_watcher_debouncing FAILED [ 10%]
tests/integration/test_file_watcher.py::TestFileWatcherIntegration::test_watcher_processes_after_debounce FAILED [ 10%]
tests/integration/test_rag_pipeline.py::TestRAGPipeline::test_complete_rag_workflow FAILED [ 10%]

================================== FAILURES ===================================
__________________ TestAPIEndpoints.test_ask_agent_endpoint ___________________
tests\integration\test_api_endpoints.py:133: in test_ask_agent_endpoint
    assert data["response"] == "Test response"
E   AssertionError: assert 'Gemini Error...onfiguration.' == 'Test response'
E     
E     - Test response
E     + Gemini Error: Invalid API key. Please check your configuration.
_________ TestPerformanceEndpoints.test_performance_metrics_endpoint __________
tests\integration\test_api_endpoints.py:271: in test_performance_metrics_endpoint
    assert "timestamp" in data
E   AssertionError: assert 'timestamp' in {'cache': {'hit_rate_percent': 0, 'hits': 0, 'misses': 0, 'size': 0, ...}, 'mcp': {}, 'requests': {'average_response_time_ms': 0, 'error_rate_percent': 0, 'recent_requests': [], 'requests_by_endpoint': {}, ...}, 'system': {'cpu_percent': 2.0, 'disk_usage_percent': 84.7, 'memory_mb': 10263.36328125, 'memory_percent': 72.4, ...}, ...}
_____________ TestFileWatcherIntegration.test_watcher_debouncing ______________
tests\integration\test_file_watcher.py:63: in test_watcher_debouncing
    assert mock_ingestion_pipeline.process_folder.call_count <= 1
           ^^^^^^^^^^^^^^^^^^^^^^^^^^^^^^^^^^^^^^^^^^^^^^^^^
E   AttributeError: 'function' object has no attribute 'call_count'
______ TestFileWatcherIntegration.test_watcher_processes_after_debounce _______
tests\integration\test_file_watcher.py:79: in test_watcher_processes_after_debounce
    mock_ingestion_pipeline.process_folder.assert_called_once_with(test_path)
    ^^^^^^^^^^^^^^^^^^^^^^^^^^^^^^^^^^^^^^^^^^^^^^^^^^^^^^^^^^^^^^
E   AttributeError: 'function' object has no attribute 'assert_called_once_with'
_________________ TestRAGPipeline.test_complete_rag_workflow __________________
tests\integration\test_rag_pipeline.py:33: in test_complete_rag_workflow
    assert mock_vector_store.add_documents.call_count >= 2
E   AssertionError: assert 0 >= 2
E    +  where 0 = <Mock name='mock.add_documents' id='1325852106032'>.call_count
E    +    where <Mock name='mock.add_documents' id='1325852106032'> = <Mock id='1325852105696'>.add_documents
============================== warnings summary ===============================
backend\agent\gemini_client.py:1
  C:\anti\antigravity-workspace-template\tests\performance\../../backend\agent\gemini_client.py:1: FutureWarning: 
  
  All support for the `google.generativeai` package has ended. It will no longer be receiving 
  updates or bug fixes. Please switch to the `google.genai` package as soon as possible.
  See README for more details:
  
  https://github.com/google-gemini/deprecated-generative-ai-python/blob/main/README.md
  
    import google.generativeai as genai

..\..\Users\LocalAdminUser\AppData\Roaming\Python\Python314\site-packages\slowapi\extension.py:717: 128 warnings
  C:\Users\LocalAdminUser\AppData\Roaming\Python\Python314\site-packages\slowapi\extension.py:717: DeprecationWarning: 'asyncio.iscoroutinefunction' is deprecated and slated for removal in Python 3.16; use inspect.iscoroutinefunction() instead
    if asyncio.iscoroutinefunction(func):

backend\utils\performance.py:773
backend\utils\performance.py:773
  C:\anti\antigravity-workspace-template\tests\performance\../../backend\utils\performance.py:773: DeprecationWarning: 
          on_event is deprecated, use lifespan event handlers instead.
  
          Read more about it in the
          [FastAPI docs for Lifespan Events](https://fastapi.tiangolo.com/advanced/events/).
          
    @app.on_event("startup")

..\..\Python314\Lib\site-packages\fastapi\applications.py:4576: 4 warnings
tests/e2e/test_complete_workflow.py: 2 warnings
tests/integration/test_api_endpoints.py: 10 warnings
  C:\Python314\Lib\site-packages\fastapi\applications.py:4576: DeprecationWarning: 
          on_event is deprecated, use lifespan event handlers instead.
  
          Read more about it in the
          [FastAPI docs for Lifespan Events](https://fastapi.tiangolo.com/advanced/events/).
          
    return self.router.on_event(event_type)

backend\utils\performance.py:778
backend\utils\performance.py:778
  C:\anti\antigravity-workspace-template\tests\performance\../../backend\utils\performance.py:778: DeprecationWarning: 
          on_event is deprecated, use lifespan event handlers instead.
  
          Read more about it in the
          [FastAPI docs for Lifespan Events](https://fastapi.tiangolo.com/advanced/events/).
          
    @app.on_event("shutdown")

tests/e2e/test_complete_workflow.py::TestCompleteWorkflow::test_system_health_monitoring
tests/integration/test_api_endpoints.py::TestPerformanceEndpoints::test_performance_health_endpoint
tests/integration/test_api_endpoints.py::TestPerformanceEndpoints::test_performance_metrics_endpoint
tests/integration/test_api_endpoints.py::TestPerformanceEndpoints::test_performance_summary_endpoint
tests/integration/test_api_endpoints.py::TestPerformanceEndpoints::test_performance_analysis_endpoint
tests/integration/test_api_endpoints.py::TestPerformanceEndpoints::test_performance_report_endpoint
  C:\anti\antigravity-workspace-template\backend\utils\performance.py:773: DeprecationWarning: 
          on_event is deprecated, use lifespan event handlers instead.
  
          Read more about it in the
          [FastAPI docs for Lifespan Events](https://fastapi.tiangolo.com/advanced/events/).
          
    @app.on_event("startup")

tests/e2e/test_complete_workflow.py::TestCompleteWorkflow::test_system_health_monitoring
tests/integration/test_api_endpoints.py::TestPerformanceEndpoints::test_performance_health_endpoint
tests/integration/test_api_endpoints.py::TestPerformanceEndpoints::test_performance_metrics_endpoint
tests/integration/test_api_endpoints.py::TestPerformanceEndpoints::test_performance_summary_endpoint
tests/integration/test_api_endpoints.py::TestPerformanceEndpoints::test_performance_analysis_endpoint
tests/integration/test_api_endpoints.py::TestPerformanceEndpoints::test_performance_report_endpoint
  C:\anti\antigravity-workspace-template\backend\utils\performance.py:778: DeprecationWarning: 
          on_event is deprecated, use lifespan event handlers instead.
  
          Read more about it in the
          [FastAPI docs for Lifespan Events](https://fastapi.tiangolo.com/advanced/events/).
          
    @app.on_event("shutdown")

tests/e2e/test_complete_workflow.py::TestCompleteWorkflow::test_system_health_monitoring
tests/integration/test_api_endpoints.py::TestPerformanceEndpoints::test_performance_health_endpoint
tests/integration/test_api_endpoints.py::TestPerformanceEndpoints::test_performance_metrics_endpoint
tests/integration/test_api_endpoints.py::TestPerformanceEndpoints::test_performance_analysis_endpoint
tests/integration/test_api_endpoints.py::TestPerformanceEndpoints::test_performance_report_endpoint
  C:\anti\antigravity-workspace-template\backend\utils\performance.py:377: DeprecationWarning: datetime.datetime.utcnow() is deprecated and scheduled for removal in a future version. Use timezone-aware objects to represent datetimes in UTC: datetime.datetime.now(datetime.UTC).
    timestamp=datetime.utcnow().isoformat(),

tests/integration/test_api_endpoints.py::TestPerformanceEndpoints::test_performance_metrics_endpoint
  C:\anti\antigravity-workspace-template\backend\utils\performance.py:223: DeprecationWarning: datetime.datetime.utcnow() is deprecated and scheduled for removal in a future version. Use timezone-aware objects to represent datetimes in UTC: datetime.datetime.now(datetime.UTC).
    one_minute_ago = (datetime.utcnow() - timedelta(minutes=1)).isoformat()

tests/integration/test_api_endpoints.py::TestPerformanceEndpoints::test_performance_analysis_endpoint
tests/integration/test_api_endpoints.py::TestPerformanceEndpoints::test_performance_report_endpoint
  C:\anti\antigravity-workspace-template\backend\utils\performance.py:607: DeprecationWarning: datetime.datetime.utcnow() is deprecated and scheduled for removal in a future version. Use timezone-aware objects to represent datetimes in UTC: datetime.datetime.now(datetime.UTC).
    'timestamp': datetime.utcnow().isoformat()

-- Docs: https://docs.pytest.org/en/stable/how-to/capture-warnings.html
=========================== short test summary info ===========================
SKIPPED [1] tests\config\test_configuration_validation.py:509: Skipping bash syntax check on Windows
SKIPPED [1] tests\config\test_setup_scripts.py:130: Skipping bash syntax check on Windows
SKIPPED [1] tests\config\test_setup_scripts.py:205: Skipping bash syntax check on Windows
SKIPPED [1] tests\config\test_setup_scripts.py:289: Skipping bash syntax check on Windows
SKIPPED [1] tests\config\test_setup_scripts.py:385: Skipping bash syntax check on Windows
SKIPPED [1] tests\config\test_setup_scripts.py:458: Skipping bash syntax check on Windows
FAILED tests/integration/test_api_endpoints.py::TestAPIEndpoints::test_ask_agent_endpoint
FAILED tests/integration/test_api_endpoints.py::TestPerformanceEndpoints::test_performance_metrics_endpoint
FAILED tests/integration/test_file_watcher.py::TestFileWatcherIntegration::test_watcher_debouncing
FAILED tests/integration/test_file_watcher.py::TestFileWatcherIntegration::test_watcher_processes_after_debounce
FAILED tests/integration/test_rag_pipeline.py::TestRAGPipeline::test_complete_rag_workflow
!!!!!!!!!!!!!!!!!!!!!!!!!! stopping after 5 failures !!!!!!!!!!!!!!!!!!!!!!!!!!
=========== 5 failed, 90 passed, 6 skipped, 169 warnings in 15.67s ============
