============================= test session starts =============================
platform win32 -- Python 3.14.0, pytest-9.0.2, pluggy-1.6.0 -- C:\Python314\python.exe
cachedir: .pytest_cache
rootdir: C:\anti\antigravity-workspace-template
configfile: pytest.ini
testpaths: tests
plugins: asyncio-1.3.0, cov-7.0.0, anyio-4.12.1
asyncio: mode=Mode.AUTO, debug=False, asyncio_default_fixture_loop_scope=None, asyncio_default_test_loop_scope=function
collecting ... collected 928 items

tests/config/test_configuration_validation.py::TestEnvironmentConfiguration::test_env_example_exists PASSED [  0%]
tests/config/test_configuration_validation.py::TestEnvironmentConfiguration::test_env_example_format PASSED [  0%]
tests/config/test_configuration_validation.py::TestEnvironmentConfiguration::test_env_required_variables PASSED [  0%]
tests/config/test_configuration_validation.py::TestEnvironmentConfiguration::test_env_no_actual_secrets PASSED [  0%]
tests/config/test_configuration_validation.py::TestEnvironmentConfiguration::test_referenced_env_vars_in_code_exist_in_example PASSED [  0%]
tests/config/test_configuration_validation.py::TestMCPConfiguration::test_mcp_json_exists PASSED [  0%]
tests/config/test_configuration_validation.py::TestMCPConfiguration::test_mcp_json_valid_format PASSED [  0%]
tests/config/test_configuration_validation.py::TestMCPConfiguration::test_mcp_required_fields PASSED [  0%]
tests/config/test_configuration_validation.py::TestMCPConfiguration::test_mcp_server_configurations PASSED [  0%]
tests/config/test_configuration_validation.py::TestMCPConfiguration::test_mcp_environment_variables_match PASSED [  1%]
tests/config/test_configuration_validation.py::TestMCPConfiguration::test_mcp_core_servers_enabled PASSED [  1%]
tests/config/test_configuration_validation.py::TestDockerConfiguration::test_docker_compose_exists PASSED [  1%]
tests/config/test_configuration_validation.py::TestDockerConfiguration::test_docker_compose_valid_yaml PASSED [  1%]
tests/config/test_configuration_validation.py::TestDockerConfiguration::test_docker_compose_version PASSED [  1%]
tests/config/test_configuration_validation.py::TestDockerConfiguration::test_docker_compose_required_services PASSED [  1%]
tests/config/test_configuration_validation.py::TestDockerConfiguration::test_docker_compose_service_configuration PASSED [  1%]
tests/config/test_configuration_validation.py::TestDockerConfiguration::test_docker_compose_environment_variables PASSED [  1%]
tests/config/test_configuration_validation.py::TestDockerConfiguration::test_dockerfile_exists PASSED [  1%]
tests/config/test_configuration_validation.py::TestDockerConfiguration::test_dockerfile_format PASSED [  2%]
tests/config/test_configuration_validation.py::TestShellScripts::test_shell_scripts_exist PASSED [  2%]
tests/config/test_configuration_validation.py::TestShellScripts::test_shell_scripts_executable PASSED [  2%]
tests/config/test_configuration_validation.py::TestShellScripts::test_shell_scripts_shebang PASSED [  2%]
tests/config/test_configuration_validation.py::TestShellScripts::test_shell_scripts_no_syntax_errors SKIPPED [  2%]
tests/config/test_configuration_validation.py::TestShellScripts::test_shell_scripts_error_handling PASSED [  2%]
tests/config/test_configuration_validation.py::TestPythonDependencies::test_requirements_txt_exists PASSED [  2%]
tests/config/test_configuration_validation.py::TestPythonDependencies::test_requirements_txt_format PASSED [  2%]
tests/config/test_configuration_validation.py::TestPythonDependencies::test_requirements_txt_parseable PASSED [  2%]
tests/config/test_configuration_validation.py::TestPythonDependencies::test_no_conflicting_dependencies PASSED [  3%]
tests/config/test_configuration_validation.py::TestPythonDependencies::test_pytest_configured PASSED [  3%]
tests/config/test_configuration_validation.py::TestGitConfiguration::test_gitignore_exists PASSED [  3%]
tests/config/test_configuration_validation.py::TestGitConfiguration::test_gitignore_covers_sensitive_files PASSED [  3%]
tests/config/test_configuration_validation.py::TestGitConfiguration::test_no_env_file_committed PASSED [  3%]
tests/config/test_configuration_validation.py::TestCIConfiguration::test_github_workflows_directory_exists PASSED [  3%]
tests/config/test_configuration_validation.py::TestCIConfiguration::test_test_workflow_exists PASSED [  3%]
tests/config/test_configuration_validation.py::TestCIConfiguration::test_workflow_valid_yaml PASSED [  3%]
tests/config/test_configuration_validation.py::TestCIConfiguration::test_workflow_has_required_fields PASSED [  3%]
tests/config/test_setup_scripts.py::TestInstallScript::test_install_script_exists PASSED [  3%]
tests/config/test_setup_scripts.py::TestInstallScript::test_install_script_executable PASSED [  4%]
tests/config/test_setup_scripts.py::TestInstallScript::test_install_script_has_shebang PASSED [  4%]
tests/config/test_setup_scripts.py::TestInstallScript::test_install_script_error_handling PASSED [  4%]
tests/config/test_setup_scripts.py::TestInstallScript::test_install_script_checks_dependencies PASSED [  4%]
tests/config/test_setup_scripts.py::TestInstallScript::test_install_script_no_hardcoded_paths PASSED [  4%]
tests/config/test_setup_scripts.py::TestInstallScript::test_install_script_installs_dependencies PASSED [  4%]
tests/config/test_setup_scripts.py::TestInstallScript::test_install_script_syntax SKIPPED [  4%]
tests/config/test_setup_scripts.py::TestConfigureScript::test_configure_script_exists PASSED [  4%]
tests/config/test_setup_scripts.py::TestConfigureScript::test_configure_script_executable PASSED [  4%]
tests/config/test_setup_scripts.py::TestConfigureScript::test_configure_script_has_shebang PASSED [  5%]
tests/config/test_setup_scripts.py::TestConfigureScript::test_configure_script_handles_env_file PASSED [  5%]
tests/config/test_setup_scripts.py::TestConfigureScript::test_configure_script_validates_config PASSED [  5%]
tests/config/test_setup_scripts.py::TestConfigureScript::test_configure_script_syntax SKIPPED [  5%]
tests/config/test_setup_scripts.py::TestStartScript::test_start_script_exists PASSED [  5%]
tests/config/test_setup_scripts.py::TestStartScript::test_start_script_executable PASSED [  5%]
tests/config/test_setup_scripts.py::TestStartScript::test_start_script_has_shebang PASSED [  5%]
tests/config/test_setup_scripts.py::TestStartScript::test_start_script_starts_services PASSED [  5%]
tests/config/test_setup_scripts.py::TestStartScript::test_start_script_checks_prerequisites PASSED [  5%]
tests/config/test_setup_scripts.py::TestStartScript::test_start_script_syntax SKIPPED [  6%]
tests/config/test_setup_scripts.py::TestStopScript::test_stop_script_exists PASSED [  6%]
tests/config/test_setup_scripts.py::TestStopScript::test_stop_script_executable PASSED [  6%]
tests/config/test_setup_scripts.py::TestStopScript::test_stop_script_has_shebang PASSED [  6%]
tests/config/test_setup_scripts.py::TestStopScript::test_stop_script_stops_services PASSED [  6%]
tests/config/test_setup_scripts.py::TestStopScript::test_stop_script_graceful_shutdown PASSED [  6%]
tests/config/test_setup_scripts.py::TestStopScript::test_stop_script_syntax SKIPPED [  6%]
tests/config/test_setup_scripts.py::TestValidateScript::test_validate_script_executable PASSED [  6%]
tests/config/test_setup_scripts.py::TestValidateScript::test_validate_script_has_shebang PASSED [  6%]
tests/config/test_setup_scripts.py::TestValidateScript::test_validate_script_checks_configuration PASSED [  7%]
tests/config/test_setup_scripts.py::TestValidateScript::test_validate_script_syntax SKIPPED [  7%]
tests/config/test_setup_scripts.py::TestScriptInteraction::test_scripts_reference_consistent_paths PASSED [  7%]
tests/config/test_setup_scripts.py::TestScriptInteraction::test_scripts_use_consistent_error_codes PASSED [  7%]
tests/config/test_setup_scripts.py::TestScriptIdempotency::test_configure_script_can_run_multiple_times PASSED [  7%]
tests/config/test_setup_scripts.py::TestScriptIdempotency::test_install_script_handles_existing_installation PASSED [  7%]
tests/config/test_setup_scripts.py::TestScriptDocumentation::test_scripts_have_comments PASSED [  7%]
tests/config/test_setup_scripts.py::TestScriptDocumentation::test_scripts_have_usage_info PASSED [  7%]
tests/e2e/test_complete_workflow.py::TestCompleteWorkflow::test_upload_and_query_workflow FAILED [  7%]
tests/e2e/test_complete_workflow.py::TestCompleteWorkflow::test_system_health_monitoring PASSED [  7%]
tests/e2e/test_complete_workflow.py::TestCompleteWorkflow::test_concurrent_user_requests PASSED [  8%]
tests/integration/test_api_endpoints.py::TestAPIEndpoints::test_root_endpoint PASSED [  8%]
tests/integration/test_api_endpoints.py::TestAPIEndpoints::test_health_endpoint PASSED [  8%]
tests/integration/test_api_endpoints.py::TestAPIEndpoints::test_files_endpoint PASSED [  8%]
tests/integration/test_api_endpoints.py::TestAPIEndpoints::test_upload_single_file FAILED [  8%]
tests/integration/test_api_endpoints.py::TestAPIEndpoints::test_upload_multiple_files FAILED [  8%]
tests/integration/test_api_endpoints.py::TestAPIEndpoints::test_ask_agent_endpoint PASSED [  8%]
tests/integration/test_api_endpoints.py::TestAPIEndpoints::test_ask_agent_complex_query PASSED [  8%]
tests/integration/test_api_endpoints.py::TestAPIEndpoints::test_ask_agent_empty_query PASSED [  8%]
tests/integration/test_api_endpoints.py::TestAPIEndpoints::test_cors_headers PASSED [  9%]
tests/integration/test_api_endpoints.py::TestAPIEndpoints::test_api_versioning PASSED [  9%]
tests/integration/test_api_endpoints.py::TestAPIEndpoints::test_concurrent_requests PASSED [  9%]
tests/integration/test_api_endpoints.py::TestAPIEndpoints::test_upload_with_subdirectory FAILED [  9%]
tests/integration/test_api_endpoints.py::TestAPIEndpoints::test_error_handling PASSED [  9%]
tests/integration/test_api_endpoints.py::TestAPIEndpoints::test_all_get_endpoints[/-GET] PASSED [  9%]
tests/integration/test_api_endpoints.py::TestAPIEndpoints::test_all_get_endpoints[/health-GET] PASSED [  9%]
tests/integration/test_api_endpoints.py::TestAPIEndpoints::test_all_get_endpoints[/files-GET] FAILED [  9%]

================================== FAILURES ===================================
_____________ TestCompleteWorkflow.test_upload_and_query_workflow _____________
tests\e2e\test_complete_workflow.py:53: in test_upload_and_query_workflow
    assert response.status_code == 200
E   assert 500 == 200
E    +  where 500 = <Response [500 Internal Server Error]>.status_code
------------------------------ Captured log call ------------------------------
ERROR    backend.main:main.py:448 Error uploading file test_doc.txt: [Errno 2] No such file or directory: 'C:\\Users\\LocalAdminUser\\AppData\\Local\\Temp\\tmp6cnikumc\\drop_zone\\test_doc.txt'
__________________ TestAPIEndpoints.test_upload_single_file ___________________
tests\integration\test_api_endpoints.py:96: in test_upload_single_file
    assert response.status_code == 200
E   assert 500 == 200
E    +  where 500 = <Response [500 Internal Server Error]>.status_code
------------------------------ Captured log call ------------------------------
ERROR    backend.main:main.py:448 Error uploading file test.txt: [Errno 2] No such file or directory: 'C:\\test\\drop_zone\\test.txt'
_________________ TestAPIEndpoints.test_upload_multiple_files _________________
tests\integration\test_api_endpoints.py:116: in test_upload_multiple_files
    assert response.status_code == 200
E   assert 500 == 200
E    +  where 500 = <Response [500 Internal Server Error]>.status_code
------------------------------ Captured log call ------------------------------
ERROR    backend.main:main.py:448 Error uploading file test0.txt: [Errno 2] No such file or directory: 'C:\\test\\drop_zone\\test0.txt'
_______________ TestAPIEndpoints.test_upload_with_subdirectory ________________
tests\integration\test_api_endpoints.py:198: in test_upload_with_subdirectory
    assert response.status_code == 200
E   assert 500 == 200
E    +  where 500 = <Response [500 Internal Server Error]>.status_code
------------------------------ Captured log call ------------------------------
ERROR    backend.main:main.py:448 Error uploading file subdir/test.txt: [Errno 2] No such file or directory: 'C:\\test\\drop_zone\\test.txt'
_____________ TestAPIEndpoints.test_all_get_endpoints[/files-GET] _____________
tests\integration\test_api_endpoints.py:214: in test_all_get_endpoints
    response = client.get(endpoint)
               ^^^^^^^^^^^^^^^^^^^^
C:\Python314\Lib\site-packages\starlette\testclient.py:473: in get
    return super().get(
C:\Users\LocalAdminUser\AppData\Roaming\Python\Python314\site-packages\httpx\_client.py:1053: in get
    return self.request(
C:\Python314\Lib\site-packages\starlette\testclient.py:445: in request
    return super().request(
C:\Users\LocalAdminUser\AppData\Roaming\Python\Python314\site-packages\httpx\_client.py:825: in request
    return self.send(request, auth=auth, follow_redirects=follow_redirects)
           ^^^^^^^^^^^^^^^^^^^^^^^^^^^^^^^^^^^^^^^^^^^^^^^^^^^^^^^^^^^^^^^^
C:\Users\LocalAdminUser\AppData\Roaming\Python\Python314\site-packages\httpx\_client.py:914: in send
    response = self._send_handling_auth(
C:\Users\LocalAdminUser\AppData\Roaming\Python\Python314\site-packages\httpx\_client.py:942: in _send_handling_auth
    response = self._send_handling_redirects(
C:\Users\LocalAdminUser\AppData\Roaming\Python\Python314\site-packages\httpx\_client.py:979: in _send_handling_redirects
    response = self._send_single_request(request)
               ^^^^^^^^^^^^^^^^^^^^^^^^^^^^^^^^^^
C:\Users\LocalAdminUser\AppData\Roaming\Python\Python314\site-packages\httpx\_client.py:1014: in _send_single_request
    response = transport.handle_request(request)
               ^^^^^^^^^^^^^^^^^^^^^^^^^^^^^^^^^
C:\Python314\Lib\site-packages\starlette\testclient.py:348: in handle_request
    raise exc
C:\Python314\Lib\site-packages\starlette\testclient.py:345: in handle_request
    portal.call(self.app, scope, receive, send)
C:\Python314\Lib\site-packages\anyio\from_thread.py:334: in call
    return cast(T_Retval, self.start_task_soon(func, *args).result())
                          ^^^^^^^^^^^^^^^^^^^^^^^^^^^^^^^^^^^^^^^^^^
C:\Python314\Lib\concurrent\futures\_base.py:450: in result
    return self.__get_result()
           ^^^^^^^^^^^^^^^^^^^
C:\Python314\Lib\concurrent\futures\_base.py:395: in __get_result
    raise self._exception
C:\Python314\Lib\site-packages\anyio\from_thread.py:259: in _call_func
    retval = await retval_or_awaitable
             ^^^^^^^^^^^^^^^^^^^^^^^^^
C:\Python314\Lib\site-packages\fastapi\applications.py:1135: in __call__
    await super().__call__(scope, receive, send)
C:\Python314\Lib\site-packages\starlette\applications.py:107: in __call__
    await self.middleware_stack(scope, receive, send)
C:\Python314\Lib\site-packages\starlette\middleware\errors.py:186: in __call__
    raise exc
C:\Python314\Lib\site-packages\starlette\middleware\errors.py:164: in __call__
    await self.app(scope, receive, _send)
C:\Python314\Lib\site-packages\starlette\middleware\cors.py:85: in __call__
    await self.app(scope, receive, send)
C:\Python314\Lib\site-packages\starlette\middleware\exceptions.py:63: in __call__
    await wrap_app_handling_exceptions(self.app, conn)(scope, receive, send)
C:\Python314\Lib\site-packages\starlette\_exception_handler.py:53: in wrapped_app
    raise exc
C:\Python314\Lib\site-packages\starlette\_exception_handler.py:42: in wrapped_app
    await app(scope, receive, sender)
C:\Python314\Lib\site-packages\fastapi\middleware\asyncexitstack.py:18: in __call__
    await self.app(scope, receive, send)
C:\Python314\Lib\site-packages\starlette\routing.py:716: in __call__
    await self.middleware_stack(scope, receive, send)
C:\Python314\Lib\site-packages\starlette\routing.py:736: in app
    await route.handle(scope, receive, send)
C:\Python314\Lib\site-packages\starlette\routing.py:290: in handle
    await self.app(scope, receive, send)
C:\Python314\Lib\site-packages\fastapi\routing.py:115: in app
    await wrap_app_handling_exceptions(app, request)(scope, receive, send)
C:\Python314\Lib\site-packages\starlette\_exception_handler.py:53: in wrapped_app
    raise exc
C:\Python314\Lib\site-packages\starlette\_exception_handler.py:42: in wrapped_app
    await app(scope, receive, sender)
C:\Python314\Lib\site-packages\fastapi\routing.py:101: in app
    response = await f(request)
               ^^^^^^^^^^^^^^^^
C:\Python314\Lib\site-packages\fastapi\routing.py:355: in app
    raw_response = await run_endpoint_function(
C:\Python314\Lib\site-packages\fastapi\routing.py:243: in run_endpoint_function
    return await dependant.call(**values)
           ^^^^^^^^^^^^^^^^^^^^^^^^^^^^^^
C:\Users\LocalAdminUser\AppData\Roaming\Python\Python314\site-packages\slowapi\extension.py:734: in async_wrapper
    response = await func(*args, **kwargs)  # type: ignore
               ^^^^^^^^^^^^^^^^^^^^^^^^^^^
backend\main.py:400: in get_files
    return get_file_structure(watcher.watch_dir)
           ^^^^^^^^^^^^^^^^^^^^^^^^^^^^^^^^^^^^^
backend\utils\file_utils.py:10: in get_file_structure
    for entry in os.scandir(root_path):
                 ^^^^^^^^^^^^^^^^^^^^^
E   FileNotFoundError: [WinError 3] The system cannot find the path specified: '/test/drop_zone'
============================== warnings summary ===============================
backend\agent\gemini_client.py:1
  C:\anti\antigravity-workspace-template\tests\performance\../../backend\agent\gemini_client.py:1: FutureWarning: 
  
  All support for the `google.generativeai` package has ended. It will no longer be receiving 
  updates or bug fixes. Please switch to the `google.genai` package as soon as possible.
  See README for more details:
  
  https://github.com/google-gemini/deprecated-generative-ai-python/blob/main/README.md
  
    import google.generativeai as genai

..\..\Users\LocalAdminUser\AppData\Roaming\Python\Python314\site-packages\slowapi\extension.py:717: 128 warnings
  C:\Users\LocalAdminUser\AppData\Roaming\Python\Python314\site-packages\slowapi\extension.py:717: DeprecationWarning: 'asyncio.iscoroutinefunction' is deprecated and slated for removal in Python 3.16; use inspect.iscoroutinefunction() instead
    if asyncio.iscoroutinefunction(func):

backend\utils\performance.py:773
backend\utils\performance.py:773
  C:\anti\antigravity-workspace-template\tests\performance\../../backend\utils\performance.py:773: DeprecationWarning: 
          on_event is deprecated, use lifespan event handlers instead.
  
          Read more about it in the
          [FastAPI docs for Lifespan Events](https://fastapi.tiangolo.com/advanced/events/).
          
    @app.on_event("startup")

..\..\Python314\Lib\site-packages\fastapi\applications.py:4576
..\..\Python314\Lib\site-packages\fastapi\applications.py:4576
..\..\Python314\Lib\site-packages\fastapi\applications.py:4576
..\..\Python314\Lib\site-packages\fastapi\applications.py:4576
tests/e2e/test_complete_workflow.py::TestCompleteWorkflow::test_system_health_monitoring
tests/e2e/test_complete_workflow.py::TestCompleteWorkflow::test_system_health_monitoring
  C:\Python314\Lib\site-packages\fastapi\applications.py:4576: DeprecationWarning: 
          on_event is deprecated, use lifespan event handlers instead.
  
          Read more about it in the
          [FastAPI docs for Lifespan Events](https://fastapi.tiangolo.com/advanced/events/).
          
    return self.router.on_event(event_type)

backend\utils\performance.py:778
backend\utils\performance.py:778
  C:\anti\antigravity-workspace-template\tests\performance\../../backend\utils\performance.py:778: DeprecationWarning: 
          on_event is deprecated, use lifespan event handlers instead.
  
          Read more about it in the
          [FastAPI docs for Lifespan Events](https://fastapi.tiangolo.com/advanced/events/).
          
    @app.on_event("shutdown")

tests/e2e/test_complete_workflow.py::TestCompleteWorkflow::test_system_health_monitoring
  C:\anti\antigravity-workspace-template\backend\utils\performance.py:773: DeprecationWarning: 
          on_event is deprecated, use lifespan event handlers instead.
  
          Read more about it in the
          [FastAPI docs for Lifespan Events](https://fastapi.tiangolo.com/advanced/events/).
          
    @app.on_event("startup")

tests/e2e/test_complete_workflow.py::TestCompleteWorkflow::test_system_health_monitoring
  C:\anti\antigravity-workspace-template\backend\utils\performance.py:778: DeprecationWarning: 
          on_event is deprecated, use lifespan event handlers instead.
  
          Read more about it in the
          [FastAPI docs for Lifespan Events](https://fastapi.tiangolo.com/advanced/events/).
          
    @app.on_event("shutdown")

tests/e2e/test_complete_workflow.py::TestCompleteWorkflow::test_system_health_monitoring
  C:\anti\antigravity-workspace-template\backend\utils\performance.py:377: DeprecationWarning: datetime.datetime.utcnow() is deprecated and scheduled for removal in a future version. Use timezone-aware objects to represent datetimes in UTC: datetime.datetime.now(datetime.UTC).
    timestamp=datetime.utcnow().isoformat(),

-- Docs: https://docs.pytest.org/en/stable/how-to/capture-warnings.html
=========================== short test summary info ===========================
SKIPPED [1] tests\config\test_configuration_validation.py:509: Skipping bash syntax check on Windows
SKIPPED [1] tests\config\test_setup_scripts.py:130: Skipping bash syntax check on Windows
SKIPPED [1] tests\config\test_setup_scripts.py:205: Skipping bash syntax check on Windows
SKIPPED [1] tests\config\test_setup_scripts.py:289: Skipping bash syntax check on Windows
SKIPPED [1] tests\config\test_setup_scripts.py:385: Skipping bash syntax check on Windows
SKIPPED [1] tests\config\test_setup_scripts.py:458: Skipping bash syntax check on Windows
FAILED tests/e2e/test_complete_workflow.py::TestCompleteWorkflow::test_upload_and_query_workflow
FAILED tests/integration/test_api_endpoints.py::TestAPIEndpoints::test_upload_single_file
FAILED tests/integration/test_api_endpoints.py::TestAPIEndpoints::test_upload_multiple_files
FAILED tests/integration/test_api_endpoints.py::TestAPIEndpoints::test_upload_with_subdirectory
FAILED tests/integration/test_api_endpoints.py::TestAPIEndpoints::test_all_get_endpoints[/files-GET]
!!!!!!!!!!!!!!!!!!!!!!!!!! stopping after 5 failures !!!!!!!!!!!!!!!!!!!!!!!!!!
============ 5 failed, 80 passed, 6 skipped, 142 warnings in 5.04s ============
