============================= test session starts =============================
platform win32 -- Python 3.14.0, pytest-9.0.2, pluggy-1.6.0 -- C:\Python314\python.exe
cachedir: .pytest_cache
rootdir: C:\anti\antigravity-workspace-template
configfile: pytest.ini
testpaths: tests
plugins: asyncio-1.3.0, cov-7.0.0, anyio-4.12.1
asyncio: mode=Mode.AUTO, debug=False, asyncio_default_fixture_loop_scope=None, asyncio_default_test_loop_scope=function
collecting ... collected 928 items

tests/config/test_configuration_validation.py::TestEnvironmentConfiguration::test_env_example_exists PASSED [  0%]
tests/config/test_configuration_validation.py::TestEnvironmentConfiguration::test_env_example_format PASSED [  0%]
tests/config/test_configuration_validation.py::TestEnvironmentConfiguration::test_env_required_variables PASSED [  0%]
tests/config/test_configuration_validation.py::TestEnvironmentConfiguration::test_env_no_actual_secrets PASSED [  0%]
tests/config/test_configuration_validation.py::TestEnvironmentConfiguration::test_referenced_env_vars_in_code_exist_in_example PASSED [  0%]
tests/config/test_configuration_validation.py::TestMCPConfiguration::test_mcp_json_exists PASSED [  0%]
tests/config/test_configuration_validation.py::TestMCPConfiguration::test_mcp_json_valid_format PASSED [  0%]
tests/config/test_configuration_validation.py::TestMCPConfiguration::test_mcp_required_fields PASSED [  0%]
tests/config/test_configuration_validation.py::TestMCPConfiguration::test_mcp_server_configurations PASSED [  0%]
tests/config/test_configuration_validation.py::TestMCPConfiguration::test_mcp_environment_variables_match PASSED [  1%]
tests/config/test_configuration_validation.py::TestMCPConfiguration::test_mcp_core_servers_enabled PASSED [  1%]
tests/config/test_configuration_validation.py::TestDockerConfiguration::test_docker_compose_exists PASSED [  1%]
tests/config/test_configuration_validation.py::TestDockerConfiguration::test_docker_compose_valid_yaml PASSED [  1%]
tests/config/test_configuration_validation.py::TestDockerConfiguration::test_docker_compose_version PASSED [  1%]
tests/config/test_configuration_validation.py::TestDockerConfiguration::test_docker_compose_required_services PASSED [  1%]
tests/config/test_configuration_validation.py::TestDockerConfiguration::test_docker_compose_service_configuration PASSED [  1%]
tests/config/test_configuration_validation.py::TestDockerConfiguration::test_docker_compose_environment_variables PASSED [  1%]
tests/config/test_configuration_validation.py::TestDockerConfiguration::test_dockerfile_exists PASSED [  1%]
tests/config/test_configuration_validation.py::TestDockerConfiguration::test_dockerfile_format PASSED [  2%]
tests/config/test_configuration_validation.py::TestShellScripts::test_shell_scripts_exist PASSED [  2%]
tests/config/test_configuration_validation.py::TestShellScripts::test_shell_scripts_executable PASSED [  2%]
tests/config/test_configuration_validation.py::TestShellScripts::test_shell_scripts_shebang PASSED [  2%]
tests/config/test_configuration_validation.py::TestShellScripts::test_shell_scripts_no_syntax_errors FAILED [  2%]
tests/config/test_configuration_validation.py::TestShellScripts::test_shell_scripts_error_handling PASSED [  2%]
tests/config/test_configuration_validation.py::TestPythonDependencies::test_requirements_txt_exists PASSED [  2%]
tests/config/test_configuration_validation.py::TestPythonDependencies::test_requirements_txt_format PASSED [  2%]
tests/config/test_configuration_validation.py::TestPythonDependencies::test_requirements_txt_parseable PASSED [  2%]
tests/config/test_configuration_validation.py::TestPythonDependencies::test_no_conflicting_dependencies PASSED [  3%]
tests/config/test_configuration_validation.py::TestPythonDependencies::test_pytest_configured PASSED [  3%]
tests/config/test_configuration_validation.py::TestGitConfiguration::test_gitignore_exists PASSED [  3%]
tests/config/test_configuration_validation.py::TestGitConfiguration::test_gitignore_covers_sensitive_files PASSED [  3%]
tests/config/test_configuration_validation.py::TestGitConfiguration::test_no_env_file_committed PASSED [  3%]
tests/config/test_configuration_validation.py::TestCIConfiguration::test_github_workflows_directory_exists PASSED [  3%]
tests/config/test_configuration_validation.py::TestCIConfiguration::test_test_workflow_exists PASSED [  3%]
tests/config/test_configuration_validation.py::TestCIConfiguration::test_workflow_valid_yaml PASSED [  3%]
tests/config/test_configuration_validation.py::TestCIConfiguration::test_workflow_has_required_fields PASSED [  3%]
tests/config/test_setup_scripts.py::TestInstallScript::test_install_script_exists PASSED [  3%]
tests/config/test_setup_scripts.py::TestInstallScript::test_install_script_executable PASSED [  4%]
tests/config/test_setup_scripts.py::TestInstallScript::test_install_script_has_shebang PASSED [  4%]
tests/config/test_setup_scripts.py::TestInstallScript::test_install_script_error_handling PASSED [  4%]
tests/config/test_setup_scripts.py::TestInstallScript::test_install_script_checks_dependencies PASSED [  4%]
tests/config/test_setup_scripts.py::TestInstallScript::test_install_script_no_hardcoded_paths PASSED [  4%]
tests/config/test_setup_scripts.py::TestInstallScript::test_install_script_installs_dependencies PASSED [  4%]
tests/config/test_setup_scripts.py::TestInstallScript::test_install_script_syntax FAILED [  4%]
tests/config/test_setup_scripts.py::TestConfigureScript::test_configure_script_exists PASSED [  4%]
tests/config/test_setup_scripts.py::TestConfigureScript::test_configure_script_executable PASSED [  4%]
tests/config/test_setup_scripts.py::TestConfigureScript::test_configure_script_has_shebang PASSED [  5%]
tests/config/test_setup_scripts.py::TestConfigureScript::test_configure_script_handles_env_file PASSED [  5%]
tests/config/test_setup_scripts.py::TestConfigureScript::test_configure_script_validates_config PASSED [  5%]
tests/config/test_setup_scripts.py::TestConfigureScript::test_configure_script_syntax FAILED [  5%]
tests/config/test_setup_scripts.py::TestStartScript::test_start_script_exists PASSED [  5%]
tests/config/test_setup_scripts.py::TestStartScript::test_start_script_executable PASSED [  5%]
tests/config/test_setup_scripts.py::TestStartScript::test_start_script_has_shebang PASSED [  5%]
tests/config/test_setup_scripts.py::TestStartScript::test_start_script_starts_services PASSED [  5%]
tests/config/test_setup_scripts.py::TestStartScript::test_start_script_checks_prerequisites PASSED [  5%]
tests/config/test_setup_scripts.py::TestStartScript::test_start_script_syntax FAILED [  6%]
tests/config/test_setup_scripts.py::TestStopScript::test_stop_script_exists PASSED [  6%]
tests/config/test_setup_scripts.py::TestStopScript::test_stop_script_executable PASSED [  6%]
tests/config/test_setup_scripts.py::TestStopScript::test_stop_script_has_shebang PASSED [  6%]
tests/config/test_setup_scripts.py::TestStopScript::test_stop_script_stops_services PASSED [  6%]
tests/config/test_setup_scripts.py::TestStopScript::test_stop_script_graceful_shutdown PASSED [  6%]
tests/config/test_setup_scripts.py::TestStopScript::test_stop_script_syntax FAILED [  6%]

================================== FAILURES ===================================
____________ TestShellScripts.test_shell_scripts_no_syntax_errors _____________
tests\config\test_configuration_validation.py:509: in test_shell_scripts_no_syntax_errors
    result = subprocess.run(
C:\Python314\Lib\subprocess.py:556: in run
    stdout, stderr = process.communicate(input, timeout=timeout)
                     ^^^^^^^^^^^^^^^^^^^^^^^^^^^^^^^^^^^^^^^^^^^
C:\Python314\Lib\subprocess.py:1220: in communicate
    stdout, stderr = self._communicate(input, endtime, timeout)
                     ^^^^^^^^^^^^^^^^^^^^^^^^^^^^^^^^^^^^^^^^^^
C:\Python314\Lib\subprocess.py:1644: in _communicate
    raise TimeoutExpired(self.args, orig_timeout)
E   subprocess.TimeoutExpired: Command '['bash', '-n', 'C:/anti/antigravity-workspace-template/configure.sh']' timed out after 5 seconds

During handling of the above exception, another exception occurred:
tests\config\test_configuration_validation.py:520: in test_shell_scripts_no_syntax_errors
    pytest.fail(f"Script {script.name} syntax check timed out")
E   Failed: Script configure.sh syntax check timed out
________________ TestInstallScript.test_install_script_syntax _________________
tests\config\test_setup_scripts.py:136: in test_install_script_syntax
    assert result.returncode == 0, \
E   AssertionError: install.sh has syntax errors:
E     /bin/bash: C:/anti/antigravity-workspace-template/install.sh: No such file or directory
E     
E   assert 127 == 0
E    +  where 127 = CompletedProcess(args=['bash', '-n', 'C:/anti/antigravity-workspace-template/install.sh'], returncode=127, stdout='', stderr='/bin/bash: C:/anti/antigravity-workspace-template/install.sh: No such file or directory\n').returncode
______________ TestConfigureScript.test_configure_script_syntax _______________
tests\config\test_setup_scripts.py:209: in test_configure_script_syntax
    assert result.returncode == 0, \
E   AssertionError: configure.sh has syntax errors:
E     /bin/bash: C:/anti/antigravity-workspace-template/configure.sh: No such file or directory
E     
E   assert 127 == 0
E    +  where 127 = CompletedProcess(args=['bash', '-n', 'C:/anti/antigravity-workspace-template/configure.sh'], returncode=127, stdout='', stderr='/bin/bash: C:/anti/antigravity-workspace-template/configure.sh: No such file or directory\n').returncode
__________________ TestStartScript.test_start_script_syntax ___________________
tests\config\test_setup_scripts.py:291: in test_start_script_syntax
    assert result.returncode == 0, \
E   AssertionError: start.sh has syntax errors:
E     /bin/bash: C:/anti/antigravity-workspace-template/start.sh: No such file or directory
E     
E   assert 127 == 0
E    +  where 127 = CompletedProcess(args=['bash', '-n', 'C:/anti/antigravity-workspace-template/start.sh'], returncode=127, stdout='', stderr='/bin/bash: C:/anti/antigravity-workspace-template/start.sh: No such file or directory\n').returncode
___________________ TestStopScript.test_stop_script_syntax ____________________
tests\config\test_setup_scripts.py:385: in test_stop_script_syntax
    assert result.returncode == 0, \
E   AssertionError: stop.sh has syntax errors:
E     /bin/bash: C:/anti/antigravity-workspace-template/stop.sh: No such file or directory
E     
E   assert 127 == 0
E    +  where 127 = CompletedProcess(args=['bash', '-n', 'C:/anti/antigravity-workspace-template/stop.sh'], returncode=127, stdout='', stderr='/bin/bash: C:/anti/antigravity-workspace-template/stop.sh: No such file or directory\n').returncode
============================== warnings summary ===============================
backend\agent\gemini_client.py:1
  C:\anti\antigravity-workspace-template\tests\performance\../../backend\agent\gemini_client.py:1: FutureWarning: 
  
  All support for the `google.generativeai` package has ended. It will no longer be receiving 
  updates or bug fixes. Please switch to the `google.genai` package as soon as possible.
  See README for more details:
  
  https://github.com/google-gemini/deprecated-generative-ai-python/blob/main/README.md
  
    import google.generativeai as genai

..\..\Users\LocalAdminUser\AppData\Roaming\Python\Python314\site-packages\slowapi\extension.py:717: 128 warnings
  C:\Users\LocalAdminUser\AppData\Roaming\Python\Python314\site-packages\slowapi\extension.py:717: DeprecationWarning: 'asyncio.iscoroutinefunction' is deprecated and slated for removal in Python 3.16; use inspect.iscoroutinefunction() instead
    if asyncio.iscoroutinefunction(func):

backend\utils\performance.py:773
backend\utils\performance.py:773
  C:\anti\antigravity-workspace-template\tests\performance\../../backend\utils\performance.py:773: DeprecationWarning: 
          on_event is deprecated, use lifespan event handlers instead.
  
          Read more about it in the
          [FastAPI docs for Lifespan Events](https://fastapi.tiangolo.com/advanced/events/).
          
    @app.on_event("startup")

..\..\Python314\Lib\site-packages\fastapi\applications.py:4576
..\..\Python314\Lib\site-packages\fastapi\applications.py:4576
..\..\Python314\Lib\site-packages\fastapi\applications.py:4576
..\..\Python314\Lib\site-packages\fastapi\applications.py:4576
  C:\Python314\Lib\site-packages\fastapi\applications.py:4576: DeprecationWarning: 
          on_event is deprecated, use lifespan event handlers instead.
  
          Read more about it in the
          [FastAPI docs for Lifespan Events](https://fastapi.tiangolo.com/advanced/events/).
          
    return self.router.on_event(event_type)

backend\utils\performance.py:778
backend\utils\performance.py:778
  C:\anti\antigravity-workspace-template\tests\performance\../../backend\utils\performance.py:778: DeprecationWarning: 
          on_event is deprecated, use lifespan event handlers instead.
  
          Read more about it in the
          [FastAPI docs for Lifespan Events](https://fastapi.tiangolo.com/advanced/events/).
          
    @app.on_event("shutdown")

-- Docs: https://docs.pytest.org/en/stable/how-to/capture-warnings.html
=========================== short test summary info ===========================
FAILED tests/config/test_configuration_validation.py::TestShellScripts::test_shell_scripts_no_syntax_errors
FAILED tests/config/test_setup_scripts.py::TestInstallScript::test_install_script_syntax
FAILED tests/config/test_setup_scripts.py::TestConfigureScript::test_configure_script_syntax
FAILED tests/config/test_setup_scripts.py::TestStartScript::test_start_script_syntax
FAILED tests/config/test_setup_scripts.py::TestStopScript::test_stop_script_syntax
!!!!!!!!!!!!!!!!!!!!!!!!!! stopping after 5 failures !!!!!!!!!!!!!!!!!!!!!!!!!!
================= 5 failed, 57 passed, 137 warnings in 13.28s =================
