============================= test session starts =============================
platform win32 -- Python 3.14.0, pytest-9.0.2, pluggy-1.6.0 -- C:\Python314\python.exe
cachedir: .pytest_cache
rootdir: C:\anti\antigravity-workspace-template
configfile: pytest.ini
testpaths: tests
plugins: asyncio-1.3.0, cov-7.0.0, anyio-4.12.1
asyncio: mode=Mode.AUTO, debug=False, asyncio_default_fixture_loop_scope=None, asyncio_default_test_loop_scope=function
collecting ... collected 927 items

tests/config/test_configuration_validation.py::TestEnvironmentConfiguration::test_env_example_exists PASSED [  0%]
tests/config/test_configuration_validation.py::TestEnvironmentConfiguration::test_env_example_format PASSED [  0%]
tests/config/test_configuration_validation.py::TestEnvironmentConfiguration::test_env_required_variables PASSED [  0%]
tests/config/test_configuration_validation.py::TestEnvironmentConfiguration::test_env_no_actual_secrets PASSED [  0%]
tests/config/test_configuration_validation.py::TestEnvironmentConfiguration::test_referenced_env_vars_in_code_exist_in_example PASSED [  0%]
tests/config/test_configuration_validation.py::TestMCPConfiguration::test_mcp_json_exists PASSED [  0%]
tests/config/test_configuration_validation.py::TestMCPConfiguration::test_mcp_json_valid_format PASSED [  0%]
tests/config/test_configuration_validation.py::TestMCPConfiguration::test_mcp_required_fields PASSED [  0%]
tests/config/test_configuration_validation.py::TestMCPConfiguration::test_mcp_server_configurations PASSED [  0%]
tests/config/test_configuration_validation.py::TestMCPConfiguration::test_mcp_environment_variables_match PASSED [  1%]
tests/config/test_configuration_validation.py::TestMCPConfiguration::test_mcp_core_servers_enabled PASSED [  1%]
tests/config/test_configuration_validation.py::TestDockerConfiguration::test_docker_compose_exists PASSED [  1%]
tests/config/test_configuration_validation.py::TestDockerConfiguration::test_docker_compose_valid_yaml PASSED [  1%]
tests/config/test_configuration_validation.py::TestDockerConfiguration::test_docker_compose_version PASSED [  1%]
tests/config/test_configuration_validation.py::TestDockerConfiguration::test_docker_compose_required_services PASSED [  1%]
tests/config/test_configuration_validation.py::TestDockerConfiguration::test_docker_compose_service_configuration PASSED [  1%]
tests/config/test_configuration_validation.py::TestDockerConfiguration::test_docker_compose_environment_variables PASSED [  1%]
tests/config/test_configuration_validation.py::TestDockerConfiguration::test_dockerfile_exists PASSED [  1%]
tests/config/test_configuration_validation.py::TestDockerConfiguration::test_dockerfile_format PASSED [  2%]
tests/config/test_configuration_validation.py::TestShellScripts::test_shell_scripts_exist PASSED [  2%]
tests/config/test_configuration_validation.py::TestShellScripts::test_shell_scripts_executable PASSED [  2%]
tests/config/test_configuration_validation.py::TestShellScripts::test_shell_scripts_shebang PASSED [  2%]
tests/config/test_configuration_validation.py::TestShellScripts::test_shell_scripts_no_syntax_errors SKIPPED [  2%]
tests/config/test_configuration_validation.py::TestShellScripts::test_shell_scripts_error_handling PASSED [  2%]
tests/config/test_configuration_validation.py::TestPythonDependencies::test_requirements_txt_exists PASSED [  2%]
tests/config/test_configuration_validation.py::TestPythonDependencies::test_requirements_txt_format PASSED [  2%]
tests/config/test_configuration_validation.py::TestPythonDependencies::test_requirements_txt_parseable PASSED [  2%]
tests/config/test_configuration_validation.py::TestPythonDependencies::test_no_conflicting_dependencies PASSED [  3%]
tests/config/test_configuration_validation.py::TestPythonDependencies::test_pytest_configured PASSED [  3%]
tests/config/test_configuration_validation.py::TestGitConfiguration::test_gitignore_exists PASSED [  3%]
tests/config/test_configuration_validation.py::TestGitConfiguration::test_gitignore_covers_sensitive_files PASSED [  3%]
tests/config/test_configuration_validation.py::TestGitConfiguration::test_no_env_file_committed PASSED [  3%]
tests/config/test_configuration_validation.py::TestCIConfiguration::test_github_workflows_directory_exists PASSED [  3%]
tests/config/test_configuration_validation.py::TestCIConfiguration::test_test_workflow_exists PASSED [  3%]
tests/config/test_configuration_validation.py::TestCIConfiguration::test_workflow_valid_yaml PASSED [  3%]
tests/config/test_configuration_validation.py::TestCIConfiguration::test_workflow_has_required_fields PASSED [  3%]
tests/config/test_setup_scripts.py::TestInstallScript::test_install_script_exists PASSED [  3%]
tests/config/test_setup_scripts.py::TestInstallScript::test_install_script_executable PASSED [  4%]
tests/config/test_setup_scripts.py::TestInstallScript::test_install_script_has_shebang PASSED [  4%]
tests/config/test_setup_scripts.py::TestInstallScript::test_install_script_error_handling PASSED [  4%]
tests/config/test_setup_scripts.py::TestInstallScript::test_install_script_checks_dependencies PASSED [  4%]
tests/config/test_setup_scripts.py::TestInstallScript::test_install_script_no_hardcoded_paths PASSED [  4%]
tests/config/test_setup_scripts.py::TestInstallScript::test_install_script_installs_dependencies PASSED [  4%]
tests/config/test_setup_scripts.py::TestInstallScript::test_install_script_syntax SKIPPED [  4%]
tests/config/test_setup_scripts.py::TestConfigureScript::test_configure_script_exists PASSED [  4%]
tests/config/test_setup_scripts.py::TestConfigureScript::test_configure_script_executable PASSED [  4%]
tests/config/test_setup_scripts.py::TestConfigureScript::test_configure_script_has_shebang PASSED [  5%]
tests/config/test_setup_scripts.py::TestConfigureScript::test_configure_script_handles_env_file PASSED [  5%]
tests/config/test_setup_scripts.py::TestConfigureScript::test_configure_script_validates_config PASSED [  5%]
tests/config/test_setup_scripts.py::TestConfigureScript::test_configure_script_syntax SKIPPED [  5%]
tests/config/test_setup_scripts.py::TestStartScript::test_start_script_exists PASSED [  5%]
tests/config/test_setup_scripts.py::TestStartScript::test_start_script_executable PASSED [  5%]
tests/config/test_setup_scripts.py::TestStartScript::test_start_script_has_shebang PASSED [  5%]
tests/config/test_setup_scripts.py::TestStartScript::test_start_script_starts_services PASSED [  5%]
tests/config/test_setup_scripts.py::TestStartScript::test_start_script_checks_prerequisites PASSED [  5%]
tests/config/test_setup_scripts.py::TestStartScript::test_start_script_syntax SKIPPED [  6%]
tests/config/test_setup_scripts.py::TestStopScript::test_stop_script_exists PASSED [  6%]
tests/config/test_setup_scripts.py::TestStopScript::test_stop_script_executable PASSED [  6%]
tests/config/test_setup_scripts.py::TestStopScript::test_stop_script_has_shebang PASSED [  6%]
tests/config/test_setup_scripts.py::TestStopScript::test_stop_script_stops_services PASSED [  6%]
tests/config/test_setup_scripts.py::TestStopScript::test_stop_script_graceful_shutdown PASSED [  6%]
tests/config/test_setup_scripts.py::TestStopScript::test_stop_script_syntax SKIPPED [  6%]
tests/config/test_setup_scripts.py::TestValidateScript::test_validate_script_executable PASSED [  6%]
tests/config/test_setup_scripts.py::TestValidateScript::test_validate_script_has_shebang PASSED [  6%]
tests/config/test_setup_scripts.py::TestValidateScript::test_validate_script_checks_configuration PASSED [  7%]
tests/config/test_setup_scripts.py::TestValidateScript::test_validate_script_syntax SKIPPED [  7%]
tests/config/test_setup_scripts.py::TestScriptInteraction::test_scripts_reference_consistent_paths PASSED [  7%]
tests/config/test_setup_scripts.py::TestScriptInteraction::test_scripts_use_consistent_error_codes PASSED [  7%]
tests/config/test_setup_scripts.py::TestScriptIdempotency::test_configure_script_can_run_multiple_times PASSED [  7%]
tests/config/test_setup_scripts.py::TestScriptIdempotency::test_install_script_handles_existing_installation PASSED [  7%]
tests/config/test_setup_scripts.py::TestScriptDocumentation::test_scripts_have_comments PASSED [  7%]
tests/config/test_setup_scripts.py::TestScriptDocumentation::test_scripts_have_usage_info PASSED [  7%]
tests/e2e/test_complete_workflow.py::TestCompleteWorkflow::test_upload_and_query_workflow PASSED [  7%]
tests/e2e/test_complete_workflow.py::TestCompleteWorkflow::test_system_health_monitoring PASSED [  7%]
tests/e2e/test_complete_workflow.py::TestCompleteWorkflow::test_concurrent_user_requests PASSED [  8%]
tests/integration/test_api_endpoints.py::TestAPIEndpoints::test_root_endpoint PASSED [  8%]
tests/integration/test_api_endpoints.py::TestAPIEndpoints::test_health_endpoint PASSED [  8%]
tests/integration/test_api_endpoints.py::TestAPIEndpoints::test_files_endpoint PASSED [  8%]
tests/integration/test_api_endpoints.py::TestAPIEndpoints::test_upload_single_file PASSED [  8%]
tests/integration/test_api_endpoints.py::TestAPIEndpoints::test_upload_multiple_files PASSED [  8%]
tests/integration/test_api_endpoints.py::TestAPIEndpoints::test_ask_agent_endpoint PASSED [  8%]
tests/integration/test_api_endpoints.py::TestAPIEndpoints::test_ask_agent_complex_query PASSED [  8%]
tests/integration/test_api_endpoints.py::TestAPIEndpoints::test_ask_agent_empty_query PASSED [  8%]
tests/integration/test_api_endpoints.py::TestAPIEndpoints::test_cors_headers PASSED [  9%]
tests/integration/test_api_endpoints.py::TestAPIEndpoints::test_api_versioning PASSED [  9%]
tests/integration/test_api_endpoints.py::TestAPIEndpoints::test_concurrent_requests PASSED [  9%]
tests/integration/test_api_endpoints.py::TestAPIEndpoints::test_upload_with_subdirectory PASSED [  9%]
tests/integration/test_api_endpoints.py::TestAPIEndpoints::test_error_handling PASSED [  9%]
tests/integration/test_api_endpoints.py::TestAPIEndpoints::test_all_get_endpoints[/-GET] PASSED [  9%]
tests/integration/test_api_endpoints.py::TestAPIEndpoints::test_all_get_endpoints[/health-GET] PASSED [  9%]
tests/integration/test_api_endpoints.py::TestAPIEndpoints::test_all_get_endpoints[/files-GET] PASSED [  9%]
tests/integration/test_api_endpoints.py::TestAPIEndpoints::test_agent_ask_preserves_formatting PASSED [  9%]
tests/integration/test_api_endpoints.py::TestPerformanceEndpoints::test_performance_health_endpoint PASSED [ 10%]
tests/integration/test_api_endpoints.py::TestPerformanceEndpoints::test_performance_metrics_endpoint PASSED [ 10%]
tests/integration/test_api_endpoints.py::TestPerformanceEndpoints::test_performance_summary_endpoint PASSED [ 10%]
tests/integration/test_api_endpoints.py::TestPerformanceEndpoints::test_performance_analysis_endpoint PASSED [ 10%]
tests/integration/test_api_endpoints.py::TestPerformanceEndpoints::test_performance_report_endpoint PASSED [ 10%]
tests/integration/test_file_watcher.py::TestFileWatcherIntegration::test_watcher_detects_new_folder PASSED [ 10%]
tests/integration/test_file_watcher.py::TestFileWatcherIntegration::test_watcher_debouncing PASSED [ 10%]
tests/integration/test_file_watcher.py::TestFileWatcherIntegration::test_watcher_processes_after_debounce PASSED [ 10%]
tests/integration/test_rag_pipeline.py::TestRAGPipeline::test_complete_rag_workflow PASSED [ 10%]
tests/integration/test_rag_pipeline.py::TestRAGPipeline::test_rag_with_orchestrator PASSED [ 11%]
tests/integration/test_rag_pipeline.py::TestRAGPipeline::test_rag_handles_empty_results PASSED [ 11%]
tests/integration/test_rag_pipeline.py::TestRAGPipeline::test_rag_with_large_documents PASSED [ 11%]
tests/integration/test_rag_pipeline.py::TestRAGPipeline::test_rag_concurrent_ingestion PASSED [ 11%]
tests/integration/test_rag_pipeline.py::TestAgentOrchestration::test_orchestrator_routing_decision PASSED [ 11%]
tests/integration/test_rag_pipeline.py::TestAgentOrchestration::test_orchestrator_fallback_mechanism PASSED [ 11%]
tests/performance/test_api_response_times.py::TestAPIResponseTimes::test_health_check_response_time PASSED [ 11%]
tests/performance/test_api_response_times.py::TestAPIResponseTimes::test_root_endpoint_response_time PASSED [ 11%]
tests/performance/test_api_response_times.py::TestAPIResponseTimes::test_files_endpoint_response_time PASSED [ 11%]
tests/performance/test_api_response_times.py::TestAPIResponseTimes::test_agent_stats_response_time PASSED [ 11%]
tests/performance/test_api_response_times.py::TestAPIResponseTimes::test_performance_metrics_response_time PASSED [ 12%]
tests/performance/test_api_response_times.py::TestAPIResponseTimes::test_cache_warming_improves_response_time PASSED [ 12%]
tests/performance/test_api_response_times.py::TestAPIResponseTimes::test_response_time_consistency PASSED [ 12%]
tests/performance/test_api_response_times.py::TestEndToEndPerformance::test_complete_workflow_performance PASSED [ 12%]
tests/performance/test_cache_efficiency.py::TestCacheEfficiency::test_cache_hit_rate_simple_queries PASSED [ 12%]
tests/performance/test_cache_efficiency.py::TestCacheEfficiency::test_cache_speedup SKIPPED [ 12%]
tests/performance/test_cache_efficiency.py::TestCacheEfficiency::test_cache_size_management FAILED [ 12%]
tests/performance/test_cache_efficiency.py::TestCacheEfficiency::test_cache_ttl SKIPPED [ 12%]
tests/performance/test_cache_efficiency.py::TestCacheEfficiency::test_cache_warming PASSED [ 12%]
tests/performance/test_cache_efficiency.py::TestCacheEfficiency::test_vector_store_cache PASSED [ 13%]
tests/performance/test_cache_efficiency.py::TestCacheEfficiency::test_combined_cache_efficiency PASSED [ 13%]
tests/performance/test_cache_efficiency.py::TestCacheEfficiency::test_cache_clear_functionality PASSED [ 13%]
tests/performance/test_concurrent_requests.py::TestConcurrentRequests::test_low_concurrency_health_check PASSED [ 13%]
tests/performance/test_concurrent_requests.py::TestConcurrentRequests::test_medium_concurrency_health_check PASSED [ 13%]
tests/performance/test_concurrent_requests.py::TestConcurrentRequests::test_high_concurrency_health_check PASSED [ 13%]
tests/performance/test_concurrent_requests.py::TestConcurrentRequests::test_concurrent_mixed_endpoints PASSED [ 13%]
tests/performance/test_concurrent_requests.py::TestConcurrentRequests::test_sustained_load PASSED [ 13%]
tests/performance/test_concurrent_requests.py::TestConcurrentRequests::test_throughput PASSED [ 13%]
tests/performance/test_memory_usage.py::TestMemoryUsage::test_baseline_memory_usage PASSED [ 14%]
tests/performance/test_memory_usage.py::TestMemoryUsage::test_memory_usage_during_requests PASSED [ 14%]
tests/performance/test_memory_usage.py::TestMemoryUsage::test_memory_usage_with_cache PASSED [ 14%]
tests/performance/test_memory_usage.py::TestMemoryUsage::test_memory_leak_detection PASSED [ 14%]
tests/performance/test_memory_usage.py::TestMemoryUsage::test_memory_cleanup_after_cache_clear PASSED [ 14%]
tests/performance/test_memory_usage.py::TestMemoryUsage::test_memory_under_concurrent_load PASSED [ 14%]
tests/performance/test_memory_usage.py::TestMemoryUsage::test_system_memory_health PASSED [ 14%]
tests/test_agent.py::test_agent_initialization PASSED                    [ 14%]
tests/test_agent.py::test_agent_tools_integration PASSED                 [ 14%]
tests/test_agent_coordination.py::TestAgentSessions::test_create_agent_session PASSED [ 14%]
tests/test_agent_coordination.py::TestAgentSessions::test_get_agent_session PASSED [ 15%]
tests/test_agent_coordination.py::TestAgentSessions::test_list_active_sessions PASSED [ 15%]
tests/test_agent_coordination.py::TestAgentSessions::test_end_agent_session PASSED [ 15%]
tests/test_agent_coordination.py::TestAgentSessions::test_end_nonexistent_session PASSED [ 15%]
tests/test_agent_coordination.py::TestAgentHandoffs::test_handoff_agent PASSED [ 15%]
tests/test_agent_coordination.py::TestAgentHandoffs::test_get_handoff_history PASSED [ 15%]
tests/test_agent_coordination.py::TestAgentHandoffs::test_get_handoff_history_filtered PASSED [ 15%]
tests/test_agent_coordination.py::TestAgentHandoffs::test_get_handoff_history_with_limit PASSED [ 15%]
tests/test_agent_coordination.py::TestSharedContext::test_update_shared_context PASSED [ 15%]
tests/test_agent_coordination.py::TestSharedContext::test_get_shared_context_all PASSED [ 16%]
tests/test_agent_coordination.py::TestSharedContext::test_get_nonexistent_context_key PASSED [ 16%]
tests/test_agent_coordination.py::TestAgentRouting::test_route_to_best_agent_code_review PASSED [ 16%]
tests/test_agent_coordination.py::TestAgentRouting::test_route_to_best_agent_implementation PASSED [ 16%]
tests/test_agent_coordination.py::TestAgentRouting::test_route_to_best_agent_debugging PASSED [ 16%]
tests/test_agent_coordination.py::TestAgentRouting::test_route_to_best_agent_testing PASSED [ 16%]
tests/test_agent_coordination.py::TestAgentRouting::test_route_to_best_agent_architecture PASSED [ 16%]
tests/test_agent_coordination.py::TestAgentRouting::test_route_with_excluded_agents PASSED [ 16%]
tests/test_agent_coordination.py::TestAgentRouting::test_route_default_to_jules PASSED [ 16%]
tests/test_agent_coordination.py::TestCollaborativeProcessing::test_collaborative_process_sequential PASSED [ 17%]
tests/test_agent_coordination.py::TestCollaborativeProcessing::test_collaborative_process_parallel PASSED [ 17%]
tests/test_agent_coordination.py::TestAgentStats::test_get_agent_stats PASSED [ 17%]
tests/test_agent_coordination.py::TestAgentPriorities::test_jules_has_highest_priority PASSED [ 17%]
tests/test_agent_coordination.py::TestAgentPriorities::test_all_agents_have_priorities PASSED [ 17%]
tests/test_agent_coordination.py::TestDataClasses::test_agent_session_creation PASSED [ 17%]
tests/test_agent_coordination.py::TestDataClasses::test_agent_handoff_creation PASSED [ 17%]
tests/test_agent_coordination.py::TestEdgeCases::test_multiple_sessions_same_agent PASSED [ 17%]
tests/test_agent_coordination.py::TestEdgeCases::test_handoff_to_same_agent PASSED [ 17%]
tests/test_agent_coordination.py::TestEdgeCases::test_empty_context PASSED [ 18%]
tests/test_artifact_api.py::test_create_artifact PASSED                  [ 18%]
tests/test_artifact_api.py::test_create_artifact_minimal PASSED          [ 18%]
tests/test_artifact_api.py::test_create_artifact_invalid_base64 PASSED   [ 18%]
tests/test_artifact_api.py::test_create_artifact_file_too_large PASSED   [ 18%]
tests/test_artifact_api.py::test_get_artifact PASSED                     [ 18%]
tests/test_artifact_api.py::test_get_artifact_not_found PASSED           [ 18%]
tests/test_artifact_api.py::test_list_artifacts_empty PASSED             [ 18%]
tests/test_artifact_api.py::test_list_artifacts PASSED                   [ 18%]
tests/test_artifact_api.py::test_list_artifacts_pagination PASSED        [ 18%]
tests/test_artifact_api.py::test_list_artifacts_filter_by_type PASSED    [ 19%]
tests/test_artifact_api.py::test_list_artifacts_filter_by_agent PASSED   [ 19%]
tests/test_artifact_api.py::test_download_artifact PASSED                [ 19%]
tests/test_artifact_api.py::test_download_artifact_not_found PASSED      [ 19%]
tests/test_artifact_api.py::test_preview_artifact_text PASSED            [ 19%]
tests/test_artifact_api.py::test_preview_artifact_not_found PASSED       [ 19%]
tests/test_artifact_api.py::test_delete_artifact PASSED                  [ 19%]
tests/test_artifact_api.py::test_delete_artifact_not_found PASSED        [ 19%]
tests/test_artifact_api.py::test_search_artifacts FAILED                 [ 19%]
tests/test_artifact_api.py::test_search_artifacts_short_query FAILED     [ 20%]
tests/test_artifact_api.py::test_search_artifacts_by_description FAILED  [ 20%]
tests/test_artifact_api.py::test_get_artifact_stats FAILED               [ 20%]

================================== FAILURES ===================================
_______________ TestCacheEfficiency.test_cache_size_management ________________
tests\performance\test_cache_efficiency.py:185: in test_cache_size_management
    assert evictions > 0, \
E   AssertionError: No evictions occurred when cache should be full
E   assert 0 > 0
---------------------------- Captured stdout call -----------------------------
\n\U0001f4e6 Testing Cache Size Management...\n  Max cache size: 100\nConnection error, retrying (attempt 1)...\nConnection error, retrying (attempt 2)...\nConnection error, retrying (attempt 1)...\nConnection error, retrying (attempt 2)...\nConnection error, retrying (attempt 1)...\nConnection error, retrying (attempt 2)...\nConnection error, retrying (attempt 1)...\nConnection error, retrying (attempt 2)...\nConnection error, retrying (attempt 1)...\nConnection error, retrying (attempt 2)...\nConnection error, retrying (attempt 1)...\nConnection error, retrying (attempt 2)...\nConnection error, retrying (attempt 1)...\nConnection error, retrying (attempt 2)...\nConnection error, retrying (attempt 1)...\nConnection error, retrying (attempt 2)...\nConnection error, retrying (attempt 1)...\nConnection error, retrying (attempt 2)...\nConnection error, retrying (attempt 1)...\nConnection error, retrying (attempt 2)...\nConnection error, retrying (attempt 1)...\nConnection error, retrying (attempt 2)...\nConnection error, retrying (attempt 1)...\nConnection error, retrying (attempt 2)...\nConnection error, retrying (attempt 1)...\nConnection error, retrying (attempt 2)...\nConnection error, retrying (attempt 1)...\nConnection error, retrying (attempt 2)...\nConnection error, retrying (attempt 1)...\nConnection error, retrying (attempt 2)...\nConnection error, retrying (attempt 1)...\nConnection error, retrying (attempt 2)...\nConnection error, retrying (attempt 1)...\nConnection error, retrying (attempt 2)...\nConnection error, retrying (attempt 1)...\nConnection error, retrying (attempt 2)...\nConnection error, retrying (attempt 1)...\nConnection error, retrying (attempt 2)...\nConnection error, retrying (attempt 1)...\nConnection error, retrying (attempt 2)...\nConnection error, retrying (attempt 1)...\nConnection error, retrying (attempt 2)...\nConnection error, retrying (attempt 1)...\nConnection error, retrying (attempt 2)...\nConnection error, retrying (attempt 1)...\nConnection error, retrying (attempt 2)...\nConnection error, retrying (attempt 1)...\nConnection error, retrying (attempt 2)...\nConnection error, retrying (attempt 1)...\nConnection error, retrying (attempt 2)...\nConnection error, retrying (attempt 1)...\nConnection error, retrying (attempt 2)...\nConnection error, retrying (attempt 1)...\nConnection error, retrying (attempt 2)...\nConnection error, retrying (attempt 1)...\nConnection error, retrying (attempt 2)...\nConnection error, retrying (attempt 1)...\nConnection error, retrying (attempt 2)...\nConnection error, retrying (attempt 1)...\nConnection error, retrying (attempt 2)...\nConnection error, retrying (attempt 1)...\nConnection error, retrying (attempt 2)...\nConnection error, retrying (attempt 1)...\nConnection error, retrying (attempt 2)...\nConnection error, retrying (attempt 1)...\nConnection error, retrying (attempt 2)...\nConnection error, retrying (attempt 1)...\nConnection error, retrying (attempt 2)...\nConnection error, retrying (attempt 1)...\nConnection error, retrying (attempt 2)...\nConnection error, retrying (attempt 1)...\nConnection error, retrying (attempt 2)...\nConnection error, retrying (attempt 1)...\nConnection error, retrying (attempt 2)...\nConnection error, retrying (attempt 1)...\nConnection error, retrying (attempt 2)...\nConnection error, retrying (attempt 1)...\nConnection error, retrying (attempt 2)...\nConnection error, retrying (attempt 1)...\nConnection error, retrying (attempt 2)...\nConnection error, retrying (attempt 1)...\nConnection error, retrying (attempt 2)...\nConnection error, retrying (attempt 1)...\nConnection error, retrying (attempt 2)...\nCleaned up 6 expired cache entries\nConnection error, retrying (attempt 1)...\nConnection error, retrying (attempt 2)...\nConnection error, retrying (attempt 1)...\nConnection error, retrying (attempt 2)...\nConnection error, retrying (attempt 1)...\nConnection error, retrying (attempt 2)...\nConnection error, retrying (attempt 1)...\nConnection error, retrying (attempt 2)...\nConnection error, retrying (attempt 1)...\nConnection error, retrying (attempt 2)...\nConnection error, retrying (attempt 1)...\nConnection error, retrying (attempt 2)...\nConnection error, retrying (attempt 1)...\nConnection error, retrying (attempt 2)...\nConnection error, retrying (attempt 1)...\nConnection error, retrying (attempt 2)...\nCleaned up 8 expired cache entries\nConnection error, retrying (attempt 1)...\nConnection error, retrying (attempt 2)...\nConnection error, retrying (attempt 1)...\nConnection error, retrying (attempt 2)...\nConnection error, retrying (attempt 1)...\nConnection error, retrying (attempt 2)...\nConnection error, retrying (attempt 1)...\nConnection error, retrying (attempt 2)...\nConnection error, retrying (attempt 1)...\nConnection error, retrying (attempt 2)...\nConnection error, retrying (attempt 1)...\nConnection error, retrying (attempt 2)...\nConnection error, retrying (attempt 1)...\nConnection error, retrying (attempt 2)...\nConnection error, retrying (attempt 1)...\nConnection error, retrying (attempt 2)...\nCleaned up 8 expired cache entries\nConnection error, retrying (attempt 1)...\nConnection error, retrying (attempt 2)...\nConnection error, retrying (attempt 1)...\nConnection error, retrying (attempt 2)...\nConnection error, retrying (attempt 1)...\nConnection error, retrying (attempt 2)...\nConnection error, retrying (attempt 1)...\nConnection error, retrying (attempt 2)...\nConnection error, retrying (attempt 1)...\nConnection error, retrying (attempt 2)...\nConnection error, retrying (attempt 1)...\nConnection error, retrying (attempt 2)...\nConnection error, retrying (attempt 1)...\nConnection error, retrying (attempt 2)...\nConnection error, retrying (attempt 1)...\nConnection error, retrying (attempt 2)...\nCleaned up 8 expired cache entries\nConnection error, retrying (attempt 1)...\nConnection error, retrying (attempt 2)...\nConnection error, retrying (attempt 1)...\nConnection error, retrying (attempt 2)...\nConnection error, retrying (attempt 1)...\nConnection error, retrying (attempt 2)...\nConnection error, retrying (attempt 1)...\nConnection error, retrying (attempt 2)...\nConnection error, retrying (attempt 1)...\nConnection error, retrying (attempt 2)...\nConnection error, retrying (attempt 1)...\nConnection error, retrying (attempt 2)...\nConnection error, retrying (attempt 1)...\nConnection error, retrying (attempt 2)...\nConnection error, retrying (attempt 1)...\nConnection error, retrying (attempt 2)...\nCleaned up 8 expired cache entries\nConnection error, retrying (attempt 1)...\nConnection error, retrying (attempt 2)...\nConnection error, retrying (attempt 1)...\nConnection error, retrying (attempt 2)...\nConnection error, retrying (attempt 1)...\nConnection error, retrying (attempt 2)...\nConnection error, retrying (attempt 1)...\nConnection error, retrying (attempt 2)...\nConnection error, retrying (attempt 1)...\nConnection error, retrying (attempt 2)...\nConnection error, retrying (attempt 1)...\nConnection error, retrying (attempt 2)...\nConnection error, retrying (attempt 1)...\nConnection error, retrying (attempt 2)...\nConnection error, retrying (attempt 1)...\nConnection error, retrying (attempt 2)...\nCleaned up 8 expired cache entries\nConnection error, retrying (attempt 1)...\nConnection error, retrying (attempt 2)...\nConnection error, retrying (attempt 1)...\nConnection error, retrying (attempt 2)...\nConnection error, retrying (attempt 1)...\nConnection error, retrying (attempt 2)...\nConnection error, retrying (attempt 1)...\nConnection error, retrying (attempt 2)...\nConnection error, retrying (attempt 1)...\nConnection error, retrying (attempt 2)...\nConnection error, retrying (attempt 1)...\nConnection error, retrying (attempt 2)...\nConnection error, retrying (attempt 1)...\nConnection error, retrying (attempt 2)...\nConnection error, retrying (attempt 1)...\nConnection error, retrying (attempt 2)...\nCleaned up 8 expired cache entries\nConnection error, retrying (attempt 1)...\nConnection error, retrying (attempt 2)...\nConnection error, retrying (attempt 1)...\nConnection error, retrying (attempt 2)...\nConnection error, retrying (attempt 1)...\nConnection error, retrying (attempt 2)...\nConnection error, retrying (attempt 1)...\nConnection error, retrying (attempt 2)...\nConnection error, retrying (attempt 1)...\nConnection error, retrying (attempt 2)...\nConnection error, retrying (attempt 1)...\nConnection error, retrying (attempt 2)...\nConnection error, retrying (attempt 1)...\nConnection error, retrying (attempt 2)...\nConnection error, retrying (attempt 1)...\nConnection error, retrying (attempt 2)...\nCleaned up 8 expired cache entries\nConnection error, retrying (attempt 1)...\nConnection error, retrying (attempt 2)...\nConnection error, retrying (attempt 1)...\nConnection error, retrying (attempt 2)...\nConnection error, retrying (attempt 1)...\nConnection error, retrying (attempt 2)...\nConnection error, retrying (attempt 1)...\nConnection error, retrying (attempt 2)...\nConnection error, retrying (attempt 1)...\nConnection error, retrying (attempt 2)...\nConnection error, retrying (attempt 1)...\nConnection error, retrying (attempt 2)...\nConnection error, retrying (attempt 1)...\nConnection error, retrying (attempt 2)...\nConnection error, retrying (attempt 1)...\nConnection error, retrying (attempt 2)...\nCleaned up 8 expired cache entries\nConnection error, retrying (attempt 1)...\nConnection error, retrying (attempt 2)...\nConnection error, retrying (attempt 1)...\nConnection error, retrying (attempt 2)...\nConnection error, retrying (attempt 1)...\nConnection error, retrying (attempt 2)...\nConnection error, retrying (attempt 1)...\nConnection error, retrying (attempt 2)...\nConnection error, retrying (attempt 1)...\nConnection error, retrying (attempt 2)...\nConnection error, retrying (attempt 1)...\nConnection error, retrying (attempt 2)...\nConnection error, retrying (attempt 1)...\nConnection error, retrying (attempt 2)...\nConnection error, retrying (attempt 1)...\nConnection error, retrying (attempt 2)...\nCleaned up 8 expired cache entries\nConnection error, retrying (attempt 1)...\nConnection error, retrying (attempt 2)...\nConnection error, retrying (attempt 1)...\nConnection error, retrying (attempt 2)...\nConnection error, retrying (attempt 1)...\nConnection error, retrying (attempt 2)...\nConnection error, retrying (attempt 1)...\nConnection error, retrying (attempt 2)...\nConnection error, retrying (attempt 1)...\nConnection error, retrying (attempt 2)...\nConnection error, retrying (attempt 1)...\nConnection error, retrying (attempt 2)...\n  Final cache size: 42\n  Evictions: 0
____________________________ test_search_artifacts ____________________________
tests\test_artifact_api.py:327: in test_search_artifacts
    assert response.status_code == 200
E   assert 404 == 200
E    +  where 404 = <Response [404 Not Found]>.status_code
------------------------------ Captured log call ------------------------------
WARNING  backend.artifact_manager:artifact_manager.py:239 Artifact not found: search
______________________ test_search_artifacts_short_query ______________________
tests\test_artifact_api.py:337: in test_search_artifacts_short_query
    assert response.status_code == 400
E   assert 404 == 400
E    +  where 404 = <Response [404 Not Found]>.status_code
------------------------------ Captured log call ------------------------------
WARNING  backend.artifact_manager:artifact_manager.py:239 Artifact not found: search
____________________ test_search_artifacts_by_description _____________________
tests\test_artifact_api.py:352: in test_search_artifacts_by_description
    assert response.status_code == 200
E   assert 404 == 200
E    +  where 404 = <Response [404 Not Found]>.status_code
------------------------------ Captured log call ------------------------------
WARNING  backend.artifact_manager:artifact_manager.py:239 Artifact not found: search
___________________________ test_get_artifact_stats ___________________________
tests\test_artifact_api.py:370: in test_get_artifact_stats
    assert response.status_code == 200
E   assert 404 == 200
E    +  where 404 = <Response [404 Not Found]>.status_code
------------------------------ Captured log call ------------------------------
WARNING  backend.artifact_manager:artifact_manager.py:239 Artifact not found: stats
============================== warnings summary ===============================
backend\agent\gemini_client.py:1
  C:\anti\antigravity-workspace-template\backend\agent\gemini_client.py:1: FutureWarning: 
  
  All support for the `google.generativeai` package has ended. It will no longer be receiving 
  updates or bug fixes. Please switch to the `google.genai` package as soon as possible.
  See README for more details:
  
  https://github.com/google-gemini/deprecated-generative-ai-python/blob/main/README.md
  
    import google.generativeai as genai

..\..\Users\LocalAdminUser\AppData\Roaming\Python\Python314\site-packages\slowapi\extension.py:717: 128 warnings
  C:\Users\LocalAdminUser\AppData\Roaming\Python\Python314\site-packages\slowapi\extension.py:717: DeprecationWarning: 'asyncio.iscoroutinefunction' is deprecated and slated for removal in Python 3.16; use inspect.iscoroutinefunction() instead
    if asyncio.iscoroutinefunction(func):

backend\utils\performance.py:773
backend\utils\performance.py:773
tests/e2e/test_complete_workflow.py::TestCompleteWorkflow::test_system_health_monitoring
tests/integration/test_api_endpoints.py::TestPerformanceEndpoints::test_performance_health_endpoint
tests/integration/test_api_endpoints.py::TestPerformanceEndpoints::test_performance_metrics_endpoint
tests/integration/test_api_endpoints.py::TestPerformanceEndpoints::test_performance_summary_endpoint
tests/integration/test_api_endpoints.py::TestPerformanceEndpoints::test_performance_analysis_endpoint
tests/integration/test_api_endpoints.py::TestPerformanceEndpoints::test_performance_report_endpoint
  C:\anti\antigravity-workspace-template\backend\utils\performance.py:773: DeprecationWarning: 
          on_event is deprecated, use lifespan event handlers instead.
  
          Read more about it in the
          [FastAPI docs for Lifespan Events](https://fastapi.tiangolo.com/advanced/events/).
          
    @app.on_event("startup")

..\..\Python314\Lib\site-packages\fastapi\applications.py:4576: 4 warnings
tests/e2e/test_complete_workflow.py: 2 warnings
tests/integration/test_api_endpoints.py: 10 warnings
  C:\Python314\Lib\site-packages\fastapi\applications.py:4576: DeprecationWarning: 
          on_event is deprecated, use lifespan event handlers instead.
  
          Read more about it in the
          [FastAPI docs for Lifespan Events](https://fastapi.tiangolo.com/advanced/events/).
          
    return self.router.on_event(event_type)

backend\utils\performance.py:778
backend\utils\performance.py:778
tests/e2e/test_complete_workflow.py::TestCompleteWorkflow::test_system_health_monitoring
tests/integration/test_api_endpoints.py::TestPerformanceEndpoints::test_performance_health_endpoint
tests/integration/test_api_endpoints.py::TestPerformanceEndpoints::test_performance_metrics_endpoint
tests/integration/test_api_endpoints.py::TestPerformanceEndpoints::test_performance_summary_endpoint
tests/integration/test_api_endpoints.py::TestPerformanceEndpoints::test_performance_analysis_endpoint
tests/integration/test_api_endpoints.py::TestPerformanceEndpoints::test_performance_report_endpoint
  C:\anti\antigravity-workspace-template\backend\utils\performance.py:778: DeprecationWarning: 
          on_event is deprecated, use lifespan event handlers instead.
  
          Read more about it in the
          [FastAPI docs for Lifespan Events](https://fastapi.tiangolo.com/advanced/events/).
          
    @app.on_event("shutdown")

tests/e2e/test_complete_workflow.py: 1 warning
tests/integration/test_api_endpoints.py: 4 warnings
tests/performance/test_api_response_times.py: 15 warnings
tests/performance/test_concurrent_requests.py: 10 warnings
  C:\anti\antigravity-workspace-template\backend\utils\performance.py:377: DeprecationWarning: datetime.datetime.utcnow() is deprecated and scheduled for removal in a future version. Use timezone-aware objects to represent datetimes in UTC: datetime.datetime.now(datetime.UTC).
    timestamp=datetime.utcnow().isoformat(),

tests/integration/test_api_endpoints.py: 1 warning
tests/performance/test_api_response_times.py: 15 warnings
tests/performance/test_concurrent_requests.py: 10 warnings
  C:\anti\antigravity-workspace-template\backend\utils\performance.py:223: DeprecationWarning: datetime.datetime.utcnow() is deprecated and scheduled for removal in a future version. Use timezone-aware objects to represent datetimes in UTC: datetime.datetime.now(datetime.UTC).
    one_minute_ago = (datetime.utcnow() - timedelta(minutes=1)).isoformat()

tests/integration/test_api_endpoints.py::TestPerformanceEndpoints::test_performance_analysis_endpoint
tests/integration/test_api_endpoints.py::TestPerformanceEndpoints::test_performance_report_endpoint
  C:\anti\antigravity-workspace-template\backend\utils\performance.py:607: DeprecationWarning: datetime.datetime.utcnow() is deprecated and scheduled for removal in a future version. Use timezone-aware objects to represent datetimes in UTC: datetime.datetime.now(datetime.UTC).
    'timestamp': datetime.utcnow().isoformat()

tests/test_artifact_api.py: 24 warnings
  C:\anti\antigravity-workspace-template\backend\artifact_manager.py:179: DeprecationWarning: datetime.datetime.utcnow() is deprecated and scheduled for removal in a future version. Use timezone-aware objects to represent datetimes in UTC: datetime.datetime.now(datetime.UTC).
    timestamp = datetime.utcnow().isoformat()

-- Docs: https://docs.pytest.org/en/stable/how-to/capture-warnings.html
=========================== short test summary info ===========================
SKIPPED [1] tests\config\test_configuration_validation.py:509: Skipping bash syntax check on Windows
SKIPPED [1] tests\config\test_setup_scripts.py:130: Skipping bash syntax check on Windows
SKIPPED [1] tests\config\test_setup_scripts.py:205: Skipping bash syntax check on Windows
SKIPPED [1] tests\config\test_setup_scripts.py:289: Skipping bash syntax check on Windows
SKIPPED [1] tests\config\test_setup_scripts.py:385: Skipping bash syntax check on Windows
SKIPPED [1] tests\config\test_setup_scripts.py:458: Skipping bash syntax check on Windows
SKIPPED [1] tests\performance\test_cache_efficiency.py:110: LLM not available
SKIPPED [1] tests\performance\test_cache_efficiency.py:213: LLM not available
FAILED tests/performance/test_cache_efficiency.py::TestCacheEfficiency::test_cache_size_management
FAILED tests/test_artifact_api.py::test_search_artifacts - assert 404 == 200
FAILED tests/test_artifact_api.py::test_search_artifacts_short_query - assert...
FAILED tests/test_artifact_api.py::test_search_artifacts_by_description - ass...
FAILED tests/test_artifact_api.py::test_get_artifact_stats - assert 404 == 200
!!!!!!!!!!!!!!!!!!!!!!!!!! stopping after 5 failures !!!!!!!!!!!!!!!!!!!!!!!!!!
===== 5 failed, 175 passed, 8 skipped, 243 warnings in 1165.14s (0:19:25) =====
